{"C:\\Users\\pedrohpsantos\\Documents\\EdTech\\frontend\\src\\components\\AuthLayout.tsx": {"path":"C:\\Users\\pedrohpsantos\\Documents\\EdTech\\frontend\\src\\components\\AuthLayout.tsx","statementMap":{"0":{"start":{"line":9,"column":50},"end":{"line":9,"column":null}},"1":{"start":{"line":11,"column":25},"end":{"line":14,"column":null}},"2":{"start":{"line":16,"column":25},"end":{"line":19,"column":null}},"3":{"start":{"line":21,"column":4},"end":{"line":115,"column":null}}},"fnMap":{"0":{"name":"AuthLayout","decl":{"start":{"line":8,"column":24},"end":{"line":8,"column":35}},"loc":{"start":{"line":8,"column":124},"end":{"line":117,"column":null}},"line":8}},"branchMap":{"0":{"loc":{"start":{"line":25,"column":24},"end":{"line":25,"column":null}},"type":"cond-expr","locations":[{"start":{"line":25,"column":42},"end":{"line":25,"column":48}},{"start":{"line":25,"column":48},"end":{"line":25,"column":null}}],"line":25},"1":{"loc":{"start":{"line":26,"column":24},"end":{"line":26,"column":null}},"type":"cond-expr","locations":[{"start":{"line":26,"column":42},"end":{"line":26,"column":80}},{"start":{"line":26,"column":80},"end":{"line":26,"column":null}}],"line":26}},"s":{"0":60,"1":60,"2":60,"3":60},"f":{"0":60},"b":{"0":[0,60],"1":[0,60]},"meta":{"lastBranch":2,"lastFunction":1,"lastStatement":4,"seen":{"f:8:24:8:35":0,"s:9:50:9:Infinity":0,"s:11:25:14:Infinity":1,"s:16:25:19:Infinity":2,"s:21:4:115:Infinity":3,"b:25:42:25:48:25:48:25:Infinity":0,"b:26:42:26:80:26:80:26:Infinity":1},"fnNames":{}}}
,"C:\\Users\\pedrohpsantos\\Documents\\EdTech\\frontend\\src\\components\\NetworkBackground.jsx": {"path":"C:\\Users\\pedrohpsantos\\Documents\\EdTech\\frontend\\src\\components\\NetworkBackground.jsx","statementMap":{"0":{"start":{"line":3,"column":6},"end":{"line":60,"column":null}},"1":{"start":{"line":4,"column":2},"end":{"line":58,"column":null}}},"fnMap":{"0":{"name":"(anonymous_0)","decl":{"start":{"line":3,"column":6},"end":{"line":3,"column":27}},"loc":{"start":{"line":3,"column":48},"end":{"line":60,"column":null}},"line":3}},"branchMap":{"0":{"loc":{"start":{"line":8,"column":36},"end":{"line":8,"column":64}},"type":"cond-expr","locations":[{"start":{"line":8,"column":51},"end":{"line":8,"column":58}},{"start":{"line":8,"column":58},"end":{"line":8,"column":64}}],"line":8}},"s":{"0":1,"1":60},"f":{"0":60},"b":{"0":[0,60]},"meta":{"lastBranch":1,"lastFunction":1,"lastStatement":2,"seen":{"s:3:6:60:Infinity":0,"f:3:6:3:27":0,"s:4:2:58:Infinity":1,"b:8:51:8:58:8:58:8:64":0},"fnNames":{}}}
,"C:\\Users\\pedrohpsantos\\Documents\\EdTech\\frontend\\src\\components\\networkBackground.module.css": {"path":"C:\\Users\\pedrohpsantos\\Documents\\EdTech\\frontend\\src\\components\\networkBackground.module.css","statementMap":{},"fnMap":{},"branchMap":{},"s":{},"f":{},"b":{},"meta":{"lastBranch":0,"lastFunction":0,"lastStatement":0,"seen":{},"fnNames":{}}}
,"C:\\Users\\pedrohpsantos\\Documents\\EdTech\\frontend\\src\\components\\themeToggle.module.css": {"path":"C:\\Users\\pedrohpsantos\\Documents\\EdTech\\frontend\\src\\components\\themeToggle.module.css","statementMap":{},"fnMap":{},"branchMap":{},"s":{},"f":{},"b":{},"meta":{"lastBranch":0,"lastFunction":0,"lastStatement":0,"seen":{},"fnNames":{}}}
,"C:\\Users\\pedrohpsantos\\Documents\\EdTech\\frontend\\src\\components\\themeToggle.tsx": {"path":"C:\\Users\\pedrohpsantos\\Documents\\EdTech\\frontend\\src\\components\\themeToggle.tsx","statementMap":{"0":{"start":{"line":5,"column":18},"end":{"line":5,"column":null}},"1":{"start":{"line":6,"column":4},"end":{"line":14,"column":null}}},"fnMap":{"0":{"name":"ThemeToggle","decl":{"start":{"line":4,"column":9},"end":{"line":4,"column":23}},"loc":{"start":{"line":4,"column":23},"end":{"line":16,"column":null}},"line":4}},"branchMap":{"0":{"loc":{"start":{"line":13,"column":13},"end":{"line":13,"column":null}},"type":"cond-expr","locations":[{"start":{"line":13,"column":31},"end":{"line":13,"column":101}},{"start":{"line":13,"column":100},"end":{"line":13,"column":null}}],"line":13}},"s":{"0":60,"1":60},"f":{"0":60},"b":{"0":[0,60]},"meta":{"lastBranch":1,"lastFunction":1,"lastStatement":2,"seen":{"f:4:9:4:23":0,"s:5:18:5:Infinity":0,"s:6:4:14:Infinity":1,"b:13:31:13:101:13:100:13:Infinity":0},"fnNames":{}}}
,"C:\\Users\\pedrohpsantos\\Documents\\EdTech\\frontend\\src\\context\\authContext.tsx": {"path":"C:\\Users\\pedrohpsantos\\Documents\\EdTech\\frontend\\src\\context\\authContext.tsx","statementMap":{"0":{"start":{"line":16,"column":6},"end":{"line":16,"column":null}},"1":{"start":{"line":19,"column":17},"end":{"line":19,"column":null}},"2":{"start":{"line":20,"column":28},"end":{"line":20,"column":null}},"3":{"start":{"line":21,"column":22},"end":{"line":21,"column":null}},"4":{"start":{"line":22,"column":22},"end":{"line":38,"column":null}},"5":{"start":{"line":23,"column":8},"end":{"line":37,"column":null}},"6":{"start":{"line":24,"column":30},"end":{"line":24,"column":null}},"7":{"start":{"line":25,"column":12},"end":{"line":31,"column":null}},"8":{"start":{"line":26,"column":16},"end":{"line":26,"column":null}},"9":{"start":{"line":27,"column":16},"end":{"line":27,"column":null}},"10":{"start":{"line":29,"column":16},"end":{"line":29,"column":null}},"11":{"start":{"line":30,"column":16},"end":{"line":30,"column":null}},"12":{"start":{"line":33,"column":12},"end":{"line":33,"column":null}},"13":{"start":{"line":34,"column":12},"end":{"line":34,"column":null}},"14":{"start":{"line":36,"column":12},"end":{"line":36,"column":null}},"15":{"start":{"line":40,"column":24},"end":{"line":54,"column":null}},"16":{"start":{"line":41,"column":8},"end":{"line":53,"column":null}},"17":{"start":{"line":42,"column":30},"end":{"line":42,"column":null}},"18":{"start":{"line":43,"column":12},"end":{"line":46,"column":null}},"19":{"start":{"line":44,"column":16},"end":{"line":44,"column":null}},"20":{"start":{"line":45,"column":16},"end":{"line":45,"column":null}},"21":{"start":{"line":47,"column":12},"end":{"line":47,"column":null}},"22":{"start":{"line":50,"column":12},"end":{"line":50,"column":null}},"23":{"start":{"line":51,"column":12},"end":{"line":51,"column":null}},"24":{"start":{"line":52,"column":12},"end":{"line":52,"column":null}},"25":{"start":{"line":55,"column":25},"end":{"line":59,"column":null}},"26":{"start":{"line":56,"column":8},"end":{"line":56,"column":null}},"27":{"start":{"line":57,"column":8},"end":{"line":57,"column":null}},"28":{"start":{"line":58,"column":8},"end":{"line":58,"column":null}},"29":{"start":{"line":60,"column":27},"end":{"line":63,"column":null}},"30":{"start":{"line":61,"column":26},"end":{"line":61,"column":null}},"31":{"start":{"line":62,"column":8},"end":{"line":62,"column":null}},"32":{"start":{"line":64,"column":4},"end":{"line":67,"column":null}},"33":{"start":{"line":66,"column":8},"end":{"line":66,"column":null}},"34":{"start":{"line":68,"column":4},"end":{"line":71,"column":null}},"35":{"start":{"line":76,"column":13},"end":{"line":82,"column":null}},"36":{"start":{"line":77,"column":10},"end":{"line":77,"column":null}},"37":{"start":{"line":78,"column":4},"end":{"line":80,"column":null}},"38":{"start":{"line":79,"column":8},"end":{"line":79,"column":null}},"39":{"start":{"line":81,"column":4},"end":{"line":81,"column":null}}},"fnMap":{"0":{"name":"AuthProvider","decl":{"start":{"line":18,"column":16},"end":{"line":18,"column":29}},"loc":{"start":{"line":18,"column":68},"end":{"line":73,"column":null}},"line":18},"1":{"name":"(anonymous_1)","decl":{"start":{"line":22,"column":22},"end":{"line":22,"column":34}},"loc":{"start":{"line":22,"column":34},"end":{"line":38,"column":null}},"line":22},"2":{"name":"(anonymous_2)","decl":{"start":{"line":40,"column":24},"end":{"line":40,"column":31}},"loc":{"start":{"line":40,"column":91},"end":{"line":54,"column":null}},"line":40},"3":{"name":"(anonymous_3)","decl":{"start":{"line":55,"column":25},"end":{"line":55,"column":52}},"loc":{"start":{"line":55,"column":52},"end":{"line":59,"column":null}},"line":55},"4":{"name":"(anonymous_4)","decl":{"start":{"line":60,"column":27},"end":{"line":60,"column":34}},"loc":{"start":{"line":60,"column":108},"end":{"line":63,"column":null}},"line":60},"5":{"name":"(anonymous_5)","decl":{"start":{"line":64,"column":4},"end":{"line":64,"column":19}},"loc":{"start":{"line":64,"column":19},"end":{"line":67,"column":6}},"line":64},"6":{"name":"(anonymous_6)","decl":{"start":{"line":76,"column":13},"end":{"line":76,"column":29}},"loc":{"start":{"line":76,"column":29},"end":{"line":82,"column":null}},"line":76}},"branchMap":{"0":{"loc":{"start":{"line":25,"column":12},"end":{"line":31,"column":null}},"type":"if","locations":[{"start":{"line":25,"column":12},"end":{"line":31,"column":null}},{"start":{"line":28,"column":19},"end":{"line":31,"column":null}}],"line":25},"1":{"loc":{"start":{"line":25,"column":16},"end":{"line":25,"column":54}},"type":"binary-expr","locations":[{"start":{"line":25,"column":16},"end":{"line":25,"column":37}},{"start":{"line":25,"column":37},"end":{"line":25,"column":54}}],"line":25},"2":{"loc":{"start":{"line":43,"column":12},"end":{"line":46,"column":null}},"type":"if","locations":[{"start":{"line":43,"column":12},"end":{"line":46,"column":null}},{"start":{},"end":{}}],"line":43},"3":{"loc":{"start":{"line":43,"column":15},"end":{"line":43,"column":60}},"type":"binary-expr","locations":[{"start":{"line":43,"column":15},"end":{"line":43,"column":44}},{"start":{"line":43,"column":44},"end":{"line":43,"column":60}}],"line":43},"4":{"loc":{"start":{"line":78,"column":4},"end":{"line":80,"column":null}},"type":"if","locations":[{"start":{"line":78,"column":4},"end":{"line":80,"column":null}},{"start":{},"end":{}}],"line":78}},"s":{"0":1,"1":12,"2":12,"3":12,"4":12,"5":5,"6":5,"7":5,"8":2,"9":2,"10":3,"11":3,"12":0,"13":0,"14":5,"15":12,"16":1,"17":1,"18":1,"19":1,"20":1,"21":1,"22":0,"23":0,"24":0,"25":12,"26":1,"27":1,"28":1,"29":12,"30":1,"31":1,"32":12,"33":5,"34":12,"35":1,"36":12,"37":12,"38":0,"39":12},"f":{"0":12,"1":5,"2":1,"3":1,"4":1,"5":5,"6":12},"b":{"0":[2,3],"1":[5,2],"2":[1,0],"3":[1,1],"4":[0,12]},"meta":{"lastBranch":5,"lastFunction":7,"lastStatement":40,"seen":{"s:16:6:16:Infinity":0,"f:18:16:18:29":0,"s:19:17:19:Infinity":1,"s:20:28:20:Infinity":2,"s:21:22:21:Infinity":3,"s:22:22:38:Infinity":4,"f:22:22:22:34":1,"s:23:8:37:Infinity":5,"s:24:30:24:Infinity":6,"b:25:12:31:Infinity:28:19:31:Infinity":0,"s:25:12:31:Infinity":7,"b:25:16:25:37:25:37:25:54":1,"s:26:16:26:Infinity":8,"s:27:16:27:Infinity":9,"s:29:16:29:Infinity":10,"s:30:16:30:Infinity":11,"s:33:12:33:Infinity":12,"s:34:12:34:Infinity":13,"s:36:12:36:Infinity":14,"s:40:24:54:Infinity":15,"f:40:24:40:31":2,"s:41:8:53:Infinity":16,"s:42:30:42:Infinity":17,"b:43:12:46:Infinity:undefined:undefined:undefined:undefined":2,"s:43:12:46:Infinity":18,"b:43:15:43:44:43:44:43:60":3,"s:44:16:44:Infinity":19,"s:45:16:45:Infinity":20,"s:47:12:47:Infinity":21,"s:50:12:50:Infinity":22,"s:51:12:51:Infinity":23,"s:52:12:52:Infinity":24,"s:55:25:59:Infinity":25,"f:55:25:55:52":3,"s:56:8:56:Infinity":26,"s:57:8:57:Infinity":27,"s:58:8:58:Infinity":28,"s:60:27:63:Infinity":29,"f:60:27:60:34":4,"s:61:26:61:Infinity":30,"s:62:8:62:Infinity":31,"s:64:4:67:Infinity":32,"f:64:4:64:19":5,"s:66:8:66:Infinity":33,"s:68:4:71:Infinity":34,"s:76:13:82:Infinity":35,"f:76:13:76:29":6,"s:77:10:77:Infinity":36,"b:78:4:80:Infinity:undefined:undefined:undefined:undefined":4,"s:78:4:80:Infinity":37,"s:79:8:79:Infinity":38,"s:81:4:81:Infinity":39},"fnNames":{}}}
,"C:\\Users\\pedrohpsantos\\Documents\\EdTech\\frontend\\src\\hooks\\useEasterEggs.js": {"path":"C:\\Users\\pedrohpsantos\\Documents\\EdTech\\frontend\\src\\hooks\\useEasterEggs.js","statementMap":{"0":{"start":{"line":3,"column":20},"end":{"line":7,"column":null}},"1":{"start":{"line":10,"column":26},"end":{"line":10,"column":null}},"2":{"start":{"line":11,"column":30},"end":{"line":11,"column":null}},"3":{"start":{"line":12,"column":11},"end":{"line":12,"column":null}},"4":{"start":{"line":13,"column":11},"end":{"line":13,"column":null}},"5":{"start":{"line":15,"column":8},"end":{"line":15,"column":null}},"6":{"start":{"line":16,"column":8},"end":{"line":16,"column":null}},"7":{"start":{"line":19,"column":2},"end":{"line":42,"column":null}},"8":{"start":{"line":20,"column":10},"end":{"line":38,"column":null}},"9":{"start":{"line":21,"column":6},"end":{"line":37,"column":null}},"10":{"start":{"line":22,"column":24},"end":{"line":22,"column":null}},"11":{"start":{"line":25,"column":24},"end":{"line":27,"column":null}},"12":{"start":{"line":26,"column":10},"end":{"line":26,"column":null}},"13":{"start":{"line":29,"column":8},"end":{"line":34,"column":null}},"14":{"start":{"line":30,"column":10},"end":{"line":30,"column":null}},"15":{"start":{"line":32,"column":10},"end":{"line":32,"column":null}},"16":{"start":{"line":32,"column":27},"end":{"line":32,"column":54}},"17":{"start":{"line":33,"column":10},"end":{"line":33,"column":null}},"18":{"start":{"line":36,"column":8},"end":{"line":36,"column":null}},"19":{"start":{"line":40,"column":4},"end":{"line":40,"column":null}},"20":{"start":{"line":41,"column":4},"end":{"line":41,"column":null}},"21":{"start":{"line":41,"column":17},"end":{"line":41,"column":null}},"22":{"start":{"line":45,"column":8},"end":{"line":76,"column":null}},"23":{"start":{"line":46,"column":4},"end":{"line":46,"column":null}},"24":{"start":{"line":46,"column":29},"end":{"line":46,"column":null}},"25":{"start":{"line":48,"column":4},"end":{"line":75,"column":null}},"26":{"start":{"line":49,"column":25},"end":{"line":49,"column":null}},"27":{"start":{"line":52,"column":6},"end":{"line":52,"column":null}},"28":{"start":{"line":52,"column":35},"end":{"line":52,"column":null}},"29":{"start":{"line":54,"column":6},"end":{"line":74,"column":null}},"30":{"start":{"line":55,"column":8},"end":{"line":55,"column":null}},"31":{"start":{"line":56,"column":8},"end":{"line":56,"column":null}},"32":{"start":{"line":56,"column":42},"end":{"line":56,"column":null}},"33":{"start":{"line":57,"column":8},"end":{"line":60,"column":null}},"34":{"start":{"line":58,"column":10},"end":{"line":58,"column":null}},"35":{"start":{"line":59,"column":10},"end":{"line":59,"column":null}},"36":{"start":{"line":61,"column":8},"end":{"line":61,"column":null}},"37":{"start":{"line":65,"column":8},"end":{"line":72,"column":null}},"38":{"start":{"line":66,"column":10},"end":{"line":71,"column":null}},"39":{"start":{"line":67,"column":14},"end":{"line":69,"column":null}},"40":{"start":{"line":68,"column":18},"end":{"line":68,"column":null}},"41":{"start":{"line":70,"column":14},"end":{"line":70,"column":null}},"42":{"start":{"line":73,"column":8},"end":{"line":73,"column":null}},"43":{"start":{"line":79,"column":2},"end":{"line":98,"column":null}},"44":{"start":{"line":80,"column":4},"end":{"line":83,"column":null}},"45":{"start":{"line":84,"column":4},"end":{"line":87,"column":null}},"46":{"start":{"line":88,"column":4},"end":{"line":97,"column":null}},"47":{"start":{"line":100,"column":2},"end":{"line":104,"column":null}}},"fnMap":{"0":{"name":"useEasterEggs","decl":{"start":{"line":9,"column":24},"end":{"line":9,"column":40}},"loc":{"start":{"line":9,"column":40},"end":{"line":105,"column":null}},"line":9},"1":{"name":"(anonymous_1)","decl":{"start":{"line":19,"column":2},"end":{"line":19,"column":18}},"loc":{"start":{"line":19,"column":18},"end":{"line":42,"column":5}},"line":19},"2":{"name":"(anonymous_2)","decl":{"start":{"line":20,"column":10},"end":{"line":20,"column":27}},"loc":{"start":{"line":20,"column":33},"end":{"line":38,"column":null}},"line":20},"3":{"name":"(anonymous_3)","decl":{"start":{"line":21,"column":6},"end":{"line":21,"column":22}},"loc":{"start":{"line":21,"column":31},"end":{"line":37,"column":7}},"line":21},"4":{"name":"(anonymous_4)","decl":{"start":{"line":25,"column":32},"end":{"line":25,"column":39}},"loc":{"start":{"line":26,"column":10},"end":{"line":26,"column":null}},"line":26},"5":{"name":"(anonymous_5)","decl":{"start":{"line":32,"column":10},"end":{"line":32,"column":27}},"loc":{"start":{"line":32,"column":27},"end":{"line":32,"column":54}},"line":32},"6":{"name":"(anonymous_6)","decl":{"start":{"line":41,"column":4},"end":{"line":41,"column":17}},"loc":{"start":{"line":41,"column":17},"end":{"line":41,"column":null}},"line":41},"7":{"name":"(anonymous_7)","decl":{"start":{"line":45,"column":8},"end":{"line":45,"column":32}},"loc":{"start":{"line":45,"column":32},"end":{"line":76,"column":null}},"line":45},"8":{"name":"(anonymous_8)","decl":{"start":{"line":48,"column":4},"end":{"line":48,"column":18}},"loc":{"start":{"line":48,"column":26},"end":{"line":75,"column":5}},"line":48},"9":{"name":"(anonymous_9)","decl":{"start":{"line":57,"column":39},"end":{"line":57,"column":56}},"loc":{"start":{"line":57,"column":56},"end":{"line":60,"column":11}},"line":57},"10":{"name":"(anonymous_10)","decl":{"start":{"line":65,"column":34},"end":{"line":65,"column":51}},"loc":{"start":{"line":65,"column":51},"end":{"line":72,"column":11}},"line":65},"11":{"name":"(anonymous_11)","decl":{"start":{"line":66,"column":10},"end":{"line":66,"column":25}},"loc":{"start":{"line":66,"column":43},"end":{"line":71,"column":11}},"line":66},"12":{"name":"(anonymous_12)","decl":{"start":{"line":79,"column":2},"end":{"line":79,"column":18}},"loc":{"start":{"line":79,"column":18},"end":{"line":98,"column":5}},"line":79}},"branchMap":{"0":{"loc":{"start":{"line":29,"column":8},"end":{"line":34,"column":null}},"type":"if","locations":[{"start":{"line":29,"column":8},"end":{"line":34,"column":null}},{"start":{},"end":{}}],"line":29},"1":{"loc":{"start":{"line":29,"column":12},"end":{"line":29,"column":62}},"type":"binary-expr","locations":[{"start":{"line":29,"column":12},"end":{"line":29,"column":23}},{"start":{"line":29,"column":23},"end":{"line":29,"column":62}}],"line":29},"2":{"loc":{"start":{"line":46,"column":4},"end":{"line":46,"column":null}},"type":"if","locations":[{"start":{"line":46,"column":4},"end":{"line":46,"column":null}},{"start":{},"end":{}}],"line":46},"3":{"loc":{"start":{"line":52,"column":6},"end":{"line":52,"column":null}},"type":"if","locations":[{"start":{"line":52,"column":6},"end":{"line":52,"column":null}},{"start":{},"end":{}}],"line":52},"4":{"loc":{"start":{"line":54,"column":6},"end":{"line":74,"column":null}},"type":"if","locations":[{"start":{"line":54,"column":6},"end":{"line":74,"column":null}},{"start":{"line":62,"column":13},"end":{"line":74,"column":null}}],"line":54},"5":{"loc":{"start":{"line":56,"column":8},"end":{"line":56,"column":null}},"type":"if","locations":[{"start":{"line":56,"column":8},"end":{"line":56,"column":null}},{"start":{},"end":{}}],"line":56},"6":{"loc":{"start":{"line":67,"column":14},"end":{"line":69,"column":null}},"type":"if","locations":[{"start":{"line":67,"column":14},"end":{"line":69,"column":null}},{"start":{},"end":{}}],"line":67}},"s":{"0":2,"1":72,"2":72,"3":72,"4":72,"5":72,"6":72,"7":72,"8":13,"9":10,"10":10,"11":10,"12":55,"13":10,"14":1,"15":1,"16":1,"17":1,"18":9,"19":13,"20":13,"21":13,"22":72,"23":6,"24":0,"25":6,"26":6,"27":6,"28":4,"29":6,"30":1,"31":1,"32":0,"33":1,"34":1,"35":1,"36":1,"37":5,"38":1,"39":1,"40":1,"41":1,"42":5,"43":72,"44":13,"45":13,"46":13,"47":72},"f":{"0":72,"1":13,"2":10,"3":10,"4":55,"5":1,"6":13,"7":6,"8":6,"9":1,"10":1,"11":1,"12":13},"b":{"0":[1,9],"1":[10,10],"2":[0,6],"3":[4,2],"4":[1,5],"5":[0,1],"6":[1,0]},"meta":{"lastBranch":7,"lastFunction":13,"lastStatement":48,"seen":{"s:3:20:7:Infinity":0,"f:9:24:9:40":0,"s:10:26:10:Infinity":1,"s:11:30:11:Infinity":2,"s:12:11:12:Infinity":3,"s:13:11:13:Infinity":4,"s:15:8:15:Infinity":5,"s:16:8:16:Infinity":6,"s:19:2:42:Infinity":7,"f:19:2:19:18":1,"s:20:10:38:Infinity":8,"f:20:10:20:27":2,"s:21:6:37:Infinity":9,"f:21:6:21:22":3,"s:22:24:22:Infinity":10,"s:25:24:27:Infinity":11,"f:25:32:25:39":4,"s:26:10:26:Infinity":12,"b:29:8:34:Infinity:undefined:undefined:undefined:undefined":0,"s:29:8:34:Infinity":13,"b:29:12:29:23:29:23:29:62":1,"s:30:10:30:Infinity":14,"s:32:10:32:Infinity":15,"f:32:10:32:27":5,"s:32:27:32:54":16,"s:33:10:33:Infinity":17,"s:36:8:36:Infinity":18,"s:40:4:40:Infinity":19,"s:41:4:41:Infinity":20,"f:41:4:41:17":6,"s:41:17:41:Infinity":21,"s:45:8:76:Infinity":22,"f:45:8:45:32":7,"b:46:4:46:Infinity:undefined:undefined:undefined:undefined":2,"s:46:4:46:Infinity":23,"s:46:29:46:Infinity":24,"s:48:4:75:Infinity":25,"f:48:4:48:18":8,"s:49:25:49:Infinity":26,"b:52:6:52:Infinity:undefined:undefined:undefined:undefined":3,"s:52:6:52:Infinity":27,"s:52:35:52:Infinity":28,"b:54:6:74:Infinity:62:13:74:Infinity":4,"s:54:6:74:Infinity":29,"s:55:8:55:Infinity":30,"b:56:8:56:Infinity:undefined:undefined:undefined:undefined":5,"s:56:8:56:Infinity":31,"s:56:42:56:Infinity":32,"s:57:8:60:Infinity":33,"f:57:39:57:56":9,"s:58:10:58:Infinity":34,"s:59:10:59:Infinity":35,"s:61:8:61:Infinity":36,"s:65:8:72:Infinity":37,"f:65:34:65:51":10,"s:66:10:71:Infinity":38,"f:66:10:66:25":11,"b:67:14:69:Infinity:undefined:undefined:undefined:undefined":6,"s:67:14:69:Infinity":39,"s:68:18:68:Infinity":40,"s:70:14:70:Infinity":41,"s:73:8:73:Infinity":42,"s:79:2:98:Infinity":43,"f:79:2:79:18":12,"s:80:4:83:Infinity":44,"s:84:4:87:Infinity":45,"s:88:4:97:Infinity":46,"s:100:2:104:Infinity":47},"fnNames":{}}}
,"C:\\Users\\pedrohpsantos\\Documents\\EdTech\\frontend\\src\\hooks\\useTheme.js": {"path":"C:\\Users\\pedrohpsantos\\Documents\\EdTech\\frontend\\src\\hooks\\useTheme.js","statementMap":{"0":{"start":{"line":2,"column":6},"end":{"line":20,"column":null}},"1":{"start":{"line":3,"column":17},"end":{"line":5,"column":null}},"2":{"start":{"line":4,"column":8},"end":{"line":4,"column":null}},"3":{"start":{"line":6,"column":4},"end":{"line":10,"column":null}},"4":{"start":{"line":7,"column":8},"end":{"line":7,"column":null}},"5":{"start":{"line":8,"column":8},"end":{"line":8,"column":null}},"6":{"start":{"line":9,"column":8},"end":{"line":9,"column":null}},"7":{"start":{"line":11,"column":10},"end":{"line":18,"column":null}},"8":{"start":{"line":12,"column":8},"end":{"line":17,"column":null}},"9":{"start":{"line":13,"column":12},"end":{"line":13,"column":null}},"10":{"start":{"line":16,"column":12},"end":{"line":16,"column":null}},"11":{"start":{"line":19,"column":4},"end":{"line":19,"column":null}}},"fnMap":{"0":{"name":"(anonymous_0)","decl":{"start":{"line":2,"column":6},"end":{"line":2,"column":22}},"loc":{"start":{"line":2,"column":22},"end":{"line":20,"column":null}},"line":2},"1":{"name":"(anonymous_1)","decl":{"start":{"line":3,"column":28},"end":{"line":3,"column":43}},"loc":{"start":{"line":3,"column":43},"end":{"line":5,"column":5}},"line":3},"2":{"name":"(anonymous_2)","decl":{"start":{"line":6,"column":4},"end":{"line":6,"column":19}},"loc":{"start":{"line":6,"column":19},"end":{"line":10,"column":6}},"line":6},"3":{"name":"(anonymous_3)","decl":{"start":{"line":11,"column":10},"end":{"line":11,"column":30}},"loc":{"start":{"line":11,"column":30},"end":{"line":18,"column":null}},"line":11}},"branchMap":{"0":{"loc":{"start":{"line":4,"column":15},"end":{"line":4,"column":null}},"type":"cond-expr","locations":[{"start":{"line":4,"column":46},"end":{"line":4,"column":77}},{"start":{"line":4,"column":77},"end":{"line":4,"column":null}}],"line":4},"1":{"loc":{"start":{"line":4,"column":77},"end":{"line":4,"column":null}},"type":"cond-expr","locations":[{"start":{"line":4,"column":137},"end":{"line":4,"column":146}},{"start":{"line":4,"column":146},"end":{"line":4,"column":null}}],"line":4},"2":{"loc":{"start":{"line":12,"column":8},"end":{"line":17,"column":null}},"type":"if","locations":[{"start":{"line":12,"column":8},"end":{"line":17,"column":null}},{"start":{"line":15,"column":12},"end":{"line":17,"column":null}}],"line":12}},"s":{"0":2,"1":66,"2":13,"3":66,"4":15,"5":15,"6":15,"7":66,"8":2,"9":1,"10":1,"11":66},"f":{"0":66,"1":13,"2":15,"3":2},"b":{"0":[10,3],"1":[1,2],"2":[1,1]},"meta":{"lastBranch":3,"lastFunction":4,"lastStatement":12,"seen":{"s:2:6:20:Infinity":0,"f:2:6:2:22":0,"s:3:17:5:Infinity":1,"f:3:28:3:43":1,"s:4:8:4:Infinity":2,"b:4:46:4:77:4:77:4:Infinity":0,"b:4:137:4:146:4:146:4:Infinity":1,"s:6:4:10:Infinity":3,"f:6:4:6:19":2,"s:7:8:7:Infinity":4,"s:8:8:8:Infinity":5,"s:9:8:9:Infinity":6,"s:11:10:18:Infinity":7,"f:11:10:11:30":3,"b:12:8:17:Infinity:15:12:17:Infinity":2,"s:12:8:17:Infinity":8,"s:13:12:13:Infinity":9,"s:16:12:16:Infinity":10,"s:19:4:19:Infinity":11},"fnNames":{}}}
,"C:\\Users\\pedrohpsantos\\Documents\\EdTech\\frontend\\src\\pages\\Recovery.tsx": {"path":"C:\\Users\\pedrohpsantos\\Documents\\EdTech\\frontend\\src\\pages\\Recovery.tsx","statementMap":{"0":{"start":{"line":9,"column":17},"end":{"line":9,"column":null}},"1":{"start":{"line":10,"column":18},"end":{"line":10,"column":null}},"2":{"start":{"line":11,"column":17},"end":{"line":11,"column":null}},"3":{"start":{"line":12,"column":18},"end":{"line":12,"column":null}},"4":{"start":{"line":13,"column":27},"end":{"line":13,"column":null}},"5":{"start":{"line":15,"column":25},"end":{"line":15,"column":null}},"6":{"start":{"line":16,"column":32},"end":{"line":16,"column":null}},"7":{"start":{"line":18,"column":17},"end":{"line":18,"column":null}},"8":{"start":{"line":19,"column":20},"end":{"line":19,"column":null}},"9":{"start":{"line":20,"column":20},"end":{"line":20,"column":null}},"10":{"start":{"line":21,"column":22},"end":{"line":21,"column":null}},"11":{"start":{"line":23,"column":10},"end":{"line":23,"column":null}},"12":{"start":{"line":24,"column":10},"end":{"line":27,"column":null}},"13":{"start":{"line":25,"column":8},"end":{"line":25,"column":null}},"14":{"start":{"line":26,"column":8},"end":{"line":26,"column":null}},"15":{"start":{"line":26,"column":25},"end":{"line":26,"column":46}},"16":{"start":{"line":29,"column":30},"end":{"line":50,"column":null}},"17":{"start":{"line":30,"column":8},"end":{"line":30,"column":null}},"18":{"start":{"line":30,"column":15},"end":{"line":30,"column":null}},"19":{"start":{"line":31,"column":8},"end":{"line":31,"column":null}},"20":{"start":{"line":32,"column":8},"end":{"line":32,"column":null}},"21":{"start":{"line":34,"column":8},"end":{"line":49,"column":null}},"22":{"start":{"line":35,"column":24},"end":{"line":35,"column":null}},"23":{"start":{"line":36,"column":12},"end":{"line":43,"column":null}},"24":{"start":{"line":37,"column":16},"end":{"line":37,"column":null}},"25":{"start":{"line":38,"column":16},"end":{"line":38,"column":null}},"26":{"start":{"line":39,"column":16},"end":{"line":39,"column":null}},"27":{"start":{"line":39,"column":33},"end":{"line":39,"column":49}},"28":{"start":{"line":41,"column":16},"end":{"line":41,"column":null}},"29":{"start":{"line":42,"column":16},"end":{"line":42,"column":null}},"30":{"start":{"line":45,"column":12},"end":{"line":45,"column":null}},"31":{"start":{"line":46,"column":12},"end":{"line":46,"column":null}},"32":{"start":{"line":48,"column":12},"end":{"line":48,"column":null}},"33":{"start":{"line":52,"column":29},"end":{"line":73,"column":null}},"34":{"start":{"line":53,"column":8},"end":{"line":53,"column":null}},"35":{"start":{"line":53,"column":15},"end":{"line":53,"column":null}},"36":{"start":{"line":54,"column":8},"end":{"line":54,"column":null}},"37":{"start":{"line":55,"column":8},"end":{"line":55,"column":null}},"38":{"start":{"line":57,"column":8},"end":{"line":72,"column":null}},"39":{"start":{"line":58,"column":24},"end":{"line":58,"column":null}},"40":{"start":{"line":59,"column":12},"end":{"line":66,"column":null}},"41":{"start":{"line":60,"column":16},"end":{"line":60,"column":null}},"42":{"start":{"line":61,"column":16},"end":{"line":61,"column":null}},"43":{"start":{"line":62,"column":16},"end":{"line":62,"column":null}},"44":{"start":{"line":62,"column":33},"end":{"line":62,"column":49}},"45":{"start":{"line":64,"column":16},"end":{"line":64,"column":null}},"46":{"start":{"line":65,"column":16},"end":{"line":65,"column":null}},"47":{"start":{"line":68,"column":12},"end":{"line":68,"column":null}},"48":{"start":{"line":69,"column":12},"end":{"line":69,"column":null}},"49":{"start":{"line":71,"column":12},"end":{"line":71,"column":null}},"50":{"start":{"line":75,"column":32},"end":{"line":101,"column":null}},"51":{"start":{"line":76,"column":8},"end":{"line":76,"column":null}},"52":{"start":{"line":76,"column":15},"end":{"line":76,"column":null}},"53":{"start":{"line":77,"column":8},"end":{"line":77,"column":null}},"54":{"start":{"line":79,"column":8},"end":{"line":83,"column":null}},"55":{"start":{"line":80,"column":12},"end":{"line":80,"column":null}},"56":{"start":{"line":81,"column":12},"end":{"line":81,"column":null}},"57":{"start":{"line":82,"column":12},"end":{"line":82,"column":null}},"58":{"start":{"line":85,"column":8},"end":{"line":85,"column":null}},"59":{"start":{"line":86,"column":8},"end":{"line":100,"column":null}},"60":{"start":{"line":87,"column":24},"end":{"line":87,"column":null}},"61":{"start":{"line":88,"column":12},"end":{"line":94,"column":null}},"62":{"start":{"line":89,"column":16},"end":{"line":89,"column":null}},"63":{"start":{"line":90,"column":16},"end":{"line":90,"column":null}},"64":{"start":{"line":90,"column":33},"end":{"line":90,"column":53}},"65":{"start":{"line":92,"column":16},"end":{"line":92,"column":null}},"66":{"start":{"line":93,"column":16},"end":{"line":93,"column":null}},"67":{"start":{"line":96,"column":12},"end":{"line":96,"column":null}},"68":{"start":{"line":97,"column":12},"end":{"line":97,"column":null}},"69":{"start":{"line":99,"column":12},"end":{"line":99,"column":null}},"70":{"start":{"line":103,"column":25},"end":{"line":106,"column":null}},"71":{"start":{"line":108,"column":25},"end":{"line":111,"column":null}},"72":{"start":{"line":113,"column":26},"end":{"line":115,"column":null}},"73":{"start":{"line":117,"column":18},"end":{"line":117,"column":null}},"74":{"start":{"line":118,"column":21},"end":{"line":118,"column":null}},"75":{"start":{"line":120,"column":4},"end":{"line":267,"column":null}},"76":{"start":{"line":126,"column":28},"end":{"line":126,"column":null}},"77":{"start":{"line":127,"column":28},"end":{"line":127,"column":null}},"78":{"start":{"line":151,"column":57},"end":{"line":151,"column":null}},"79":{"start":{"line":163,"column":103},"end":{"line":163,"column":115}},"80":{"start":{"line":170,"column":57},"end":{"line":170,"column":null}},"81":{"start":{"line":190,"column":61},"end":{"line":190,"column":null}},"82":{"start":{"line":197,"column":59},"end":{"line":197,"column":null}},"83":{"start":{"line":223,"column":61},"end":{"line":223,"column":null}},"84":{"start":{"line":230,"column":59},"end":{"line":230,"column":null}}},"fnMap":{"0":{"name":"Recovery","decl":{"start":{"line":8,"column":9},"end":{"line":8,"column":20}},"loc":{"start":{"line":8,"column":20},"end":{"line":269,"column":null}},"line":8},"1":{"name":"(anonymous_1)","decl":{"start":{"line":24,"column":10},"end":{"line":24,"column":31}},"loc":{"start":{"line":24,"column":31},"end":{"line":27,"column":null}},"line":24},"2":{"name":"(anonymous_2)","decl":{"start":{"line":26,"column":8},"end":{"line":26,"column":25}},"loc":{"start":{"line":26,"column":25},"end":{"line":26,"column":46}},"line":26},"3":{"name":"(anonymous_3)","decl":{"start":{"line":29,"column":30},"end":{"line":29,"column":37}},"loc":{"start":{"line":29,"column":60},"end":{"line":50,"column":null}},"line":29},"4":{"name":"(anonymous_4)","decl":{"start":{"line":39,"column":16},"end":{"line":39,"column":33}},"loc":{"start":{"line":39,"column":33},"end":{"line":39,"column":49}},"line":39},"5":{"name":"(anonymous_5)","decl":{"start":{"line":52,"column":29},"end":{"line":52,"column":36}},"loc":{"start":{"line":52,"column":59},"end":{"line":73,"column":null}},"line":52},"6":{"name":"(anonymous_6)","decl":{"start":{"line":62,"column":16},"end":{"line":62,"column":33}},"loc":{"start":{"line":62,"column":33},"end":{"line":62,"column":49}},"line":62},"7":{"name":"(anonymous_7)","decl":{"start":{"line":75,"column":32},"end":{"line":75,"column":39}},"loc":{"start":{"line":75,"column":62},"end":{"line":101,"column":null}},"line":75},"8":{"name":"(anonymous_8)","decl":{"start":{"line":90,"column":16},"end":{"line":90,"column":33}},"loc":{"start":{"line":90,"column":33},"end":{"line":90,"column":53}},"line":90},"9":{"name":"(anonymous_9)","decl":{"start":{"line":125,"column":24},"end":{"line":125,"column":36}},"loc":{"start":{"line":125,"column":42},"end":{"line":128,"column":null}},"line":125},"10":{"name":"(anonymous_10)","decl":{"start":{"line":151,"column":40},"end":{"line":151,"column":51}},"loc":{"start":{"line":151,"column":57},"end":{"line":151,"column":null}},"line":151},"11":{"name":"(anonymous_11)","decl":{"start":{"line":163,"column":88},"end":{"line":163,"column":103}},"loc":{"start":{"line":163,"column":103},"end":{"line":163,"column":115}},"line":163},"12":{"name":"(anonymous_12)","decl":{"start":{"line":170,"column":40},"end":{"line":170,"column":51}},"loc":{"start":{"line":170,"column":57},"end":{"line":170,"column":null}},"line":170},"13":{"name":"(anonymous_13)","decl":{"start":{"line":190,"column":44},"end":{"line":190,"column":55}},"loc":{"start":{"line":190,"column":61},"end":{"line":190,"column":null}},"line":190},"14":{"name":"(anonymous_14)","decl":{"start":{"line":197,"column":44},"end":{"line":197,"column":59}},"loc":{"start":{"line":197,"column":59},"end":{"line":197,"column":null}},"line":197},"15":{"name":"(anonymous_15)","decl":{"start":{"line":223,"column":44},"end":{"line":223,"column":55}},"loc":{"start":{"line":223,"column":61},"end":{"line":223,"column":null}},"line":223},"16":{"name":"(anonymous_16)","decl":{"start":{"line":230,"column":44},"end":{"line":230,"column":59}},"loc":{"start":{"line":230,"column":59},"end":{"line":230,"column":null}},"line":230}},"branchMap":{"0":{"loc":{"start":{"line":30,"column":8},"end":{"line":30,"column":null}},"type":"if","locations":[{"start":{"line":30,"column":8},"end":{"line":30,"column":null}},{"start":{},"end":{}}],"line":30},"1":{"loc":{"start":{"line":36,"column":12},"end":{"line":43,"column":null}},"type":"if","locations":[{"start":{"line":36,"column":12},"end":{"line":43,"column":null}},{"start":{"line":40,"column":19},"end":{"line":43,"column":null}}],"line":36},"2":{"loc":{"start":{"line":41,"column":24},"end":{"line":41,"column":66}},"type":"binary-expr","locations":[{"start":{"line":41,"column":24},"end":{"line":41,"column":40}},{"start":{"line":41,"column":40},"end":{"line":41,"column":66}}],"line":41},"3":{"loc":{"start":{"line":53,"column":8},"end":{"line":53,"column":null}},"type":"if","locations":[{"start":{"line":53,"column":8},"end":{"line":53,"column":null}},{"start":{},"end":{}}],"line":53},"4":{"loc":{"start":{"line":59,"column":12},"end":{"line":66,"column":null}},"type":"if","locations":[{"start":{"line":59,"column":12},"end":{"line":66,"column":null}},{"start":{"line":63,"column":19},"end":{"line":66,"column":null}}],"line":59},"5":{"loc":{"start":{"line":64,"column":24},"end":{"line":64,"column":57}},"type":"binary-expr","locations":[{"start":{"line":64,"column":24},"end":{"line":64,"column":40}},{"start":{"line":64,"column":40},"end":{"line":64,"column":57}}],"line":64},"6":{"loc":{"start":{"line":76,"column":8},"end":{"line":76,"column":null}},"type":"if","locations":[{"start":{"line":76,"column":8},"end":{"line":76,"column":null}},{"start":{},"end":{}}],"line":76},"7":{"loc":{"start":{"line":79,"column":8},"end":{"line":83,"column":null}},"type":"if","locations":[{"start":{"line":79,"column":8},"end":{"line":83,"column":null}},{"start":{},"end":{}}],"line":79},"8":{"loc":{"start":{"line":88,"column":12},"end":{"line":94,"column":null}},"type":"if","locations":[{"start":{"line":88,"column":12},"end":{"line":94,"column":null}},{"start":{"line":91,"column":19},"end":{"line":94,"column":null}}],"line":88},"9":{"loc":{"start":{"line":92,"column":24},"end":{"line":92,"column":65}},"type":"binary-expr","locations":[{"start":{"line":92,"column":24},"end":{"line":92,"column":40}},{"start":{"line":92,"column":40},"end":{"line":92,"column":65}}],"line":92},"10":{"loc":{"start":{"line":117,"column":18},"end":{"line":117,"column":null}},"type":"cond-expr","locations":[{"start":{"line":117,"column":31},"end":{"line":117,"column":53}},{"start":{"line":117,"column":53},"end":{"line":117,"column":null}}],"line":117},"11":{"loc":{"start":{"line":117,"column":53},"end":{"line":117,"column":null}},"type":"cond-expr","locations":[{"start":{"line":117,"column":66},"end":{"line":117,"column":92}},{"start":{"line":117,"column":92},"end":{"line":117,"column":null}}],"line":117},"12":{"loc":{"start":{"line":118,"column":21},"end":{"line":118,"column":null}},"type":"cond-expr","locations":[{"start":{"line":118,"column":34},"end":{"line":118,"column":94}},{"start":{"line":118,"column":94},"end":{"line":118,"column":null}}],"line":118},"13":{"loc":{"start":{"line":118,"column":94},"end":{"line":118,"column":null}},"type":"cond-expr","locations":[{"start":{"line":118,"column":107},"end":{"line":118,"column":157}},{"start":{"line":118,"column":157},"end":{"line":118,"column":null}}],"line":118},"14":{"loc":{"start":{"line":124,"column":34},"end":{"line":124,"column":null}},"type":"cond-expr","locations":[{"start":{"line":124,"column":47},"end":{"line":124,"column":67}},{"start":{"line":124,"column":67},"end":{"line":124,"column":null}}],"line":124},"15":{"loc":{"start":{"line":124,"column":67},"end":{"line":124,"column":null}},"type":"cond-expr","locations":[{"start":{"line":124,"column":80},"end":{"line":124,"column":99}},{"start":{"line":124,"column":99},"end":{"line":124,"column":null}}],"line":124},"16":{"loc":{"start":{"line":130,"column":25},"end":{"line":133,"column":null}},"type":"binary-expr","locations":[{"start":{"line":130,"column":25},"end":{"line":130,"column":null}},{"start":{"line":131,"column":28},"end":{"line":133,"column":null}}],"line":130},"17":{"loc":{"start":{"line":135,"column":25},"end":{"line":138,"column":null}},"type":"binary-expr","locations":[{"start":{"line":135,"column":25},"end":{"line":135,"column":null}},{"start":{"line":136,"column":28},"end":{"line":138,"column":null}}],"line":135},"18":{"loc":{"start":{"line":141,"column":25},"end":{"line":156,"column":null}},"type":"binary-expr","locations":[{"start":{"line":141,"column":25},"end":{"line":141,"column":null}},{"start":{"line":142,"column":28},"end":{"line":156,"column":null}}],"line":141},"19":{"loc":{"start":{"line":159,"column":25},"end":{"line":176,"column":null}},"type":"binary-expr","locations":[{"start":{"line":159,"column":25},"end":{"line":159,"column":null}},{"start":{"line":160,"column":28},"end":{"line":176,"column":null}}],"line":159},"20":{"loc":{"start":{"line":179,"column":25},"end":{"line":247,"column":null}},"type":"binary-expr","locations":[{"start":{"line":179,"column":25},"end":{"line":179,"column":null}},{"start":{"line":180,"column":28},"end":{"line":247,"column":null}}],"line":179},"21":{"loc":{"start":{"line":188,"column":50},"end":{"line":188,"column":null}},"type":"cond-expr","locations":[{"start":{"line":188,"column":65},"end":{"line":188,"column":74}},{"start":{"line":188,"column":74},"end":{"line":188,"column":null}}],"line":188},"22":{"loc":{"start":{"line":200,"column":45},"end":{"line":209,"column":null}},"type":"cond-expr","locations":[{"start":{"line":201,"column":48},"end":{"line":206,"column":49}},{"start":{"line":206,"column":48},"end":{"line":209,"column":null}}],"line":200},"23":{"loc":{"start":{"line":221,"column":50},"end":{"line":221,"column":null}},"type":"cond-expr","locations":[{"start":{"line":221,"column":72},"end":{"line":221,"column":81}},{"start":{"line":221,"column":81},"end":{"line":221,"column":null}}],"line":221},"24":{"loc":{"start":{"line":233,"column":45},"end":{"line":242,"column":null}},"type":"cond-expr","locations":[{"start":{"line":234,"column":48},"end":{"line":239,"column":49}},{"start":{"line":239,"column":48},"end":{"line":242,"column":null}}],"line":233},"25":{"loc":{"start":{"line":252,"column":37},"end":{"line":252,"column":null}},"type":"cond-expr","locations":[{"start":{"line":252,"column":49},"end":{"line":252,"column":59}},{"start":{"line":252,"column":59},"end":{"line":252,"column":null}}],"line":252},"26":{"loc":{"start":{"line":259,"column":29},"end":{"line":259,"column":105}},"type":"cond-expr","locations":[{"start":{"line":259,"column":39},"end":{"line":259,"column":59}},{"start":{"line":259,"column":59},"end":{"line":259,"column":105}}],"line":259},"27":{"loc":{"start":{"line":259,"column":59},"end":{"line":259,"column":105}},"type":"cond-expr","locations":[{"start":{"line":259,"column":72},"end":{"line":259,"column":92}},{"start":{"line":259,"column":92},"end":{"line":259,"column":105}}],"line":259}},"s":{"0":60,"1":60,"2":60,"3":60,"4":60,"5":60,"6":60,"7":60,"8":60,"9":60,"10":60,"11":60,"12":60,"13":3,"14":3,"15":1,"16":60,"17":8,"18":8,"19":8,"20":8,"21":8,"22":8,"23":8,"24":7,"25":7,"26":7,"27":0,"28":1,"29":1,"30":0,"31":0,"32":8,"33":60,"34":5,"35":5,"36":5,"37":5,"38":5,"39":5,"40":5,"41":4,"42":4,"43":4,"44":0,"45":1,"46":1,"47":0,"48":0,"49":5,"50":60,"51":2,"52":2,"53":2,"54":2,"55":1,"56":1,"57":1,"58":1,"59":1,"60":1,"61":1,"62":1,"63":1,"64":0,"65":0,"66":0,"67":0,"68":0,"69":1,"70":60,"71":60,"72":60,"73":60,"74":60,"75":60,"76":0,"77":0,"78":8,"79":1,"80":5,"81":2,"82":2,"83":2,"84":2},"f":{"0":60,"1":3,"2":1,"3":8,"4":0,"5":5,"6":0,"7":2,"8":0,"9":0,"10":8,"11":1,"12":5,"13":2,"14":2,"15":2,"16":2},"b":{"0":[8,0],"1":[7,1],"2":[1,0],"3":[5,0],"4":[4,1],"5":[1,0],"6":[2,0],"7":[1,1],"8":[1,0],"9":[0,0],"10":[27,33],"11":[18,15],"12":[27,33],"13":[18,15],"14":[27,33],"15":[18,15],"16":[60,3],"17":[60,6],"18":[60,27],"19":[60,18],"20":[60,15],"21":[1,14],"22":[1,14],"23":[1,14],"24":[1,14],"25":[3,57],"26":[14,46],"27":[14,32]},"meta":{"lastBranch":28,"lastFunction":17,"lastStatement":85,"seen":{"f:8:9:8:20":0,"s:9:17:9:Infinity":0,"s:10:18:10:Infinity":1,"s:11:17:11:Infinity":2,"s:12:18:12:Infinity":3,"s:13:27:13:Infinity":4,"s:15:25:15:Infinity":5,"s:16:32:16:Infinity":6,"s:18:17:18:Infinity":7,"s:19:20:19:Infinity":8,"s:20:20:20:Infinity":9,"s:21:22:21:Infinity":10,"s:23:10:23:Infinity":11,"s:24:10:27:Infinity":12,"f:24:10:24:31":1,"s:25:8:25:Infinity":13,"s:26:8:26:Infinity":14,"f:26:8:26:25":2,"s:26:25:26:46":15,"s:29:30:50:Infinity":16,"f:29:30:29:37":3,"b:30:8:30:Infinity:undefined:undefined:undefined:undefined":0,"s:30:8:30:Infinity":17,"s:30:15:30:Infinity":18,"s:31:8:31:Infinity":19,"s:32:8:32:Infinity":20,"s:34:8:49:Infinity":21,"s:35:24:35:Infinity":22,"b:36:12:43:Infinity:40:19:43:Infinity":1,"s:36:12:43:Infinity":23,"s:37:16:37:Infinity":24,"s:38:16:38:Infinity":25,"s:39:16:39:Infinity":26,"f:39:16:39:33":4,"s:39:33:39:49":27,"s:41:16:41:Infinity":28,"b:41:24:41:40:41:40:41:66":2,"s:42:16:42:Infinity":29,"s:45:12:45:Infinity":30,"s:46:12:46:Infinity":31,"s:48:12:48:Infinity":32,"s:52:29:73:Infinity":33,"f:52:29:52:36":5,"b:53:8:53:Infinity:undefined:undefined:undefined:undefined":3,"s:53:8:53:Infinity":34,"s:53:15:53:Infinity":35,"s:54:8:54:Infinity":36,"s:55:8:55:Infinity":37,"s:57:8:72:Infinity":38,"s:58:24:58:Infinity":39,"b:59:12:66:Infinity:63:19:66:Infinity":4,"s:59:12:66:Infinity":40,"s:60:16:60:Infinity":41,"s:61:16:61:Infinity":42,"s:62:16:62:Infinity":43,"f:62:16:62:33":6,"s:62:33:62:49":44,"s:64:16:64:Infinity":45,"b:64:24:64:40:64:40:64:57":5,"s:65:16:65:Infinity":46,"s:68:12:68:Infinity":47,"s:69:12:69:Infinity":48,"s:71:12:71:Infinity":49,"s:75:32:101:Infinity":50,"f:75:32:75:39":7,"b:76:8:76:Infinity:undefined:undefined:undefined:undefined":6,"s:76:8:76:Infinity":51,"s:76:15:76:Infinity":52,"s:77:8:77:Infinity":53,"b:79:8:83:Infinity:undefined:undefined:undefined:undefined":7,"s:79:8:83:Infinity":54,"s:80:12:80:Infinity":55,"s:81:12:81:Infinity":56,"s:82:12:82:Infinity":57,"s:85:8:85:Infinity":58,"s:86:8:100:Infinity":59,"s:87:24:87:Infinity":60,"b:88:12:94:Infinity:91:19:94:Infinity":8,"s:88:12:94:Infinity":61,"s:89:16:89:Infinity":62,"s:90:16:90:Infinity":63,"f:90:16:90:33":8,"s:90:33:90:53":64,"s:92:16:92:Infinity":65,"b:92:24:92:40:92:40:92:65":9,"s:93:16:93:Infinity":66,"s:96:12:96:Infinity":67,"s:97:12:97:Infinity":68,"s:99:12:99:Infinity":69,"s:103:25:106:Infinity":70,"s:108:25:111:Infinity":71,"s:113:26:115:Infinity":72,"s:117:18:117:Infinity":73,"b:117:31:117:53:117:53:117:Infinity":10,"b:117:66:117:92:117:92:117:Infinity":11,"s:118:21:118:Infinity":74,"b:118:34:118:94:118:94:118:Infinity":12,"b:118:107:118:157:118:157:118:Infinity":13,"s:120:4:267:Infinity":75,"b:124:47:124:67:124:67:124:Infinity":14,"b:124:80:124:99:124:99:124:Infinity":15,"f:125:24:125:36":9,"s:126:28:126:Infinity":76,"s:127:28:127:Infinity":77,"b:130:25:130:Infinity:131:28:133:Infinity":16,"b:135:25:135:Infinity:136:28:138:Infinity":17,"b:141:25:141:Infinity:142:28:156:Infinity":18,"f:151:40:151:51":10,"s:151:57:151:Infinity":78,"b:159:25:159:Infinity:160:28:176:Infinity":19,"f:163:88:163:103":11,"s:163:103:163:115":79,"f:170:40:170:51":12,"s:170:57:170:Infinity":80,"b:179:25:179:Infinity:180:28:247:Infinity":20,"b:188:65:188:74:188:74:188:Infinity":21,"f:190:44:190:55":13,"s:190:61:190:Infinity":81,"f:197:44:197:59":14,"s:197:59:197:Infinity":82,"b:201:48:206:49:206:48:209:Infinity":22,"b:221:72:221:81:221:81:221:Infinity":23,"f:223:44:223:55":15,"s:223:61:223:Infinity":83,"f:230:44:230:59":16,"s:230:59:230:Infinity":84,"b:234:48:239:49:239:48:242:Infinity":24,"b:252:49:252:59:252:59:252:Infinity":25,"b:259:39:259:59:259:59:259:105":26,"b:259:72:259:92:259:92:259:105":27},"fnNames":{}}}
,"C:\\Users\\pedrohpsantos\\Documents\\EdTech\\frontend\\src\\pages\\auth.module.css": {"path":"C:\\Users\\pedrohpsantos\\Documents\\EdTech\\frontend\\src\\pages\\auth.module.css","statementMap":{},"fnMap":{},"branchMap":{},"s":{},"f":{},"b":{},"meta":{"lastBranch":0,"lastFunction":0,"lastStatement":0,"seen":{},"fnNames":{}}}
}
