{"/home/runner/work/EdTech/EdTech/frontend/src/components/AuthLayout.tsx": {"path":"/home/runner/work/EdTech/EdTech/frontend/src/components/AuthLayout.tsx","statementMap":{"0":{"start":{"line":17,"column":68},"end":{"line":17,"column":82}},"1":{"start":{"line":19,"column":23},"end":{"line":22,"column":null}},"2":{"start":{"line":24,"column":23},"end":{"line":27,"column":null}},"3":{"start":{"line":29,"column":2},"end":{"line":163,"column":null}}},"fnMap":{"0":{"name":"AuthLayout","decl":{"start":{"line":8,"column":24},"end":{"line":8,"column":35}},"loc":{"start":{"line":16,"column":3},"end":{"line":165,"column":null}},"line":16}},"branchMap":{"0":{"loc":{"start":{"line":33,"column":16},"end":{"line":33,"column":null}},"type":"cond-expr","locations":[{"start":{"line":33,"column":34},"end":{"line":33,"column":40}},{"start":{"line":33,"column":40},"end":{"line":33,"column":null}}],"line":33},"1":{"loc":{"start":{"line":34,"column":16},"end":{"line":36,"column":null}},"type":"cond-expr","locations":[{"start":{"line":35,"column":12},"end":{"line":35,"column":null}},{"start":{"line":36,"column":12},"end":{"line":36,"column":null}}],"line":34}},"s":{"0":89,"1":89,"2":89,"3":89},"f":{"0":89},"b":{"0":[0,89],"1":[0,89]},"meta":{"lastBranch":2,"lastFunction":1,"lastStatement":4,"seen":{"f:8:24:8:35":0,"s:17:68:17:82":0,"s:19:23:22:Infinity":1,"s:24:23:27:Infinity":2,"s:29:2:163:Infinity":3,"b:33:34:33:40:33:40:33:Infinity":0,"b:35:12:35:Infinity:36:12:36:Infinity":1},"fnNames":{}}}
,"/home/runner/work/EdTech/EdTech/frontend/src/components/Footer.jsx": {"path":"/home/runner/work/EdTech/EdTech/frontend/src/components/Footer.jsx","statementMap":{"0":{"start":{"line":2,"column":2},"end":{"line":28,"column":null}}},"fnMap":{"0":{"name":"Footer","decl":{"start":{"line":1,"column":24},"end":{"line":1,"column":33}},"loc":{"start":{"line":1,"column":33},"end":{"line":30,"column":null}},"line":1}},"branchMap":{},"s":{"0":1},"f":{"0":1},"b":{},"meta":{"lastBranch":0,"lastFunction":1,"lastStatement":1,"seen":{"f:1:24:1:33":0,"s:2:2:28:Infinity":0},"fnNames":{}}}
,"/home/runner/work/EdTech/EdTech/frontend/src/components/GlobalLoader.css": {"path":"/home/runner/work/EdTech/EdTech/frontend/src/components/GlobalLoader.css","statementMap":{},"fnMap":{},"branchMap":{},"s":{},"f":{},"b":{},"meta":{"lastBranch":0,"lastFunction":0,"lastStatement":0,"seen":{},"fnNames":{}}}
,"/home/runner/work/EdTech/EdTech/frontend/src/components/GlobalLoader.tsx": {"path":"/home/runner/work/EdTech/EdTech/frontend/src/components/GlobalLoader.tsx","statementMap":{"0":{"start":{"line":8,"column":6},"end":{"line":43,"column":null}},"1":{"start":{"line":9,"column":36},"end":{"line":9,"column":null}},"2":{"start":{"line":11,"column":2},"end":{"line":22,"column":null}},"3":{"start":{"line":12,"column":10},"end":{"line":12,"column":null}},"4":{"start":{"line":12,"column":29},"end":{"line":12,"column":null}},"5":{"start":{"line":13,"column":10},"end":{"line":13,"column":null}},"6":{"start":{"line":13,"column":29},"end":{"line":13,"column":null}},"7":{"start":{"line":15,"column":4},"end":{"line":15,"column":null}},"8":{"start":{"line":16,"column":4},"end":{"line":16,"column":null}},"9":{"start":{"line":18,"column":4},"end":{"line":21,"column":null}},"10":{"start":{"line":19,"column":6},"end":{"line":19,"column":null}},"11":{"start":{"line":20,"column":6},"end":{"line":20,"column":null}},"12":{"start":{"line":24,"column":2},"end":{"line":24,"column":null}},"13":{"start":{"line":24,"column":32},"end":{"line":24,"column":null}},"14":{"start":{"line":26,"column":2},"end":{"line":41,"column":null}}},"fnMap":{"0":{"name":"(anonymous_0)","decl":{"start":{"line":8,"column":6},"end":{"line":8,"column":51}},"loc":{"start":{"line":8,"column":77},"end":{"line":43,"column":null}},"line":8},"1":{"name":"(anonymous_1)","decl":{"start":{"line":11,"column":2},"end":{"line":11,"column":18}},"loc":{"start":{"line":11,"column":18},"end":{"line":22,"column":5}},"line":11},"2":{"name":"(anonymous_2)","decl":{"start":{"line":12,"column":10},"end":{"line":12,"column":29}},"loc":{"start":{"line":12,"column":29},"end":{"line":12,"column":null}},"line":12},"3":{"name":"(anonymous_3)","decl":{"start":{"line":13,"column":10},"end":{"line":13,"column":29}},"loc":{"start":{"line":13,"column":29},"end":{"line":13,"column":null}},"line":13},"4":{"name":"(anonymous_4)","decl":{"start":{"line":18,"column":4},"end":{"line":18,"column":17}},"loc":{"start":{"line":18,"column":17},"end":{"line":21,"column":null}},"line":18}},"branchMap":{"0":{"loc":{"start":{"line":8,"column":53},"end":{"line":8,"column":77}},"type":"default-arg","locations":[{"start":{"line":8,"column":65},"end":{"line":8,"column":77}}],"line":8},"1":{"loc":{"start":{"line":24,"column":2},"end":{"line":24,"column":null}},"type":"if","locations":[{"start":{"line":24,"column":2},"end":{"line":24,"column":null}},{"start":{},"end":{}}],"line":24},"2":{"loc":{"start":{"line":24,"column":6},"end":{"line":24,"column":32}},"type":"binary-expr","locations":[{"start":{"line":24,"column":6},"end":{"line":24,"column":20}},{"start":{"line":24,"column":20},"end":{"line":24,"column":32}}],"line":24}},"s":{"0":2,"1":7,"2":7,"3":4,"4":2,"5":4,"6":1,"7":4,"8":4,"9":4,"10":4,"11":4,"12":7,"13":5,"14":2},"f":{"0":7,"1":4,"2":2,"3":1,"4":4},"b":{"0":[7],"1":[5,2],"2":[7,5]},"meta":{"lastBranch":3,"lastFunction":5,"lastStatement":15,"seen":{"s:8:6:43:Infinity":0,"f:8:6:8:51":0,"b:8:65:8:77":0,"s:9:36:9:Infinity":1,"s:11:2:22:Infinity":2,"f:11:2:11:18":1,"s:12:10:12:Infinity":3,"f:12:10:12:29":2,"s:12:29:12:Infinity":4,"s:13:10:13:Infinity":5,"f:13:10:13:29":3,"s:13:29:13:Infinity":6,"s:15:4:15:Infinity":7,"s:16:4:16:Infinity":8,"s:18:4:21:Infinity":9,"f:18:4:18:17":4,"s:19:6:19:Infinity":10,"s:20:6:20:Infinity":11,"b:24:2:24:Infinity:undefined:undefined:undefined:undefined":1,"s:24:2:24:Infinity":12,"b:24:6:24:20:24:20:24:32":2,"s:24:32:24:Infinity":13,"s:26:2:41:Infinity":14},"fnNames":{}}}
,"/home/runner/work/EdTech/EdTech/frontend/src/components/NetworkBackground.jsx": {"path":"/home/runner/work/EdTech/EdTech/frontend/src/components/NetworkBackground.jsx","statementMap":{"0":{"start":{"line":3,"column":6},"end":{"line":60,"column":null}},"1":{"start":{"line":4,"column":2},"end":{"line":58,"column":null}}},"fnMap":{"0":{"name":"(anonymous_0)","decl":{"start":{"line":3,"column":6},"end":{"line":3,"column":27}},"loc":{"start":{"line":3,"column":48},"end":{"line":60,"column":null}},"line":3}},"branchMap":{"0":{"loc":{"start":{"line":8,"column":36},"end":{"line":8,"column":64}},"type":"cond-expr","locations":[{"start":{"line":8,"column":51},"end":{"line":8,"column":58}},{"start":{"line":8,"column":58},"end":{"line":8,"column":64}}],"line":8}},"s":{"0":4,"1":88},"f":{"0":88},"b":{"0":[0,88]},"meta":{"lastBranch":1,"lastFunction":1,"lastStatement":2,"seen":{"s:3:6:60:Infinity":0,"f:3:6:3:27":0,"s:4:2:58:Infinity":1,"b:8:51:8:58:8:58:8:64":0},"fnNames":{}}}
,"/home/runner/work/EdTech/EdTech/frontend/src/components/networkBackground.module.css": {"path":"/home/runner/work/EdTech/EdTech/frontend/src/components/networkBackground.module.css","statementMap":{},"fnMap":{},"branchMap":{},"s":{},"f":{},"b":{},"meta":{"lastBranch":0,"lastFunction":0,"lastStatement":0,"seen":{},"fnNames":{}}}
,"/home/runner/work/EdTech/EdTech/frontend/src/components/themeToggle.module.css": {"path":"/home/runner/work/EdTech/EdTech/frontend/src/components/themeToggle.module.css","statementMap":{},"fnMap":{},"branchMap":{},"s":{},"f":{},"b":{},"meta":{"lastBranch":0,"lastFunction":0,"lastStatement":0,"seen":{},"fnNames":{}}}
,"/home/runner/work/EdTech/EdTech/frontend/src/components/themeToggle.tsx": {"path":"/home/runner/work/EdTech/EdTech/frontend/src/components/themeToggle.tsx","statementMap":{"0":{"start":{"line":5,"column":32},"end":{"line":5,"column":41}},"1":{"start":{"line":6,"column":2},"end":{"line":18,"column":null}}},"fnMap":{"0":{"name":"ThemeToggle","decl":{"start":{"line":4,"column":9},"end":{"line":4,"column":23}},"loc":{"start":{"line":4,"column":23},"end":{"line":20,"column":null}},"line":4}},"branchMap":{"0":{"loc":{"start":{"line":13,"column":7},"end":{"line":16,"column":null}},"type":"cond-expr","locations":[{"start":{"line":14,"column":8},"end":{"line":16,"column":9}},{"start":{"line":16,"column":8},"end":{"line":16,"column":null}}],"line":13}},"s":{"0":92,"1":92},"f":{"0":92},"b":{"0":[1,91]},"meta":{"lastBranch":1,"lastFunction":1,"lastStatement":2,"seen":{"f:4:9:4:23":0,"s:5:32:5:41":0,"s:6:2:18:Infinity":1,"b:14:8:16:9:16:8:16:Infinity":0},"fnNames":{}}}
,"/home/runner/work/EdTech/EdTech/frontend/src/context/authContext.tsx": {"path":"/home/runner/work/EdTech/EdTech/frontend/src/context/authContext.tsx","statementMap":{"0":{"start":{"line":16,"column":20},"end":{"line":16,"column":null}},"1":{"start":{"line":19,"column":26},"end":{"line":19,"column":null}},"2":{"start":{"line":20,"column":48},"end":{"line":20,"column":null}},"3":{"start":{"line":21,"column":36},"end":{"line":21,"column":null}},"4":{"start":{"line":22,"column":20},"end":{"line":38,"column":null}},"5":{"start":{"line":23,"column":4},"end":{"line":37,"column":null}},"6":{"start":{"line":24,"column":24},"end":{"line":24,"column":36}},"7":{"start":{"line":25,"column":6},"end":{"line":31,"column":null}},"8":{"start":{"line":26,"column":8},"end":{"line":26,"column":null}},"9":{"start":{"line":27,"column":8},"end":{"line":27,"column":null}},"10":{"start":{"line":29,"column":8},"end":{"line":29,"column":null}},"11":{"start":{"line":30,"column":8},"end":{"line":30,"column":null}},"12":{"start":{"line":33,"column":6},"end":{"line":33,"column":null}},"13":{"start":{"line":34,"column":6},"end":{"line":34,"column":null}},"14":{"start":{"line":36,"column":6},"end":{"line":36,"column":null}},"15":{"start":{"line":40,"column":22},"end":{"line":53,"column":null}},"16":{"start":{"line":41,"column":4},"end":{"line":52,"column":null}},"17":{"start":{"line":42,"column":24},"end":{"line":42,"column":null}},"18":{"start":{"line":43,"column":6},"end":{"line":46,"column":null}},"19":{"start":{"line":44,"column":8},"end":{"line":44,"column":null}},"20":{"start":{"line":45,"column":8},"end":{"line":45,"column":null}},"21":{"start":{"line":47,"column":6},"end":{"line":47,"column":null}},"22":{"start":{"line":49,"column":6},"end":{"line":49,"column":null}},"23":{"start":{"line":50,"column":6},"end":{"line":50,"column":null}},"24":{"start":{"line":51,"column":6},"end":{"line":51,"column":null}},"25":{"start":{"line":54,"column":23},"end":{"line":58,"column":null}},"26":{"start":{"line":55,"column":4},"end":{"line":55,"column":null}},"27":{"start":{"line":56,"column":4},"end":{"line":56,"column":null}},"28":{"start":{"line":57,"column":4},"end":{"line":57,"column":null}},"29":{"start":{"line":59,"column":25},"end":{"line":67,"column":null}},"30":{"start":{"line":65,"column":22},"end":{"line":65,"column":null}},"31":{"start":{"line":66,"column":4},"end":{"line":66,"column":null}},"32":{"start":{"line":68,"column":2},"end":{"line":71,"column":null}},"33":{"start":{"line":70,"column":4},"end":{"line":70,"column":null}},"34":{"start":{"line":72,"column":2},"end":{"line":85,"column":null}},"35":{"start":{"line":90,"column":13},"end":{"line":96,"column":null}},"36":{"start":{"line":91,"column":18},"end":{"line":91,"column":null}},"37":{"start":{"line":92,"column":2},"end":{"line":94,"column":null}},"38":{"start":{"line":93,"column":4},"end":{"line":93,"column":null}},"39":{"start":{"line":95,"column":2},"end":{"line":95,"column":null}}},"fnMap":{"0":{"name":"AuthProvider","decl":{"start":{"line":18,"column":16},"end":{"line":18,"column":29}},"loc":{"start":{"line":18,"column":68},"end":{"line":87,"column":null}},"line":18},"1":{"name":"(anonymous_1)","decl":{"start":{"line":22,"column":20},"end":{"line":22,"column":32}},"loc":{"start":{"line":22,"column":32},"end":{"line":38,"column":null}},"line":22},"2":{"name":"(anonymous_2)","decl":{"start":{"line":40,"column":22},"end":{"line":40,"column":29}},"loc":{"start":{"line":40,"column":89},"end":{"line":53,"column":null}},"line":40},"3":{"name":"(anonymous_3)","decl":{"start":{"line":54,"column":23},"end":{"line":54,"column":50}},"loc":{"start":{"line":54,"column":50},"end":{"line":58,"column":null}},"line":54},"4":{"name":"(anonymous_4)","decl":{"start":{"line":59,"column":25},"end":{"line":59,"column":null}},"loc":{"start":{"line":64,"column":34},"end":{"line":67,"column":null}},"line":64},"5":{"name":"(anonymous_5)","decl":{"start":{"line":68,"column":2},"end":{"line":68,"column":18}},"loc":{"start":{"line":68,"column":18},"end":{"line":71,"column":5}},"line":68},"6":{"name":"(anonymous_6)","decl":{"start":{"line":90,"column":13},"end":{"line":90,"column":29}},"loc":{"start":{"line":90,"column":29},"end":{"line":96,"column":null}},"line":90}},"branchMap":{"0":{"loc":{"start":{"line":25,"column":6},"end":{"line":31,"column":null}},"type":"if","locations":[{"start":{"line":25,"column":6},"end":{"line":31,"column":null}},{"start":{"line":28,"column":13},"end":{"line":31,"column":null}}],"line":25},"1":{"loc":{"start":{"line":25,"column":10},"end":{"line":25,"column":48}},"type":"binary-expr","locations":[{"start":{"line":25,"column":10},"end":{"line":25,"column":31}},{"start":{"line":25,"column":31},"end":{"line":25,"column":48}}],"line":25},"2":{"loc":{"start":{"line":43,"column":6},"end":{"line":46,"column":null}},"type":"if","locations":[{"start":{"line":43,"column":6},"end":{"line":46,"column":null}},{"start":{},"end":{}}],"line":43},"3":{"loc":{"start":{"line":43,"column":10},"end":{"line":43,"column":56}},"type":"binary-expr","locations":[{"start":{"line":43,"column":10},"end":{"line":43,"column":39}},{"start":{"line":43,"column":39},"end":{"line":43,"column":56}}],"line":43},"4":{"loc":{"start":{"line":63,"column":4},"end":{"line":63,"column":null}},"type":"default-arg","locations":[{"start":{"line":63,"column":19},"end":{"line":63,"column":null}}],"line":63},"5":{"loc":{"start":{"line":92,"column":2},"end":{"line":94,"column":null}},"type":"if","locations":[{"start":{"line":92,"column":2},"end":{"line":94,"column":null}},{"start":{},"end":{}}],"line":92}},"s":{"0":4,"1":26,"2":26,"3":26,"4":26,"5":18,"6":18,"7":10,"8":2,"9":2,"10":8,"11":8,"12":0,"13":0,"14":10,"15":26,"16":2,"17":2,"18":1,"19":1,"20":1,"21":1,"22":0,"23":0,"24":0,"25":26,"26":1,"27":1,"28":1,"29":26,"30":1,"31":1,"32":26,"33":18,"34":26,"35":4,"36":24,"37":24,"38":0,"39":24},"f":{"0":26,"1":18,"2":2,"3":1,"4":1,"5":18,"6":24},"b":{"0":[2,8],"1":[10,2],"2":[1,0],"3":[1,1],"4":[1],"5":[0,24]},"meta":{"lastBranch":6,"lastFunction":7,"lastStatement":40,"seen":{"s:16:20:16:Infinity":0,"f:18:16:18:29":0,"s:19:26:19:Infinity":1,"s:20:48:20:Infinity":2,"s:21:36:21:Infinity":3,"s:22:20:38:Infinity":4,"f:22:20:22:32":1,"s:23:4:37:Infinity":5,"s:24:24:24:36":6,"b:25:6:31:Infinity:28:13:31:Infinity":0,"s:25:6:31:Infinity":7,"b:25:10:25:31:25:31:25:48":1,"s:26:8:26:Infinity":8,"s:27:8:27:Infinity":9,"s:29:8:29:Infinity":10,"s:30:8:30:Infinity":11,"s:33:6:33:Infinity":12,"s:34:6:34:Infinity":13,"s:36:6:36:Infinity":14,"s:40:22:53:Infinity":15,"f:40:22:40:29":2,"s:41:4:52:Infinity":16,"s:42:24:42:Infinity":17,"b:43:6:46:Infinity:undefined:undefined:undefined:undefined":2,"s:43:6:46:Infinity":18,"b:43:10:43:39:43:39:43:56":3,"s:44:8:44:Infinity":19,"s:45:8:45:Infinity":20,"s:47:6:47:Infinity":21,"s:49:6:49:Infinity":22,"s:50:6:50:Infinity":23,"s:51:6:51:Infinity":24,"s:54:23:58:Infinity":25,"f:54:23:54:50":3,"s:55:4:55:Infinity":26,"s:56:4:56:Infinity":27,"s:57:4:57:Infinity":28,"s:59:25:67:Infinity":29,"f:59:25:59:Infinity":4,"b:63:19:63:Infinity":4,"s:65:22:65:Infinity":30,"s:66:4:66:Infinity":31,"s:68:2:71:Infinity":32,"f:68:2:68:18":5,"s:70:4:70:Infinity":33,"s:72:2:85:Infinity":34,"s:90:13:96:Infinity":35,"f:90:13:90:29":6,"s:91:18:91:Infinity":36,"b:92:2:94:Infinity:undefined:undefined:undefined:undefined":5,"s:92:2:94:Infinity":37,"s:93:4:93:Infinity":38,"s:95:2:95:Infinity":39},"fnNames":{}}}
,"/home/runner/work/EdTech/EdTech/frontend/src/hooks/useEasterEggs.js": {"path":"/home/runner/work/EdTech/EdTech/frontend/src/hooks/useEasterEggs.js","statementMap":{"0":{"start":{"line":3,"column":20},"end":{"line":14,"column":null}},"1":{"start":{"line":17,"column":48},"end":{"line":17,"column":null}},"2":{"start":{"line":18,"column":56},"end":{"line":18,"column":null}},"3":{"start":{"line":19,"column":28},"end":{"line":19,"column":null}},"4":{"start":{"line":20,"column":29},"end":{"line":20,"column":null}},"5":{"start":{"line":22,"column":26},"end":{"line":22,"column":null}},"6":{"start":{"line":23,"column":31},"end":{"line":23,"column":null}},"7":{"start":{"line":26,"column":2},"end":{"line":49,"column":null}},"8":{"start":{"line":27,"column":10},"end":{"line":45,"column":null}},"9":{"start":{"line":28,"column":6},"end":{"line":44,"column":null}},"10":{"start":{"line":29,"column":24},"end":{"line":29,"column":null}},"11":{"start":{"line":32,"column":24},"end":{"line":34,"column":null}},"12":{"start":{"line":33,"column":26},"end":{"line":33,"column":null}},"13":{"start":{"line":36,"column":8},"end":{"line":41,"column":null}},"14":{"start":{"line":37,"column":10},"end":{"line":37,"column":null}},"15":{"start":{"line":39,"column":10},"end":{"line":39,"column":null}},"16":{"start":{"line":39,"column":27},"end":{"line":39,"column":54}},"17":{"start":{"line":40,"column":10},"end":{"line":40,"column":null}},"18":{"start":{"line":43,"column":8},"end":{"line":43,"column":null}},"19":{"start":{"line":47,"column":4},"end":{"line":47,"column":null}},"20":{"start":{"line":48,"column":4},"end":{"line":48,"column":null}},"21":{"start":{"line":48,"column":17},"end":{"line":48,"column":null}},"22":{"start":{"line":52,"column":8},"end":{"line":83,"column":null}},"23":{"start":{"line":53,"column":4},"end":{"line":53,"column":null}},"24":{"start":{"line":53,"column":29},"end":{"line":53,"column":null}},"25":{"start":{"line":55,"column":4},"end":{"line":82,"column":null}},"26":{"start":{"line":56,"column":25},"end":{"line":56,"column":null}},"27":{"start":{"line":59,"column":6},"end":{"line":59,"column":null}},"28":{"start":{"line":59,"column":35},"end":{"line":59,"column":null}},"29":{"start":{"line":61,"column":6},"end":{"line":81,"column":null}},"30":{"start":{"line":62,"column":8},"end":{"line":62,"column":null}},"31":{"start":{"line":63,"column":8},"end":{"line":63,"column":null}},"32":{"start":{"line":63,"column":42},"end":{"line":63,"column":null}},"33":{"start":{"line":64,"column":8},"end":{"line":67,"column":null}},"34":{"start":{"line":65,"column":10},"end":{"line":65,"column":null}},"35":{"start":{"line":66,"column":10},"end":{"line":66,"column":null}},"36":{"start":{"line":68,"column":8},"end":{"line":68,"column":null}},"37":{"start":{"line":72,"column":8},"end":{"line":79,"column":null}},"38":{"start":{"line":73,"column":10},"end":{"line":78,"column":null}},"39":{"start":{"line":74,"column":12},"end":{"line":76,"column":null}},"40":{"start":{"line":75,"column":14},"end":{"line":75,"column":null}},"41":{"start":{"line":77,"column":12},"end":{"line":77,"column":null}},"42":{"start":{"line":80,"column":8},"end":{"line":80,"column":null}},"43":{"start":{"line":86,"column":2},"end":{"line":105,"column":null}},"44":{"start":{"line":87,"column":4},"end":{"line":90,"column":null}},"45":{"start":{"line":91,"column":4},"end":{"line":94,"column":null}},"46":{"start":{"line":95,"column":4},"end":{"line":104,"column":null}},"47":{"start":{"line":107,"column":2},"end":{"line":111,"column":null}}},"fnMap":{"0":{"name":"useEasterEggs","decl":{"start":{"line":16,"column":24},"end":{"line":16,"column":40}},"loc":{"start":{"line":16,"column":40},"end":{"line":112,"column":null}},"line":16},"1":{"name":"(anonymous_1)","decl":{"start":{"line":26,"column":2},"end":{"line":26,"column":18}},"loc":{"start":{"line":26,"column":18},"end":{"line":49,"column":5}},"line":26},"2":{"name":"(anonymous_2)","decl":{"start":{"line":27,"column":10},"end":{"line":27,"column":27}},"loc":{"start":{"line":27,"column":33},"end":{"line":45,"column":null}},"line":27},"3":{"name":"(anonymous_3)","decl":{"start":{"line":28,"column":6},"end":{"line":28,"column":22}},"loc":{"start":{"line":28,"column":31},"end":{"line":44,"column":7}},"line":28},"4":{"name":"(anonymous_4)","decl":{"start":{"line":32,"column":32},"end":{"line":32,"column":null}},"loc":{"start":{"line":33,"column":26},"end":{"line":33,"column":null}},"line":33},"5":{"name":"(anonymous_5)","decl":{"start":{"line":39,"column":10},"end":{"line":39,"column":27}},"loc":{"start":{"line":39,"column":27},"end":{"line":39,"column":54}},"line":39},"6":{"name":"(anonymous_6)","decl":{"start":{"line":48,"column":4},"end":{"line":48,"column":17}},"loc":{"start":{"line":48,"column":17},"end":{"line":48,"column":null}},"line":48},"7":{"name":"(anonymous_7)","decl":{"start":{"line":52,"column":8},"end":{"line":52,"column":32}},"loc":{"start":{"line":52,"column":32},"end":{"line":83,"column":null}},"line":52},"8":{"name":"(anonymous_8)","decl":{"start":{"line":55,"column":4},"end":{"line":55,"column":19}},"loc":{"start":{"line":55,"column":28},"end":{"line":82,"column":5}},"line":55},"9":{"name":"(anonymous_9)","decl":{"start":{"line":64,"column":39},"end":{"line":64,"column":56}},"loc":{"start":{"line":64,"column":56},"end":{"line":67,"column":11}},"line":64},"10":{"name":"(anonymous_10)","decl":{"start":{"line":72,"column":34},"end":{"line":72,"column":51}},"loc":{"start":{"line":72,"column":51},"end":{"line":79,"column":11}},"line":72},"11":{"name":"(anonymous_11)","decl":{"start":{"line":73,"column":10},"end":{"line":73,"column":25}},"loc":{"start":{"line":73,"column":43},"end":{"line":78,"column":11}},"line":73},"12":{"name":"(anonymous_12)","decl":{"start":{"line":86,"column":2},"end":{"line":86,"column":18}},"loc":{"start":{"line":86,"column":18},"end":{"line":105,"column":5}},"line":86}},"branchMap":{"0":{"loc":{"start":{"line":36,"column":8},"end":{"line":41,"column":null}},"type":"if","locations":[{"start":{"line":36,"column":8},"end":{"line":41,"column":null}},{"start":{},"end":{}}],"line":36},"1":{"loc":{"start":{"line":36,"column":12},"end":{"line":36,"column":62}},"type":"binary-expr","locations":[{"start":{"line":36,"column":12},"end":{"line":36,"column":23}},{"start":{"line":36,"column":23},"end":{"line":36,"column":62}}],"line":36},"2":{"loc":{"start":{"line":53,"column":4},"end":{"line":53,"column":null}},"type":"if","locations":[{"start":{"line":53,"column":4},"end":{"line":53,"column":null}},{"start":{},"end":{}}],"line":53},"3":{"loc":{"start":{"line":59,"column":6},"end":{"line":59,"column":null}},"type":"if","locations":[{"start":{"line":59,"column":6},"end":{"line":59,"column":null}},{"start":{},"end":{}}],"line":59},"4":{"loc":{"start":{"line":61,"column":6},"end":{"line":81,"column":null}},"type":"if","locations":[{"start":{"line":61,"column":6},"end":{"line":81,"column":null}},{"start":{"line":69,"column":13},"end":{"line":81,"column":null}}],"line":61},"5":{"loc":{"start":{"line":63,"column":8},"end":{"line":63,"column":null}},"type":"if","locations":[{"start":{"line":63,"column":8},"end":{"line":63,"column":null}},{"start":{},"end":{}}],"line":63},"6":{"loc":{"start":{"line":74,"column":12},"end":{"line":76,"column":null}},"type":"if","locations":[{"start":{"line":74,"column":12},"end":{"line":76,"column":null}},{"start":{},"end":{}}],"line":74}},"s":{"0":5,"1":100,"2":100,"3":100,"4":100,"5":100,"6":100,"7":100,"8":24,"9":10,"10":10,"11":10,"12":55,"13":10,"14":1,"15":1,"16":1,"17":1,"18":9,"19":24,"20":24,"21":24,"22":100,"23":6,"24":0,"25":6,"26":6,"27":6,"28":4,"29":6,"30":1,"31":1,"32":0,"33":1,"34":1,"35":1,"36":1,"37":5,"38":1,"39":1,"40":1,"41":1,"42":5,"43":100,"44":24,"45":24,"46":24,"47":100},"f":{"0":100,"1":24,"2":10,"3":10,"4":55,"5":1,"6":24,"7":6,"8":6,"9":1,"10":1,"11":1,"12":24},"b":{"0":[1,9],"1":[10,10],"2":[0,6],"3":[4,2],"4":[1,5],"5":[0,1],"6":[1,0]},"meta":{"lastBranch":7,"lastFunction":13,"lastStatement":48,"seen":{"s:3:20:14:Infinity":0,"f:16:24:16:40":0,"s:17:48:17:Infinity":1,"s:18:56:18:Infinity":2,"s:19:28:19:Infinity":3,"s:20:29:20:Infinity":4,"s:22:26:22:Infinity":5,"s:23:31:23:Infinity":6,"s:26:2:49:Infinity":7,"f:26:2:26:18":1,"s:27:10:45:Infinity":8,"f:27:10:27:27":2,"s:28:6:44:Infinity":9,"f:28:6:28:22":3,"s:29:24:29:Infinity":10,"s:32:24:34:Infinity":11,"f:32:32:32:Infinity":4,"s:33:26:33:Infinity":12,"b:36:8:41:Infinity:undefined:undefined:undefined:undefined":0,"s:36:8:41:Infinity":13,"b:36:12:36:23:36:23:36:62":1,"s:37:10:37:Infinity":14,"s:39:10:39:Infinity":15,"f:39:10:39:27":5,"s:39:27:39:54":16,"s:40:10:40:Infinity":17,"s:43:8:43:Infinity":18,"s:47:4:47:Infinity":19,"s:48:4:48:Infinity":20,"f:48:4:48:17":6,"s:48:17:48:Infinity":21,"s:52:8:83:Infinity":22,"f:52:8:52:32":7,"b:53:4:53:Infinity:undefined:undefined:undefined:undefined":2,"s:53:4:53:Infinity":23,"s:53:29:53:Infinity":24,"s:55:4:82:Infinity":25,"f:55:4:55:19":8,"s:56:25:56:Infinity":26,"b:59:6:59:Infinity:undefined:undefined:undefined:undefined":3,"s:59:6:59:Infinity":27,"s:59:35:59:Infinity":28,"b:61:6:81:Infinity:69:13:81:Infinity":4,"s:61:6:81:Infinity":29,"s:62:8:62:Infinity":30,"b:63:8:63:Infinity:undefined:undefined:undefined:undefined":5,"s:63:8:63:Infinity":31,"s:63:42:63:Infinity":32,"s:64:8:67:Infinity":33,"f:64:39:64:56":9,"s:65:10:65:Infinity":34,"s:66:10:66:Infinity":35,"s:68:8:68:Infinity":36,"s:72:8:79:Infinity":37,"f:72:34:72:51":10,"s:73:10:78:Infinity":38,"f:73:10:73:25":11,"b:74:12:76:Infinity:undefined:undefined:undefined:undefined":6,"s:74:12:76:Infinity":39,"s:75:14:75:Infinity":40,"s:77:12:77:Infinity":41,"s:80:8:80:Infinity":42,"s:86:2:105:Infinity":43,"f:86:2:86:18":12,"s:87:4:90:Infinity":44,"s:91:4:94:Infinity":45,"s:95:4:104:Infinity":46,"s:107:2:111:Infinity":47},"fnNames":{}}}
,"/home/runner/work/EdTech/EdTech/frontend/src/hooks/useTheme.js": {"path":"/home/runner/work/EdTech/EdTech/frontend/src/hooks/useTheme.js","statementMap":{"0":{"start":{"line":2,"column":6},"end":{"line":23,"column":null}},"1":{"start":{"line":3,"column":26},"end":{"line":9,"column":null}},"2":{"start":{"line":4,"column":4},"end":{"line":8,"column":null}},"3":{"start":{"line":10,"column":2},"end":{"line":14,"column":null}},"4":{"start":{"line":11,"column":4},"end":{"line":11,"column":null}},"5":{"start":{"line":12,"column":4},"end":{"line":12,"column":null}},"6":{"start":{"line":13,"column":4},"end":{"line":13,"column":null}},"7":{"start":{"line":15,"column":8},"end":{"line":21,"column":null}},"8":{"start":{"line":16,"column":4},"end":{"line":20,"column":null}},"9":{"start":{"line":17,"column":6},"end":{"line":17,"column":null}},"10":{"start":{"line":19,"column":6},"end":{"line":19,"column":null}},"11":{"start":{"line":22,"column":2},"end":{"line":22,"column":null}}},"fnMap":{"0":{"name":"(anonymous_0)","decl":{"start":{"line":2,"column":6},"end":{"line":2,"column":23}},"loc":{"start":{"line":2,"column":23},"end":{"line":23,"column":null}},"line":2},"1":{"name":"(anonymous_1)","decl":{"start":{"line":3,"column":26},"end":{"line":3,"column":41}},"loc":{"start":{"line":3,"column":41},"end":{"line":9,"column":3}},"line":3},"2":{"name":"(anonymous_2)","decl":{"start":{"line":10,"column":2},"end":{"line":10,"column":18}},"loc":{"start":{"line":10,"column":18},"end":{"line":14,"column":5}},"line":10},"3":{"name":"(anonymous_3)","decl":{"start":{"line":15,"column":8},"end":{"line":15,"column":28}},"loc":{"start":{"line":15,"column":28},"end":{"line":21,"column":null}},"line":15}},"branchMap":{"0":{"loc":{"start":{"line":4,"column":11},"end":{"line":8,"column":null}},"type":"cond-expr","locations":[{"start":{"line":5,"column":8},"end":{"line":5,"column":null}},{"start":{"line":6,"column":8},"end":{"line":8,"column":null}}],"line":4},"1":{"loc":{"start":{"line":6,"column":8},"end":{"line":8,"column":null}},"type":"cond-expr","locations":[{"start":{"line":7,"column":10},"end":{"line":7,"column":null}},{"start":{"line":8,"column":10},"end":{"line":8,"column":null}}],"line":6},"2":{"loc":{"start":{"line":16,"column":4},"end":{"line":20,"column":null}},"type":"if","locations":[{"start":{"line":16,"column":4},"end":{"line":20,"column":null}},{"start":{"line":18,"column":11},"end":{"line":20,"column":null}}],"line":16}},"s":{"0":5,"1":95,"2":25,"3":95,"4":27,"5":27,"6":27,"7":95,"8":2,"9":1,"10":1,"11":95},"f":{"0":95,"1":25,"2":27,"3":2},"b":{"0":[19,6],"1":[1,5],"2":[1,1]},"meta":{"lastBranch":3,"lastFunction":4,"lastStatement":12,"seen":{"s:2:6:23:Infinity":0,"f:2:6:2:23":0,"s:3:26:9:Infinity":1,"f:3:26:3:41":1,"s:4:4:8:Infinity":2,"b:5:8:5:Infinity:6:8:8:Infinity":0,"b:7:10:7:Infinity:8:10:8:Infinity":1,"s:10:2:14:Infinity":3,"f:10:2:10:18":2,"s:11:4:11:Infinity":4,"s:12:4:12:Infinity":5,"s:13:4:13:Infinity":6,"s:15:8:21:Infinity":7,"f:15:8:15:28":3,"b:16:4:20:Infinity:18:11:20:Infinity":2,"s:16:4:20:Infinity":8,"s:17:6:17:Infinity":9,"s:19:6:19:Infinity":10,"s:22:2:22:Infinity":11},"fnNames":{}}}
,"/home/runner/work/EdTech/EdTech/frontend/src/pages/Recovery.tsx": {"path":"/home/runner/work/EdTech/EdTech/frontend/src/pages/Recovery.tsx","statementMap":{"0":{"start":{"line":9,"column":26},"end":{"line":9,"column":null}},"1":{"start":{"line":10,"column":28},"end":{"line":10,"column":null}},"2":{"start":{"line":11,"column":26},"end":{"line":11,"column":null}},"3":{"start":{"line":12,"column":28},"end":{"line":12,"column":null}},"4":{"start":{"line":13,"column":46},"end":{"line":13,"column":null}},"5":{"start":{"line":15,"column":42},"end":{"line":15,"column":null}},"6":{"start":{"line":16,"column":56},"end":{"line":16,"column":null}},"7":{"start":{"line":18,"column":26},"end":{"line":18,"column":null}},"8":{"start":{"line":19,"column":32},"end":{"line":19,"column":null}},"9":{"start":{"line":20,"column":32},"end":{"line":20,"column":null}},"10":{"start":{"line":21,"column":36},"end":{"line":21,"column":null}},"11":{"start":{"line":23,"column":19},"end":{"line":23,"column":31}},"12":{"start":{"line":24,"column":8},"end":{"line":27,"column":null}},"13":{"start":{"line":25,"column":4},"end":{"line":25,"column":null}},"14":{"start":{"line":26,"column":4},"end":{"line":26,"column":null}},"15":{"start":{"line":26,"column":21},"end":{"line":26,"column":42}},"16":{"start":{"line":29,"column":28},"end":{"line":50,"column":null}},"17":{"start":{"line":30,"column":4},"end":{"line":30,"column":null}},"18":{"start":{"line":30,"column":11},"end":{"line":30,"column":null}},"19":{"start":{"line":31,"column":4},"end":{"line":31,"column":null}},"20":{"start":{"line":32,"column":4},"end":{"line":32,"column":null}},"21":{"start":{"line":34,"column":4},"end":{"line":49,"column":null}},"22":{"start":{"line":35,"column":18},"end":{"line":35,"column":null}},"23":{"start":{"line":36,"column":6},"end":{"line":43,"column":null}},"24":{"start":{"line":37,"column":8},"end":{"line":37,"column":null}},"25":{"start":{"line":38,"column":8},"end":{"line":38,"column":null}},"26":{"start":{"line":39,"column":8},"end":{"line":39,"column":null}},"27":{"start":{"line":39,"column":25},"end":{"line":39,"column":41}},"28":{"start":{"line":41,"column":8},"end":{"line":41,"column":null}},"29":{"start":{"line":42,"column":8},"end":{"line":42,"column":null}},"30":{"start":{"line":45,"column":6},"end":{"line":45,"column":null}},"31":{"start":{"line":46,"column":6},"end":{"line":46,"column":null}},"32":{"start":{"line":48,"column":6},"end":{"line":48,"column":null}},"33":{"start":{"line":52,"column":27},"end":{"line":73,"column":null}},"34":{"start":{"line":53,"column":4},"end":{"line":53,"column":null}},"35":{"start":{"line":53,"column":11},"end":{"line":53,"column":null}},"36":{"start":{"line":54,"column":4},"end":{"line":54,"column":null}},"37":{"start":{"line":55,"column":4},"end":{"line":55,"column":null}},"38":{"start":{"line":57,"column":4},"end":{"line":72,"column":null}},"39":{"start":{"line":58,"column":18},"end":{"line":58,"column":null}},"40":{"start":{"line":59,"column":6},"end":{"line":66,"column":null}},"41":{"start":{"line":60,"column":8},"end":{"line":60,"column":null}},"42":{"start":{"line":61,"column":8},"end":{"line":61,"column":null}},"43":{"start":{"line":62,"column":8},"end":{"line":62,"column":null}},"44":{"start":{"line":62,"column":25},"end":{"line":62,"column":41}},"45":{"start":{"line":64,"column":8},"end":{"line":64,"column":null}},"46":{"start":{"line":65,"column":8},"end":{"line":65,"column":null}},"47":{"start":{"line":68,"column":6},"end":{"line":68,"column":null}},"48":{"start":{"line":69,"column":6},"end":{"line":69,"column":null}},"49":{"start":{"line":71,"column":6},"end":{"line":71,"column":null}},"50":{"start":{"line":75,"column":30},"end":{"line":101,"column":null}},"51":{"start":{"line":76,"column":4},"end":{"line":76,"column":null}},"52":{"start":{"line":76,"column":11},"end":{"line":76,"column":null}},"53":{"start":{"line":77,"column":4},"end":{"line":77,"column":null}},"54":{"start":{"line":79,"column":4},"end":{"line":83,"column":null}},"55":{"start":{"line":80,"column":6},"end":{"line":80,"column":null}},"56":{"start":{"line":81,"column":6},"end":{"line":81,"column":null}},"57":{"start":{"line":82,"column":6},"end":{"line":82,"column":null}},"58":{"start":{"line":85,"column":4},"end":{"line":85,"column":null}},"59":{"start":{"line":86,"column":4},"end":{"line":100,"column":null}},"60":{"start":{"line":87,"column":18},"end":{"line":87,"column":null}},"61":{"start":{"line":88,"column":6},"end":{"line":94,"column":null}},"62":{"start":{"line":89,"column":8},"end":{"line":89,"column":null}},"63":{"start":{"line":90,"column":8},"end":{"line":90,"column":null}},"64":{"start":{"line":90,"column":25},"end":{"line":90,"column":45}},"65":{"start":{"line":92,"column":8},"end":{"line":92,"column":null}},"66":{"start":{"line":93,"column":8},"end":{"line":93,"column":null}},"67":{"start":{"line":96,"column":6},"end":{"line":96,"column":null}},"68":{"start":{"line":97,"column":6},"end":{"line":97,"column":null}},"69":{"start":{"line":99,"column":6},"end":{"line":99,"column":null}},"70":{"start":{"line":105,"column":23},"end":{"line":108,"column":null}},"71":{"start":{"line":110,"column":24},"end":{"line":112,"column":null}},"72":{"start":{"line":115,"column":4},"end":{"line":115,"column":null}},"73":{"start":{"line":117,"column":4},"end":{"line":121,"column":null}},"74":{"start":{"line":123,"column":2},"end":{"line":338,"column":null}},"75":{"start":{"line":131,"column":12},"end":{"line":131,"column":null}},"76":{"start":{"line":132,"column":12},"end":{"line":132,"column":null}},"77":{"start":{"line":172,"column":35},"end":{"line":172,"column":null}},"78":{"start":{"line":187,"column":33},"end":{"line":187,"column":null}},"79":{"start":{"line":198,"column":35},"end":{"line":198,"column":null}},"80":{"start":{"line":218,"column":37},"end":{"line":218,"column":null}},"81":{"start":{"line":225,"column":35},"end":{"line":225,"column":null}},"82":{"start":{"line":269,"column":37},"end":{"line":269,"column":null}},"83":{"start":{"line":276,"column":35},"end":{"line":276,"column":null}}},"fnMap":{"0":{"name":"Recovery","decl":{"start":{"line":8,"column":9},"end":{"line":8,"column":20}},"loc":{"start":{"line":8,"column":20},"end":{"line":340,"column":null}},"line":8},"1":{"name":"(anonymous_1)","decl":{"start":{"line":24,"column":8},"end":{"line":24,"column":29}},"loc":{"start":{"line":24,"column":29},"end":{"line":27,"column":null}},"line":24},"2":{"name":"(anonymous_2)","decl":{"start":{"line":26,"column":4},"end":{"line":26,"column":21}},"loc":{"start":{"line":26,"column":21},"end":{"line":26,"column":42}},"line":26},"3":{"name":"(anonymous_3)","decl":{"start":{"line":29,"column":28},"end":{"line":29,"column":35}},"loc":{"start":{"line":29,"column":58},"end":{"line":50,"column":null}},"line":29},"4":{"name":"(anonymous_4)","decl":{"start":{"line":39,"column":8},"end":{"line":39,"column":25}},"loc":{"start":{"line":39,"column":25},"end":{"line":39,"column":41}},"line":39},"5":{"name":"(anonymous_5)","decl":{"start":{"line":52,"column":27},"end":{"line":52,"column":34}},"loc":{"start":{"line":52,"column":57},"end":{"line":73,"column":null}},"line":52},"6":{"name":"(anonymous_6)","decl":{"start":{"line":62,"column":8},"end":{"line":62,"column":25}},"loc":{"start":{"line":62,"column":25},"end":{"line":62,"column":41}},"line":62},"7":{"name":"(anonymous_7)","decl":{"start":{"line":75,"column":30},"end":{"line":75,"column":37}},"loc":{"start":{"line":75,"column":60},"end":{"line":101,"column":null}},"line":75},"8":{"name":"(anonymous_8)","decl":{"start":{"line":90,"column":8},"end":{"line":90,"column":25}},"loc":{"start":{"line":90,"column":25},"end":{"line":90,"column":45}},"line":90},"9":{"name":"(anonymous_9)","decl":{"start":{"line":130,"column":10},"end":{"line":130,"column":22}},"loc":{"start":{"line":130,"column":28},"end":{"line":133,"column":null}},"line":130},"10":{"name":"(anonymous_10)","decl":{"start":{"line":172,"column":18},"end":{"line":172,"column":29}},"loc":{"start":{"line":172,"column":35},"end":{"line":172,"column":null}},"line":172},"11":{"name":"(anonymous_11)","decl":{"start":{"line":187,"column":18},"end":{"line":187,"column":33}},"loc":{"start":{"line":187,"column":33},"end":{"line":187,"column":null}},"line":187},"12":{"name":"(anonymous_12)","decl":{"start":{"line":198,"column":18},"end":{"line":198,"column":29}},"loc":{"start":{"line":198,"column":35},"end":{"line":198,"column":null}},"line":198},"13":{"name":"(anonymous_13)","decl":{"start":{"line":218,"column":20},"end":{"line":218,"column":31}},"loc":{"start":{"line":218,"column":37},"end":{"line":218,"column":null}},"line":218},"14":{"name":"(anonymous_14)","decl":{"start":{"line":225,"column":20},"end":{"line":225,"column":35}},"loc":{"start":{"line":225,"column":35},"end":{"line":225,"column":null}},"line":225},"15":{"name":"(anonymous_15)","decl":{"start":{"line":269,"column":20},"end":{"line":269,"column":31}},"loc":{"start":{"line":269,"column":37},"end":{"line":269,"column":null}},"line":269},"16":{"name":"(anonymous_16)","decl":{"start":{"line":276,"column":20},"end":{"line":276,"column":35}},"loc":{"start":{"line":276,"column":35},"end":{"line":276,"column":null}},"line":276}},"branchMap":{"0":{"loc":{"start":{"line":30,"column":4},"end":{"line":30,"column":null}},"type":"if","locations":[{"start":{"line":30,"column":4},"end":{"line":30,"column":null}},{"start":{},"end":{}}],"line":30},"1":{"loc":{"start":{"line":36,"column":6},"end":{"line":43,"column":null}},"type":"if","locations":[{"start":{"line":36,"column":6},"end":{"line":43,"column":null}},{"start":{"line":40,"column":13},"end":{"line":43,"column":null}}],"line":36},"2":{"loc":{"start":{"line":41,"column":16},"end":{"line":41,"column":58}},"type":"binary-expr","locations":[{"start":{"line":41,"column":16},"end":{"line":41,"column":32}},{"start":{"line":41,"column":32},"end":{"line":41,"column":58}}],"line":41},"3":{"loc":{"start":{"line":53,"column":4},"end":{"line":53,"column":null}},"type":"if","locations":[{"start":{"line":53,"column":4},"end":{"line":53,"column":null}},{"start":{},"end":{}}],"line":53},"4":{"loc":{"start":{"line":59,"column":6},"end":{"line":66,"column":null}},"type":"if","locations":[{"start":{"line":59,"column":6},"end":{"line":66,"column":null}},{"start":{"line":63,"column":13},"end":{"line":66,"column":null}}],"line":59},"5":{"loc":{"start":{"line":64,"column":16},"end":{"line":64,"column":49}},"type":"binary-expr","locations":[{"start":{"line":64,"column":16},"end":{"line":64,"column":32}},{"start":{"line":64,"column":32},"end":{"line":64,"column":49}}],"line":64},"6":{"loc":{"start":{"line":76,"column":4},"end":{"line":76,"column":null}},"type":"if","locations":[{"start":{"line":76,"column":4},"end":{"line":76,"column":null}},{"start":{},"end":{}}],"line":76},"7":{"loc":{"start":{"line":79,"column":4},"end":{"line":83,"column":null}},"type":"if","locations":[{"start":{"line":79,"column":4},"end":{"line":83,"column":null}},{"start":{},"end":{}}],"line":79},"8":{"loc":{"start":{"line":88,"column":6},"end":{"line":94,"column":null}},"type":"if","locations":[{"start":{"line":88,"column":6},"end":{"line":94,"column":null}},{"start":{"line":91,"column":13},"end":{"line":94,"column":null}}],"line":88},"9":{"loc":{"start":{"line":92,"column":16},"end":{"line":92,"column":57}},"type":"binary-expr","locations":[{"start":{"line":92,"column":16},"end":{"line":92,"column":32}},{"start":{"line":92,"column":32},"end":{"line":92,"column":57}}],"line":92},"10":{"loc":{"start":{"line":115,"column":4},"end":{"line":115,"column":null}},"type":"cond-expr","locations":[{"start":{"line":115,"column":17},"end":{"line":115,"column":39}},{"start":{"line":115,"column":39},"end":{"line":115,"column":null}}],"line":115},"11":{"loc":{"start":{"line":115,"column":39},"end":{"line":115,"column":null}},"type":"cond-expr","locations":[{"start":{"line":115,"column":52},"end":{"line":115,"column":78}},{"start":{"line":115,"column":78},"end":{"line":115,"column":null}}],"line":115},"12":{"loc":{"start":{"line":117,"column":4},"end":{"line":121,"column":null}},"type":"cond-expr","locations":[{"start":{"line":118,"column":8},"end":{"line":118,"column":null}},{"start":{"line":119,"column":8},"end":{"line":121,"column":null}}],"line":117},"13":{"loc":{"start":{"line":119,"column":8},"end":{"line":121,"column":null}},"type":"cond-expr","locations":[{"start":{"line":120,"column":10},"end":{"line":120,"column":null}},{"start":{"line":121,"column":10},"end":{"line":121,"column":null}}],"line":119},"14":{"loc":{"start":{"line":128,"column":12},"end":{"line":128,"column":null}},"type":"cond-expr","locations":[{"start":{"line":128,"column":25},"end":{"line":128,"column":45}},{"start":{"line":128,"column":45},"end":{"line":128,"column":null}}],"line":128},"15":{"loc":{"start":{"line":128,"column":45},"end":{"line":128,"column":null}},"type":"cond-expr","locations":[{"start":{"line":128,"column":58},"end":{"line":128,"column":77}},{"start":{"line":128,"column":77},"end":{"line":128,"column":null}}],"line":128},"16":{"loc":{"start":{"line":135,"column":11},"end":{"line":142,"column":null}},"type":"binary-expr","locations":[{"start":{"line":135,"column":11},"end":{"line":135,"column":null}},{"start":{"line":136,"column":12},"end":{"line":142,"column":null}}],"line":135},"17":{"loc":{"start":{"line":144,"column":11},"end":{"line":159,"column":null}},"type":"binary-expr","locations":[{"start":{"line":144,"column":11},"end":{"line":144,"column":null}},{"start":{"line":145,"column":12},"end":{"line":159,"column":null}}],"line":144},"18":{"loc":{"start":{"line":162,"column":11},"end":{"line":177,"column":null}},"type":"binary-expr","locations":[{"start":{"line":162,"column":11},"end":{"line":162,"column":null}},{"start":{"line":163,"column":12},"end":{"line":177,"column":null}}],"line":162},"19":{"loc":{"start":{"line":180,"column":11},"end":{"line":204,"column":null}},"type":"binary-expr","locations":[{"start":{"line":180,"column":11},"end":{"line":180,"column":null}},{"start":{"line":181,"column":12},"end":{"line":204,"column":null}}],"line":180},"20":{"loc":{"start":{"line":207,"column":11},"end":{"line":311,"column":null}},"type":"binary-expr","locations":[{"start":{"line":207,"column":11},"end":{"line":207,"column":null}},{"start":{"line":208,"column":12},"end":{"line":311,"column":null}}],"line":207},"21":{"loc":{"start":{"line":216,"column":26},"end":{"line":216,"column":null}},"type":"cond-expr","locations":[{"start":{"line":216,"column":41},"end":{"line":216,"column":50}},{"start":{"line":216,"column":50},"end":{"line":216,"column":null}}],"line":216},"22":{"loc":{"start":{"line":228,"column":21},"end":{"line":255,"column":null}},"type":"cond-expr","locations":[{"start":{"line":229,"column":22},"end":{"line":243,"column":23}},{"start":{"line":243,"column":22},"end":{"line":255,"column":null}}],"line":228},"23":{"loc":{"start":{"line":267,"column":26},"end":{"line":267,"column":null}},"type":"cond-expr","locations":[{"start":{"line":267,"column":48},"end":{"line":267,"column":57}},{"start":{"line":267,"column":57},"end":{"line":267,"column":null}}],"line":267},"24":{"loc":{"start":{"line":279,"column":21},"end":{"line":306,"column":null}},"type":"cond-expr","locations":[{"start":{"line":280,"column":22},"end":{"line":294,"column":23}},{"start":{"line":294,"column":22},"end":{"line":306,"column":null}}],"line":279},"25":{"loc":{"start":{"line":316,"column":21},"end":{"line":316,"column":null}},"type":"cond-expr","locations":[{"start":{"line":316,"column":33},"end":{"line":316,"column":43}},{"start":{"line":316,"column":43},"end":{"line":316,"column":null}}],"line":316},"26":{"loc":{"start":{"line":323,"column":13},"end":{"line":323,"column":88}},"type":"cond-expr","locations":[{"start":{"line":323,"column":23},"end":{"line":323,"column":42}},{"start":{"line":323,"column":42},"end":{"line":323,"column":88}}],"line":323},"27":{"loc":{"start":{"line":323,"column":42},"end":{"line":323,"column":88}},"type":"cond-expr","locations":[{"start":{"line":323,"column":55},"end":{"line":323,"column":75}},{"start":{"line":323,"column":75},"end":{"line":323,"column":88}}],"line":323}},"s":{"0":60,"1":60,"2":60,"3":60,"4":60,"5":60,"6":60,"7":60,"8":60,"9":60,"10":60,"11":60,"12":60,"13":3,"14":3,"15":2,"16":60,"17":8,"18":8,"19":8,"20":8,"21":8,"22":8,"23":8,"24":7,"25":7,"26":7,"27":0,"28":1,"29":1,"30":0,"31":0,"32":8,"33":60,"34":5,"35":5,"36":5,"37":5,"38":5,"39":5,"40":5,"41":4,"42":4,"43":4,"44":0,"45":1,"46":1,"47":0,"48":0,"49":5,"50":60,"51":2,"52":2,"53":2,"54":2,"55":1,"56":1,"57":1,"58":1,"59":1,"60":1,"61":1,"62":1,"63":1,"64":0,"65":0,"66":0,"67":0,"68":0,"69":1,"70":60,"71":60,"72":60,"73":60,"74":60,"75":0,"76":0,"77":8,"78":1,"79":5,"80":2,"81":2,"82":2,"83":2},"f":{"0":60,"1":3,"2":2,"3":8,"4":0,"5":5,"6":0,"7":2,"8":0,"9":0,"10":8,"11":1,"12":5,"13":2,"14":2,"15":2,"16":2},"b":{"0":[8,0],"1":[7,1],"2":[1,0],"3":[5,0],"4":[4,1],"5":[1,0],"6":[2,0],"7":[1,1],"8":[1,0],"9":[0,0],"10":[27,33],"11":[18,15],"12":[27,33],"13":[18,15],"14":[27,33],"15":[18,15],"16":[60,3],"17":[60,6],"18":[60,27],"19":[60,18],"20":[60,15],"21":[1,14],"22":[1,14],"23":[1,14],"24":[1,14],"25":[3,57],"26":[14,46],"27":[14,32]},"meta":{"lastBranch":28,"lastFunction":17,"lastStatement":84,"seen":{"f:8:9:8:20":0,"s:9:26:9:Infinity":0,"s:10:28:10:Infinity":1,"s:11:26:11:Infinity":2,"s:12:28:12:Infinity":3,"s:13:46:13:Infinity":4,"s:15:42:15:Infinity":5,"s:16:56:16:Infinity":6,"s:18:26:18:Infinity":7,"s:19:32:19:Infinity":8,"s:20:32:20:Infinity":9,"s:21:36:21:Infinity":10,"s:23:19:23:31":11,"s:24:8:27:Infinity":12,"f:24:8:24:29":1,"s:25:4:25:Infinity":13,"s:26:4:26:Infinity":14,"f:26:4:26:21":2,"s:26:21:26:42":15,"s:29:28:50:Infinity":16,"f:29:28:29:35":3,"b:30:4:30:Infinity:undefined:undefined:undefined:undefined":0,"s:30:4:30:Infinity":17,"s:30:11:30:Infinity":18,"s:31:4:31:Infinity":19,"s:32:4:32:Infinity":20,"s:34:4:49:Infinity":21,"s:35:18:35:Infinity":22,"b:36:6:43:Infinity:40:13:43:Infinity":1,"s:36:6:43:Infinity":23,"s:37:8:37:Infinity":24,"s:38:8:38:Infinity":25,"s:39:8:39:Infinity":26,"f:39:8:39:25":4,"s:39:25:39:41":27,"s:41:8:41:Infinity":28,"b:41:16:41:32:41:32:41:58":2,"s:42:8:42:Infinity":29,"s:45:6:45:Infinity":30,"s:46:6:46:Infinity":31,"s:48:6:48:Infinity":32,"s:52:27:73:Infinity":33,"f:52:27:52:34":5,"b:53:4:53:Infinity:undefined:undefined:undefined:undefined":3,"s:53:4:53:Infinity":34,"s:53:11:53:Infinity":35,"s:54:4:54:Infinity":36,"s:55:4:55:Infinity":37,"s:57:4:72:Infinity":38,"s:58:18:58:Infinity":39,"b:59:6:66:Infinity:63:13:66:Infinity":4,"s:59:6:66:Infinity":40,"s:60:8:60:Infinity":41,"s:61:8:61:Infinity":42,"s:62:8:62:Infinity":43,"f:62:8:62:25":6,"s:62:25:62:41":44,"s:64:8:64:Infinity":45,"b:64:16:64:32:64:32:64:49":5,"s:65:8:65:Infinity":46,"s:68:6:68:Infinity":47,"s:69:6:69:Infinity":48,"s:71:6:71:Infinity":49,"s:75:30:101:Infinity":50,"f:75:30:75:37":7,"b:76:4:76:Infinity:undefined:undefined:undefined:undefined":6,"s:76:4:76:Infinity":51,"s:76:11:76:Infinity":52,"s:77:4:77:Infinity":53,"b:79:4:83:Infinity:undefined:undefined:undefined:undefined":7,"s:79:4:83:Infinity":54,"s:80:6:80:Infinity":55,"s:81:6:81:Infinity":56,"s:82:6:82:Infinity":57,"s:85:4:85:Infinity":58,"s:86:4:100:Infinity":59,"s:87:18:87:Infinity":60,"b:88:6:94:Infinity:91:13:94:Infinity":8,"s:88:6:94:Infinity":61,"s:89:8:89:Infinity":62,"s:90:8:90:Infinity":63,"f:90:8:90:25":8,"s:90:25:90:45":64,"s:92:8:92:Infinity":65,"b:92:16:92:32:92:32:92:57":9,"s:93:8:93:Infinity":66,"s:96:6:96:Infinity":67,"s:97:6:97:Infinity":68,"s:99:6:99:Infinity":69,"s:105:23:108:Infinity":70,"s:110:24:112:Infinity":71,"s:115:4:115:Infinity":72,"b:115:17:115:39:115:39:115:Infinity":10,"b:115:52:115:78:115:78:115:Infinity":11,"s:117:4:121:Infinity":73,"b:118:8:118:Infinity:119:8:121:Infinity":12,"b:120:10:120:Infinity:121:10:121:Infinity":13,"s:123:2:338:Infinity":74,"b:128:25:128:45:128:45:128:Infinity":14,"b:128:58:128:77:128:77:128:Infinity":15,"f:130:10:130:22":9,"s:131:12:131:Infinity":75,"s:132:12:132:Infinity":76,"b:135:11:135:Infinity:136:12:142:Infinity":16,"b:144:11:144:Infinity:145:12:159:Infinity":17,"b:162:11:162:Infinity:163:12:177:Infinity":18,"f:172:18:172:29":10,"s:172:35:172:Infinity":77,"b:180:11:180:Infinity:181:12:204:Infinity":19,"f:187:18:187:33":11,"s:187:33:187:Infinity":78,"f:198:18:198:29":12,"s:198:35:198:Infinity":79,"b:207:11:207:Infinity:208:12:311:Infinity":20,"b:216:41:216:50:216:50:216:Infinity":21,"f:218:20:218:31":13,"s:218:37:218:Infinity":80,"f:225:20:225:35":14,"s:225:35:225:Infinity":81,"b:229:22:243:23:243:22:255:Infinity":22,"b:267:48:267:57:267:57:267:Infinity":23,"f:269:20:269:31":15,"s:269:37:269:Infinity":82,"f:276:20:276:35":16,"s:276:35:276:Infinity":83,"b:280:22:294:23:294:22:306:Infinity":24,"b:316:33:316:43:316:43:316:Infinity":25,"b:323:23:323:42:323:42:323:88":26,"b:323:55:323:75:323:75:323:88":27},"fnNames":{}}}
,"/home/runner/work/EdTech/EdTech/frontend/src/pages/auth.module.css": {"path":"/home/runner/work/EdTech/EdTech/frontend/src/pages/auth.module.css","statementMap":{},"fnMap":{},"branchMap":{},"s":{},"f":{},"b":{},"meta":{"lastBranch":0,"lastFunction":0,"lastStatement":0,"seen":{},"fnNames":{}}}
,"/home/runner/work/EdTech/EdTech/frontend/src/pages/login.tsx": {"path":"/home/runner/work/EdTech/EdTech/frontend/src/pages/login.tsx","statementMap":{"0":{"start":{"line":9,"column":28},"end":{"line":9,"column":null}},"1":{"start":{"line":10,"column":28},"end":{"line":10,"column":null}},"2":{"start":{"line":11,"column":26},"end":{"line":16,"column":null}},"3":{"start":{"line":12,"column":19},"end":{"line":12,"column":null}},"4":{"start":{"line":13,"column":4},"end":{"line":15,"column":null}},"5":{"start":{"line":17,"column":42},"end":{"line":17,"column":null}},"6":{"start":{"line":18,"column":19},"end":{"line":18,"column":31}},"7":{"start":{"line":19,"column":26},"end":{"line":19,"column":34}},"8":{"start":{"line":20,"column":36},"end":{"line":20,"column":null}},"9":{"start":{"line":21,"column":26},"end":{"line":21,"column":null}},"10":{"start":{"line":22,"column":34},"end":{"line":22,"column":null}},"11":{"start":{"line":24,"column":23},"end":{"line":53,"column":null}},"12":{"start":{"line":25,"column":4},"end":{"line":25,"column":null}},"13":{"start":{"line":26,"column":4},"end":{"line":26,"column":null}},"14":{"start":{"line":27,"column":4},"end":{"line":52,"column":null}},"15":{"start":{"line":28,"column":6},"end":{"line":49,"column":null}},"16":{"start":{"line":29,"column":26},"end":{"line":29,"column":null}},"17":{"start":{"line":30,"column":8},"end":{"line":38,"column":null}},"18":{"start":{"line":31,"column":10},"end":{"line":35,"column":null}},"19":{"start":{"line":32,"column":12},"end":{"line":32,"column":null}},"20":{"start":{"line":34,"column":12},"end":{"line":34,"column":null}},"21":{"start":{"line":37,"column":10},"end":{"line":37,"column":null}},"22":{"start":{"line":40,"column":35},"end":{"line":40,"column":null}},"23":{"start":{"line":41,"column":26},"end":{"line":41,"column":null}},"24":{"start":{"line":42,"column":8},"end":{"line":48,"column":null}},"25":{"start":{"line":43,"column":10},"end":{"line":43,"column":null}},"26":{"start":{"line":45,"column":10},"end":{"line":45,"column":null}},"27":{"start":{"line":47,"column":10},"end":{"line":47,"column":null}},"28":{"start":{"line":51,"column":6},"end":{"line":51,"column":null}},"29":{"start":{"line":56,"column":23},"end":{"line":59,"column":null}},"30":{"start":{"line":61,"column":24},"end":{"line":63,"column":null}},"31":{"start":{"line":65,"column":2},"end":{"line":199,"column":null}},"32":{"start":{"line":70,"column":10},"end":{"line":70,"column":null}},"33":{"start":{"line":71,"column":10},"end":{"line":71,"column":null}},"34":{"start":{"line":72,"column":10},"end":{"line":72,"column":null}},"35":{"start":{"line":72,"column":27},"end":{"line":72,"column":48}},"36":{"start":{"line":95,"column":31},"end":{"line":95,"column":null}},"37":{"start":{"line":115,"column":31},"end":{"line":115,"column":null}},"38":{"start":{"line":123,"column":29},"end":{"line":123,"column":null}},"39":{"start":{"line":169,"column":33},"end":{"line":169,"column":null}}},"fnMap":{"0":{"name":"Login","decl":{"start":{"line":8,"column":9},"end":{"line":8,"column":17}},"loc":{"start":{"line":8,"column":17},"end":{"line":201,"column":null}},"line":8},"1":{"name":"(anonymous_1)","decl":{"start":{"line":11,"column":26},"end":{"line":11,"column":41}},"loc":{"start":{"line":11,"column":41},"end":{"line":16,"column":3}},"line":11},"2":{"name":"(anonymous_2)","decl":{"start":{"line":24,"column":23},"end":{"line":24,"column":30}},"loc":{"start":{"line":24,"column":53},"end":{"line":53,"column":null}},"line":24},"3":{"name":"(anonymous_3)","decl":{"start":{"line":69,"column":8},"end":{"line":69,"column":20}},"loc":{"start":{"line":69,"column":26},"end":{"line":73,"column":null}},"line":69},"4":{"name":"(anonymous_4)","decl":{"start":{"line":72,"column":10},"end":{"line":72,"column":27}},"loc":{"start":{"line":72,"column":27},"end":{"line":72,"column":48}},"line":72},"5":{"name":"(anonymous_5)","decl":{"start":{"line":95,"column":14},"end":{"line":95,"column":25}},"loc":{"start":{"line":95,"column":31},"end":{"line":95,"column":null}},"line":95},"6":{"name":"(anonymous_6)","decl":{"start":{"line":115,"column":14},"end":{"line":115,"column":25}},"loc":{"start":{"line":115,"column":31},"end":{"line":115,"column":null}},"line":115},"7":{"name":"(anonymous_7)","decl":{"start":{"line":123,"column":14},"end":{"line":123,"column":29}},"loc":{"start":{"line":123,"column":29},"end":{"line":123,"column":null}},"line":123},"8":{"name":"(anonymous_8)","decl":{"start":{"line":169,"column":16},"end":{"line":169,"column":27}},"loc":{"start":{"line":169,"column":33},"end":{"line":169,"column":null}},"line":169}},"branchMap":{"0":{"loc":{"start":{"line":13,"column":11},"end":{"line":15,"column":null}},"type":"cond-expr","locations":[{"start":{"line":14,"column":8},"end":{"line":14,"column":null}},{"start":{"line":15,"column":8},"end":{"line":15,"column":null}}],"line":13},"1":{"loc":{"start":{"line":28,"column":6},"end":{"line":49,"column":null}},"type":"if","locations":[{"start":{"line":28,"column":6},"end":{"line":49,"column":null}},{"start":{"line":39,"column":13},"end":{"line":49,"column":null}}],"line":28},"2":{"loc":{"start":{"line":30,"column":8},"end":{"line":38,"column":null}},"type":"if","locations":[{"start":{"line":30,"column":8},"end":{"line":38,"column":null}},{"start":{"line":36,"column":15},"end":{"line":38,"column":null}}],"line":30},"3":{"loc":{"start":{"line":31,"column":10},"end":{"line":35,"column":null}},"type":"if","locations":[{"start":{"line":31,"column":10},"end":{"line":35,"column":null}},{"start":{"line":33,"column":17},"end":{"line":35,"column":null}}],"line":31},"4":{"loc":{"start":{"line":42,"column":8},"end":{"line":48,"column":null}},"type":"if","locations":[{"start":{"line":42,"column":8},"end":{"line":48,"column":null}},{"start":{"line":46,"column":15},"end":{"line":48,"column":null}}],"line":42},"5":{"loc":{"start":{"line":51,"column":14},"end":{"line":51,"column":54}},"type":"binary-expr","locations":[{"start":{"line":51,"column":14},"end":{"line":51,"column":30}},{"start":{"line":51,"column":30},"end":{"line":51,"column":54}}],"line":51},"6":{"loc":{"start":{"line":75,"column":9},"end":{"line":83,"column":null}},"type":"binary-expr","locations":[{"start":{"line":75,"column":9},"end":{"line":75,"column":null}},{"start":{"line":76,"column":10},"end":{"line":83,"column":null}}],"line":75},"7":{"loc":{"start":{"line":113,"column":20},"end":{"line":113,"column":null}},"type":"cond-expr","locations":[{"start":{"line":113,"column":35},"end":{"line":113,"column":44}},{"start":{"line":113,"column":44},"end":{"line":113,"column":null}}],"line":113},"8":{"loc":{"start":{"line":126,"column":15},"end":{"line":153,"column":null}},"type":"cond-expr","locations":[{"start":{"line":127,"column":16},"end":{"line":141,"column":17}},{"start":{"line":141,"column":16},"end":{"line":153,"column":null}}],"line":126},"9":{"loc":{"start":{"line":159,"column":9},"end":{"line":175,"column":null}},"type":"binary-expr","locations":[{"start":{"line":159,"column":9},"end":{"line":159,"column":null}},{"start":{"line":160,"column":10},"end":{"line":175,"column":null}}],"line":159},"10":{"loc":{"start":{"line":180,"column":19},"end":{"line":180,"column":null}},"type":"cond-expr","locations":[{"start":{"line":180,"column":31},"end":{"line":180,"column":41}},{"start":{"line":180,"column":41},"end":{"line":180,"column":null}}],"line":180},"11":{"loc":{"start":{"line":186,"column":11},"end":{"line":186,"column":71}},"type":"cond-expr","locations":[{"start":{"line":186,"column":36},"end":{"line":186,"column":50}},{"start":{"line":186,"column":50},"end":{"line":186,"column":71}}],"line":186}},"s":{"0":12,"1":12,"2":12,"3":5,"4":5,"5":12,"6":12,"7":12,"8":12,"9":12,"10":12,"11":12,"12":1,"13":1,"14":1,"15":1,"16":1,"17":0,"18":0,"19":0,"20":0,"21":0,"22":0,"23":0,"24":0,"25":0,"26":0,"27":0,"28":0,"29":12,"30":12,"31":12,"32":0,"33":0,"34":0,"35":0,"36":2,"37":2,"38":2,"39":0},"f":{"0":12,"1":5,"2":1,"3":0,"4":0,"5":2,"6":2,"7":2,"8":0},"b":{"0":[0,5],"1":[1,0],"2":[0,0],"3":[0,0],"4":[0,0],"5":[0,0],"6":[12,0],"7":[1,11],"8":[1,11],"9":[12,0],"10":[0,12],"11":[12,0]},"meta":{"lastBranch":12,"lastFunction":9,"lastStatement":40,"seen":{"f:8:9:8:17":0,"s:9:28:9:Infinity":0,"s:10:28:10:Infinity":1,"s:11:26:16:Infinity":2,"f:11:26:11:41":1,"s:12:19:12:Infinity":3,"s:13:4:15:Infinity":4,"b:14:8:14:Infinity:15:8:15:Infinity":0,"s:17:42:17:Infinity":5,"s:18:19:18:31":6,"s:19:26:19:34":7,"s:20:36:20:Infinity":8,"s:21:26:21:Infinity":9,"s:22:34:22:Infinity":10,"s:24:23:53:Infinity":11,"f:24:23:24:30":2,"s:25:4:25:Infinity":12,"s:26:4:26:Infinity":13,"s:27:4:52:Infinity":14,"b:28:6:49:Infinity:39:13:49:Infinity":1,"s:28:6:49:Infinity":15,"s:29:26:29:Infinity":16,"b:30:8:38:Infinity:36:15:38:Infinity":2,"s:30:8:38:Infinity":17,"b:31:10:35:Infinity:33:17:35:Infinity":3,"s:31:10:35:Infinity":18,"s:32:12:32:Infinity":19,"s:34:12:34:Infinity":20,"s:37:10:37:Infinity":21,"s:40:35:40:Infinity":22,"s:41:26:41:Infinity":23,"b:42:8:48:Infinity:46:15:48:Infinity":4,"s:42:8:48:Infinity":24,"s:43:10:43:Infinity":25,"s:45:10:45:Infinity":26,"s:47:10:47:Infinity":27,"s:51:6:51:Infinity":28,"b:51:14:51:30:51:30:51:54":5,"s:56:23:59:Infinity":29,"s:61:24:63:Infinity":30,"s:65:2:199:Infinity":31,"f:69:8:69:20":3,"s:70:10:70:Infinity":32,"s:71:10:71:Infinity":33,"s:72:10:72:Infinity":34,"f:72:10:72:27":4,"s:72:27:72:48":35,"b:75:9:75:Infinity:76:10:83:Infinity":6,"f:95:14:95:25":5,"s:95:31:95:Infinity":36,"b:113:35:113:44:113:44:113:Infinity":7,"f:115:14:115:25":6,"s:115:31:115:Infinity":37,"f:123:14:123:29":7,"s:123:29:123:Infinity":38,"b:127:16:141:17:141:16:153:Infinity":8,"b:159:9:159:Infinity:160:10:175:Infinity":9,"f:169:16:169:27":8,"s:169:33:169:Infinity":39,"b:180:31:180:41:180:41:180:Infinity":10,"b:186:36:186:50:186:50:186:71":11},"fnNames":{}}}
,"/home/runner/work/EdTech/EdTech/frontend/src/pages/register.tsx": {"path":"/home/runner/work/EdTech/EdTech/frontend/src/pages/register.tsx","statementMap":{"0":{"start":{"line":9,"column":26},"end":{"line":9,"column":null}},"1":{"start":{"line":10,"column":28},"end":{"line":10,"column":null}},"2":{"start":{"line":11,"column":28},"end":{"line":11,"column":null}},"3":{"start":{"line":12,"column":46},"end":{"line":12,"column":null}},"4":{"start":{"line":13,"column":26},"end":{"line":13,"column":null}},"5":{"start":{"line":14,"column":42},"end":{"line":14,"column":null}},"6":{"start":{"line":15,"column":56},"end":{"line":15,"column":null}},"7":{"start":{"line":16,"column":36},"end":{"line":16,"column":null}},"8":{"start":{"line":17,"column":26},"end":{"line":17,"column":null}},"9":{"start":{"line":18,"column":26},"end":{"line":18,"column":null}},"10":{"start":{"line":19,"column":24},"end":{"line":19,"column":null}},"11":{"start":{"line":21,"column":19},"end":{"line":21,"column":31}},"12":{"start":{"line":23,"column":23},"end":{"line":42,"column":null}},"13":{"start":{"line":24,"column":4},"end":{"line":24,"column":null}},"14":{"start":{"line":24,"column":11},"end":{"line":24,"column":null}},"15":{"start":{"line":25,"column":4},"end":{"line":25,"column":null}},"16":{"start":{"line":26,"column":4},"end":{"line":31,"column":null}},"17":{"start":{"line":27,"column":6},"end":{"line":27,"column":null}},"18":{"start":{"line":28,"column":6},"end":{"line":28,"column":null}},"19":{"start":{"line":29,"column":6},"end":{"line":29,"column":null}},"20":{"start":{"line":29,"column":23},"end":{"line":29,"column":44}},"21":{"start":{"line":30,"column":6},"end":{"line":30,"column":null}},"22":{"start":{"line":32,"column":4},"end":{"line":41,"column":null}},"23":{"start":{"line":33,"column":24},"end":{"line":33,"column":null}},"24":{"start":{"line":34,"column":6},"end":{"line":38,"column":null}},"25":{"start":{"line":35,"column":8},"end":{"line":35,"column":null}},"26":{"start":{"line":37,"column":8},"end":{"line":37,"column":null}},"27":{"start":{"line":40,"column":6},"end":{"line":40,"column":null}},"28":{"start":{"line":44,"column":23},"end":{"line":63,"column":null}},"29":{"start":{"line":45,"column":4},"end":{"line":45,"column":null}},"30":{"start":{"line":45,"column":11},"end":{"line":45,"column":null}},"31":{"start":{"line":46,"column":4},"end":{"line":46,"column":null}},"32":{"start":{"line":47,"column":4},"end":{"line":52,"column":null}},"33":{"start":{"line":48,"column":6},"end":{"line":48,"column":null}},"34":{"start":{"line":49,"column":6},"end":{"line":49,"column":null}},"35":{"start":{"line":50,"column":6},"end":{"line":50,"column":null}},"36":{"start":{"line":50,"column":23},"end":{"line":50,"column":44}},"37":{"start":{"line":51,"column":6},"end":{"line":51,"column":null}},"38":{"start":{"line":53,"column":4},"end":{"line":62,"column":null}},"39":{"start":{"line":54,"column":24},"end":{"line":54,"column":null}},"40":{"start":{"line":55,"column":6},"end":{"line":59,"column":null}},"41":{"start":{"line":56,"column":8},"end":{"line":56,"column":null}},"42":{"start":{"line":58,"column":8},"end":{"line":58,"column":null}},"43":{"start":{"line":61,"column":6},"end":{"line":61,"column":null}},"44":{"start":{"line":66,"column":23},"end":{"line":69,"column":null}},"45":{"start":{"line":71,"column":24},"end":{"line":73,"column":null}},"46":{"start":{"line":75,"column":2},"end":{"line":354,"column":null}},"47":{"start":{"line":83,"column":10},"end":{"line":83,"column":null}},"48":{"start":{"line":84,"column":10},"end":{"line":84,"column":null}},"49":{"start":{"line":85,"column":10},"end":{"line":85,"column":null}},"50":{"start":{"line":85,"column":27},"end":{"line":85,"column":48}},"51":{"start":{"line":109,"column":35},"end":{"line":109,"column":null}},"52":{"start":{"line":129,"column":31},"end":{"line":129,"column":null}},"53":{"start":{"line":146,"column":31},"end":{"line":146,"column":null}},"54":{"start":{"line":164,"column":33},"end":{"line":164,"column":null}},"55":{"start":{"line":172,"column":31},"end":{"line":172,"column":null}},"56":{"start":{"line":217,"column":33},"end":{"line":217,"column":null}},"57":{"start":{"line":225,"column":31},"end":{"line":225,"column":null}},"58":{"start":{"line":306,"column":35},"end":{"line":306,"column":null}},"59":{"start":{"line":330,"column":29},"end":{"line":330,"column":null}}},"fnMap":{"0":{"name":"Register","decl":{"start":{"line":8,"column":9},"end":{"line":8,"column":20}},"loc":{"start":{"line":8,"column":20},"end":{"line":356,"column":null}},"line":8},"1":{"name":"(anonymous_1)","decl":{"start":{"line":23,"column":23},"end":{"line":23,"column":30}},"loc":{"start":{"line":23,"column":53},"end":{"line":42,"column":null}},"line":23},"2":{"name":"(anonymous_2)","decl":{"start":{"line":29,"column":6},"end":{"line":29,"column":23}},"loc":{"start":{"line":29,"column":23},"end":{"line":29,"column":44}},"line":29},"3":{"name":"(anonymous_3)","decl":{"start":{"line":44,"column":23},"end":{"line":44,"column":30}},"loc":{"start":{"line":44,"column":53},"end":{"line":63,"column":null}},"line":44},"4":{"name":"(anonymous_4)","decl":{"start":{"line":50,"column":6},"end":{"line":50,"column":23}},"loc":{"start":{"line":50,"column":23},"end":{"line":50,"column":44}},"line":50},"5":{"name":"(anonymous_5)","decl":{"start":{"line":82,"column":8},"end":{"line":82,"column":20}},"loc":{"start":{"line":82,"column":26},"end":{"line":86,"column":null}},"line":82},"6":{"name":"(anonymous_6)","decl":{"start":{"line":85,"column":10},"end":{"line":85,"column":27}},"loc":{"start":{"line":85,"column":27},"end":{"line":85,"column":48}},"line":85},"7":{"name":"(anonymous_7)","decl":{"start":{"line":109,"column":18},"end":{"line":109,"column":29}},"loc":{"start":{"line":109,"column":35},"end":{"line":109,"column":null}},"line":109},"8":{"name":"(anonymous_8)","decl":{"start":{"line":129,"column":14},"end":{"line":129,"column":25}},"loc":{"start":{"line":129,"column":31},"end":{"line":129,"column":null}},"line":129},"9":{"name":"(anonymous_9)","decl":{"start":{"line":146,"column":14},"end":{"line":146,"column":25}},"loc":{"start":{"line":146,"column":31},"end":{"line":146,"column":null}},"line":146},"10":{"name":"(anonymous_10)","decl":{"start":{"line":164,"column":16},"end":{"line":164,"column":27}},"loc":{"start":{"line":164,"column":33},"end":{"line":164,"column":null}},"line":164},"11":{"name":"(anonymous_11)","decl":{"start":{"line":172,"column":16},"end":{"line":172,"column":31}},"loc":{"start":{"line":172,"column":31},"end":{"line":172,"column":null}},"line":172},"12":{"name":"(anonymous_12)","decl":{"start":{"line":217,"column":16},"end":{"line":217,"column":27}},"loc":{"start":{"line":217,"column":33},"end":{"line":217,"column":null}},"line":217},"13":{"name":"(anonymous_13)","decl":{"start":{"line":225,"column":16},"end":{"line":225,"column":31}},"loc":{"start":{"line":225,"column":31},"end":{"line":225,"column":null}},"line":225},"14":{"name":"(anonymous_14)","decl":{"start":{"line":306,"column":18},"end":{"line":306,"column":29}},"loc":{"start":{"line":306,"column":35},"end":{"line":306,"column":null}},"line":306},"15":{"name":"(anonymous_15)","decl":{"start":{"line":330,"column":14},"end":{"line":330,"column":29}},"loc":{"start":{"line":330,"column":29},"end":{"line":330,"column":null}},"line":330}},"branchMap":{"0":{"loc":{"start":{"line":24,"column":4},"end":{"line":24,"column":null}},"type":"if","locations":[{"start":{"line":24,"column":4},"end":{"line":24,"column":null}},{"start":{},"end":{}}],"line":24},"1":{"loc":{"start":{"line":26,"column":4},"end":{"line":31,"column":null}},"type":"if","locations":[{"start":{"line":26,"column":4},"end":{"line":31,"column":null}},{"start":{},"end":{}}],"line":26},"2":{"loc":{"start":{"line":34,"column":6},"end":{"line":38,"column":null}},"type":"if","locations":[{"start":{"line":34,"column":6},"end":{"line":38,"column":null}},{"start":{"line":36,"column":13},"end":{"line":38,"column":null}}],"line":34},"3":{"loc":{"start":{"line":45,"column":4},"end":{"line":45,"column":null}},"type":"if","locations":[{"start":{"line":45,"column":4},"end":{"line":45,"column":null}},{"start":{},"end":{}}],"line":45},"4":{"loc":{"start":{"line":47,"column":4},"end":{"line":52,"column":null}},"type":"if","locations":[{"start":{"line":47,"column":4},"end":{"line":52,"column":null}},{"start":{},"end":{}}],"line":47},"5":{"loc":{"start":{"line":55,"column":6},"end":{"line":59,"column":null}},"type":"if","locations":[{"start":{"line":55,"column":6},"end":{"line":59,"column":null}},{"start":{"line":57,"column":13},"end":{"line":59,"column":null}}],"line":55},"6":{"loc":{"start":{"line":81,"column":18},"end":{"line":81,"column":null}},"type":"cond-expr","locations":[{"start":{"line":81,"column":31},"end":{"line":81,"column":46}},{"start":{"line":81,"column":46},"end":{"line":81,"column":null}}],"line":81},"7":{"loc":{"start":{"line":88,"column":9},"end":{"line":99,"column":18}},"type":"binary-expr","locations":[{"start":{"line":88,"column":9},"end":{"line":88,"column":null}},{"start":{"line":89,"column":10},"end":{"line":99,"column":18}}],"line":88},"8":{"loc":{"start":{"line":99,"column":9},"end":{"line":343,"column":null}},"type":"cond-expr","locations":[{"start":{"line":100,"column":10},"end":{"line":287,"column":null}},{"start":{"line":287,"column":10},"end":{"line":343,"column":null}}],"line":99},"9":{"loc":{"start":{"line":162,"column":22},"end":{"line":162,"column":null}},"type":"cond-expr","locations":[{"start":{"line":162,"column":37},"end":{"line":162,"column":46}},{"start":{"line":162,"column":46},"end":{"line":162,"column":null}}],"line":162},"10":{"loc":{"start":{"line":175,"column":17},"end":{"line":202,"column":null}},"type":"cond-expr","locations":[{"start":{"line":176,"column":18},"end":{"line":190,"column":19}},{"start":{"line":190,"column":18},"end":{"line":202,"column":null}}],"line":175},"11":{"loc":{"start":{"line":215,"column":22},"end":{"line":215,"column":null}},"type":"cond-expr","locations":[{"start":{"line":215,"column":44},"end":{"line":215,"column":53}},{"start":{"line":215,"column":53},"end":{"line":215,"column":null}}],"line":215},"12":{"loc":{"start":{"line":228,"column":17},"end":{"line":255,"column":null}},"type":"cond-expr","locations":[{"start":{"line":229,"column":18},"end":{"line":243,"column":19}},{"start":{"line":243,"column":18},"end":{"line":255,"column":null}}],"line":228},"13":{"loc":{"start":{"line":277,"column":19},"end":{"line":277,"column":null}},"type":"cond-expr","locations":[{"start":{"line":277,"column":31},"end":{"line":277,"column":41}},{"start":{"line":277,"column":41},"end":{"line":277,"column":null}}],"line":277},"14":{"loc":{"start":{"line":317,"column":23},"end":{"line":317,"column":null}},"type":"cond-expr","locations":[{"start":{"line":317,"column":35},"end":{"line":317,"column":45}},{"start":{"line":317,"column":45},"end":{"line":317,"column":null}}],"line":317}},"s":{"0":16,"1":16,"2":16,"3":16,"4":16,"5":16,"6":16,"7":16,"8":16,"9":16,"10":16,"11":16,"12":16,"13":1,"14":1,"15":1,"16":1,"17":1,"18":1,"19":1,"20":0,"21":1,"22":0,"23":0,"24":0,"25":0,"26":0,"27":0,"28":16,"29":0,"30":0,"31":0,"32":0,"33":0,"34":0,"35":0,"36":0,"37":0,"38":0,"39":0,"40":0,"41":0,"42":0,"43":0,"44":16,"45":16,"46":16,"47":0,"48":0,"49":0,"50":0,"51":0,"52":2,"53":2,"54":2,"55":1,"56":2,"57":1,"58":0,"59":0},"f":{"0":16,"1":1,"2":0,"3":0,"4":0,"5":0,"6":0,"7":0,"8":2,"9":2,"10":2,"11":1,"12":2,"13":1,"14":0,"15":0},"b":{"0":[1,0],"1":[1,0],"2":[0,0],"3":[0,0],"4":[0,0],"5":[0,0],"6":[16,0],"7":[16,1],"8":[16,0],"9":[2,14],"10":[2,14],"11":[1,15],"12":[1,15],"13":[1,15],"14":[0,0]},"meta":{"lastBranch":15,"lastFunction":16,"lastStatement":60,"seen":{"f:8:9:8:20":0,"s:9:26:9:Infinity":0,"s:10:28:10:Infinity":1,"s:11:28:11:Infinity":2,"s:12:46:12:Infinity":3,"s:13:26:13:Infinity":4,"s:14:42:14:Infinity":5,"s:15:56:15:Infinity":6,"s:16:36:16:Infinity":7,"s:17:26:17:Infinity":8,"s:18:26:18:Infinity":9,"s:19:24:19:Infinity":10,"s:21:19:21:31":11,"s:23:23:42:Infinity":12,"f:23:23:23:30":1,"b:24:4:24:Infinity:undefined:undefined:undefined:undefined":0,"s:24:4:24:Infinity":13,"s:24:11:24:Infinity":14,"s:25:4:25:Infinity":15,"b:26:4:31:Infinity:undefined:undefined:undefined:undefined":1,"s:26:4:31:Infinity":16,"s:27:6:27:Infinity":17,"s:28:6:28:Infinity":18,"s:29:6:29:Infinity":19,"f:29:6:29:23":2,"s:29:23:29:44":20,"s:30:6:30:Infinity":21,"s:32:4:41:Infinity":22,"s:33:24:33:Infinity":23,"b:34:6:38:Infinity:36:13:38:Infinity":2,"s:34:6:38:Infinity":24,"s:35:8:35:Infinity":25,"s:37:8:37:Infinity":26,"s:40:6:40:Infinity":27,"s:44:23:63:Infinity":28,"f:44:23:44:30":3,"b:45:4:45:Infinity:undefined:undefined:undefined:undefined":3,"s:45:4:45:Infinity":29,"s:45:11:45:Infinity":30,"s:46:4:46:Infinity":31,"b:47:4:52:Infinity:undefined:undefined:undefined:undefined":4,"s:47:4:52:Infinity":32,"s:48:6:48:Infinity":33,"s:49:6:49:Infinity":34,"s:50:6:50:Infinity":35,"f:50:6:50:23":4,"s:50:23:50:44":36,"s:51:6:51:Infinity":37,"s:53:4:62:Infinity":38,"s:54:24:54:Infinity":39,"b:55:6:59:Infinity:57:13:59:Infinity":5,"s:55:6:59:Infinity":40,"s:56:8:56:Infinity":41,"s:58:8:58:Infinity":42,"s:61:6:61:Infinity":43,"s:66:23:69:Infinity":44,"s:71:24:73:Infinity":45,"s:75:2:354:Infinity":46,"b:81:31:81:46:81:46:81:Infinity":6,"f:82:8:82:20":5,"s:83:10:83:Infinity":47,"s:84:10:84:Infinity":48,"s:85:10:85:Infinity":49,"f:85:10:85:27":6,"s:85:27:85:48":50,"b:88:9:88:Infinity:89:10:99:18":7,"b:100:10:287:Infinity:287:10:343:Infinity":8,"f:109:18:109:29":7,"s:109:35:109:Infinity":51,"f:129:14:129:25":8,"s:129:31:129:Infinity":52,"f:146:14:146:25":9,"s:146:31:146:Infinity":53,"b:162:37:162:46:162:46:162:Infinity":9,"f:164:16:164:27":10,"s:164:33:164:Infinity":54,"f:172:16:172:31":11,"s:172:31:172:Infinity":55,"b:176:18:190:19:190:18:202:Infinity":10,"b:215:44:215:53:215:53:215:Infinity":11,"f:217:16:217:27":12,"s:217:33:217:Infinity":56,"f:225:16:225:31":13,"s:225:31:225:Infinity":57,"b:229:18:243:19:243:18:255:Infinity":12,"b:277:31:277:41:277:41:277:Infinity":13,"f:306:18:306:29":14,"s:306:35:306:Infinity":58,"b:317:35:317:45:317:45:317:Infinity":14,"f:330:14:330:29":15,"s:330:29:330:Infinity":59},"fnNames":{}}}
,"/home/runner/work/EdTech/EdTech/frontend/src/services/api.ts": {"path":"/home/runner/work/EdTech/EdTech/frontend/src/services/api.ts","statementMap":{"0":{"start":{"line":4,"column":17},"end":{"line":4,"column":null}},"1":{"start":{"line":6,"column":12},"end":{"line":8,"column":null}},"2":{"start":{"line":10,"column":21},"end":{"line":10,"column":null}},"3":{"start":{"line":11,"column":35},"end":{"line":11,"column":null}},"4":{"start":{"line":13,"column":6},"end":{"line":20,"column":null}},"5":{"start":{"line":14,"column":2},"end":{"line":14,"column":null}},"6":{"start":{"line":15,"column":2},"end":{"line":19,"column":null}},"7":{"start":{"line":16,"column":4},"end":{"line":18,"column":null}},"8":{"start":{"line":17,"column":6},"end":{"line":17,"column":null}},"9":{"start":{"line":22,"column":6},"end":{"line":31,"column":null}},"10":{"start":{"line":23,"column":2},"end":{"line":23,"column":null}},"11":{"start":{"line":24,"column":2},"end":{"line":30,"column":null}},"12":{"start":{"line":25,"column":4},"end":{"line":28,"column":null}},"13":{"start":{"line":26,"column":6},"end":{"line":26,"column":null}},"14":{"start":{"line":27,"column":6},"end":{"line":27,"column":null}},"15":{"start":{"line":29,"column":4},"end":{"line":29,"column":null}},"16":{"start":{"line":33,"column":6},"end":{"line":38,"column":null}},"17":{"start":{"line":34,"column":2},"end":{"line":37,"column":null}},"18":{"start":{"line":35,"column":14},"end":{"line":35,"column":38}},"19":{"start":{"line":35,"column":42},"end":{"line":35,"column":null}},"20":{"start":{"line":36,"column":4},"end":{"line":36,"column":null}},"21":{"start":{"line":41,"column":0},"end":{"line":49,"column":null}},"22":{"start":{"line":42,"column":2},"end":{"line":42,"column":null}},"23":{"start":{"line":43,"column":16},"end":{"line":43,"column":null}},"24":{"start":{"line":44,"column":2},"end":{"line":46,"column":null}},"25":{"start":{"line":45,"column":4},"end":{"line":45,"column":null}},"26":{"start":{"line":47,"column":2},"end":{"line":47,"column":null}},"27":{"start":{"line":48,"column":2},"end":{"line":48,"column":null}},"28":{"start":{"line":52,"column":0},"end":{"line":70,"column":null}},"29":{"start":{"line":54,"column":4},"end":{"line":54,"column":null}},"30":{"start":{"line":55,"column":4},"end":{"line":55,"column":null}},"31":{"start":{"line":58,"column":4},"end":{"line":58,"column":null}},"32":{"start":{"line":59,"column":4},"end":{"line":67,"column":null}},"33":{"start":{"line":61,"column":6},"end":{"line":66,"column":null}},"34":{"start":{"line":65,"column":8},"end":{"line":65,"column":null}},"35":{"start":{"line":68,"column":4},"end":{"line":68,"column":null}},"36":{"start":{"line":73,"column":6},"end":{"line":76,"column":null}},"37":{"start":{"line":74,"column":18},"end":{"line":74,"column":null}},"38":{"start":{"line":75,"column":2},"end":{"line":75,"column":null}},"39":{"start":{"line":78,"column":21},"end":{"line":94,"column":null}},"40":{"start":{"line":79,"column":2},"end":{"line":93,"column":null}},"41":{"start":{"line":80,"column":21},"end":{"line":80,"column":null}},"42":{"start":{"line":81,"column":4},"end":{"line":83,"column":null}},"43":{"start":{"line":82,"column":6},"end":{"line":82,"column":null}},"44":{"start":{"line":84,"column":4},"end":{"line":86,"column":null}},"45":{"start":{"line":85,"column":6},"end":{"line":85,"column":null}},"46":{"start":{"line":87,"column":4},"end":{"line":87,"column":null}},"47":{"start":{"line":89,"column":4},"end":{"line":92,"column":null}},"48":{"start":{"line":96,"column":30},"end":{"line":106,"column":null}},"49":{"start":{"line":97,"column":2},"end":{"line":105,"column":null}},"50":{"start":{"line":98,"column":21},"end":{"line":98,"column":null}},"51":{"start":{"line":99,"column":4},"end":{"line":101,"column":null}},"52":{"start":{"line":100,"column":6},"end":{"line":100,"column":null}},"53":{"start":{"line":102,"column":4},"end":{"line":102,"column":null}},"54":{"start":{"line":104,"column":4},"end":{"line":104,"column":null}},"55":{"start":{"line":108,"column":24},"end":{"line":115,"column":null}},"56":{"start":{"line":109,"column":2},"end":{"line":114,"column":null}},"57":{"start":{"line":110,"column":21},"end":{"line":110,"column":null}},"58":{"start":{"line":111,"column":4},"end":{"line":111,"column":null}},"59":{"start":{"line":113,"column":4},"end":{"line":113,"column":null}},"60":{"start":{"line":117,"column":25},"end":{"line":124,"column":null}},"61":{"start":{"line":118,"column":2},"end":{"line":123,"column":null}},"62":{"start":{"line":119,"column":21},"end":{"line":119,"column":null}},"63":{"start":{"line":120,"column":4},"end":{"line":120,"column":null}},"64":{"start":{"line":122,"column":4},"end":{"line":122,"column":null}},"65":{"start":{"line":126,"column":24},"end":{"line":142,"column":null}},"66":{"start":{"line":132,"column":2},"end":{"line":141,"column":null}},"67":{"start":{"line":133,"column":21},"end":{"line":133,"column":null}},"68":{"start":{"line":135,"column":4},"end":{"line":135,"column":null}},"69":{"start":{"line":137,"column":4},"end":{"line":140,"column":null}},"70":{"start":{"line":144,"column":34},"end":{"line":157,"column":null}},"71":{"start":{"line":148,"column":2},"end":{"line":156,"column":null}},"72":{"start":{"line":149,"column":21},"end":{"line":149,"column":null}},"73":{"start":{"line":150,"column":4},"end":{"line":152,"column":null}},"74":{"start":{"line":151,"column":6},"end":{"line":151,"column":null}},"75":{"start":{"line":153,"column":4},"end":{"line":153,"column":null}},"76":{"start":{"line":155,"column":4},"end":{"line":155,"column":null}},"77":{"start":{"line":159,"column":22},"end":{"line":168,"column":null}},"78":{"start":{"line":160,"column":2},"end":{"line":167,"column":null}},"79":{"start":{"line":161,"column"
[...]
:375,"column":4},"end":{"line":375,"column":null}},"190":{"start":{"line":376,"column":4},"end":{"line":376,"column":null}}},"fnMap":{"0":{"name":"(anonymous_0)","decl":{"start":{"line":13,"column":6},"end":{"line":13,"column":25}},"loc":{"start":{"line":13,"column":25},"end":{"line":20,"column":null}},"line":13},"1":{"name":"(anonymous_1)","decl":{"start":{"line":16,"column":27},"end":{"line":16,"column":44}},"loc":{"start":{"line":16,"column":44},"end":{"line":18,"column":7}},"line":16},"2":{"name":"(anonymous_2)","decl":{"start":{"line":22,"column":6},"end":{"line":22,"column":25}},"loc":{"start":{"line":22,"column":25},"end":{"line":31,"column":null}},"line":22},"3":{"name":"(anonymous_3)","decl":{"start":{"line":33,"column":6},"end":{"line":33,"column":32}},"loc":{"start":{"line":33,"column":32},"end":{"line":38,"column":null}},"line":33},"4":{"name":"(anonymous_4)","decl":{"start":{"line":34,"column":65},"end":{"line":34,"column":74}},"loc":{"start":{"line":34,"column":77},"end":{"line":37,"column":3}},"line":34},"5":{"name":"(anonymous_5)","decl":{"start":{"line":41,"column":25},"end":{"line":41,"column":30}},"loc":{"start":{"line":41,"column":69},"end":{"line":49,"column":1}},"line":41},"6":{"name":"(anonymous_6)","decl":{"start":{"line":52,"column":26},"end":{"line":52,"column":null}},"loc":{"start":{"line":53,"column":16},"end":{"line":56,"column":null}},"line":53},"7":{"name":"(anonymous_7)","decl":{"start":{"line":56,"column":2},"end":{"line":56,"column":null}},"loc":{"start":{"line":57,"column":13},"end":{"line":69,"column":null}},"line":57},"8":{"name":"(anonymous_8)","decl":{"start":{"line":73,"column":6},"end":{"line":73,"column":33}},"loc":{"start":{"line":73,"column":88},"end":{"line":76,"column":null}},"line":73},"9":{"name":"(anonymous_9)","decl":{"start":{"line":78,"column":21},"end":{"line":78,"column":28}},"loc":{"start":{"line":78,"column":88},"end":{"line":94,"column":null}},"line":78},"10":{"name":"(anonymous_10)","decl":{"start":{"line":96,"column":30},"end":{"line":96,"column":37}},"loc":{"start":{"line":96,"column":111},"end":{"line":106,"column":null}},"line":96},"11":{"name":"(anonymous_11)","decl":{"start":{"line":108,"column":24},"end":{"line":108,"column":95}},"loc":{"start":{"line":108,"column":95},"end":{"line":115,"column":null}},"line":108},"12":{"name":"(anonymous_12)","decl":{"start":{"line":117,"column":25},"end":{"line":117,"column":32}},"loc":{"start":{"line":117,"column":76},"end":{"line":124,"column":null}},"line":117},"13":{"name":"(anonymous_13)","decl":{"start":{"line":126,"column":24},"end":{"line":126,"column":null}},"loc":{"start":{"line":131,"column":32},"end":{"line":142,"column":null}},"line":131},"14":{"name":"(anonymous_14)","decl":{"start":{"line":144,"column":34},"end":{"line":144,"column":null}},"loc":{"start":{"line":147,"column":32},"end":{"line":157,"column":null}},"line":147},"15":{"name":"(anonymous_15)","decl":{"start":{"line":159,"column":22},"end":{"line":159,"column":62}},"loc":{"start":{"line":159,"column":62},"end":{"line":168,"column":null}},"line":159},"16":{"name":"(anonymous_16)","decl":{"start":{"line":170,"column":21},"end":{"line":170,"column":61}},"loc":{"start":{"line":170,"column":61},"end":{"line":177,"column":null}},"line":170},"17":{"name":"(anonymous_17)","decl":{"start":{"line":179,"column":27},"end":{"line":179,"column":72}},"loc":{"start":{"line":179,"column":72},"end":{"line":186,"column":null}},"line":179},"18":{"name":"(anonymous_18)","decl":{"start":{"line":188,"column":27},"end":{"line":188,"column":34}},"loc":{"start":{"line":188,"column":83},"end":{"line":195,"column":null}},"line":188},"19":{"name":"(anonymous_19)","decl":{"start":{"line":197,"column":28},"end":{"line":197,"column":null}},"loc":{"start":{"line":203,"column":32},"end":{"line":212,"column":null}},"line":203},"20":{"name":"(anonymous_20)","decl":{"start":{"line":214,"column":30},"end":{"line":214,"column":null}},"loc":{"start":{"line":218,"column":32},"end":{"line":228,"column":null}},"line":218},"21":{"name":"(anonymous_21)","decl":{"start":{"line":230,"column":30},"end":{"line":230,"column":37}},"loc":{"start":{"line":230,"column":87},"end":{"line":237,"column":null}},"line":230},"22":{"name":"(anonymous_22)","decl":{"start":{"line":239,"column":26},"end":{"line":239,"column":33}},"loc":{"start":{"line":239,"column":83},"end":{"line":246,"column":null}},"line":239},"23":{"name":"(anonymous_23)","decl":{"start":{"line":248,"column":27},"end":{"line":248,"column":34}},"loc":{"start":{"line":248,"column":84},"end":{"line":255,"column":null}},"line":248},"24":{"name":"(anonymous_24)","decl":{"start":{"line":257,"column":26},"end":{"line":257,"column":33}},"loc":{"start":{"line":257,"column":100},"end":{"line":264,"column":null}},"line":257},"25":{"name":"(anonymous_25)","decl":{"start":{"line":266,"column":33},"end":{"line":266,"column":59}},"loc":{"start":{"line":266,"column":59},"end":{"line":269,"column":null}},"line":266},"26":{"name":"(anonymous_26)","decl":{"start":{"line":271,"column":30},"end":{"line":271,"column":null}},"loc":{"start":{"line":276,"column":37},"end":{"line":291,"column":null}},"line":276},"27":{"name":"(anonymous_27)","decl":{"start":{"line":293,"column":39},"end":{"line":293,"column":46}},"loc":{"start":{"line":293,"column":91},"end":{"line":300,"column":null}},"line":293},"28":{"name":"(anonymous_28)","decl":{"start":{"line":302,"column":34},"end":{"line":302,"column":null}},"loc":{"start":{"line":305,"column":32},"end":{"line":312,"column":null}},"line":305},"29":{"name":"(anonymous_29)","decl":{"start":{"line":314,"column":29},"end":{"line":314,"column":null}},"loc":{"start":{"line":318,"column":32},"end":{"line":325,"column":null}},"line":318},"30":{"name":"(anonymous_30)","decl":{"start":{"line":327,"column":28},"end":{"line":327,"column":null}},"loc":{"start":{"line":330,"column":21},"end":{"line":341,"column":null}},"line":330},"31":{"name":"(anonymous_31)","decl":{"start":{"line":343,"column":34},"end":{"line":343,"column":null}},"loc":{"start":{"line":346,"column":20},"end":{"line":368,"column":null}},"line":346},"32":{"name":"(anonymous_32)","decl":{"start":{"line":370,"column":34},"end":{"line":370,"column":60}},"loc":{"start":{"line":370,"column":60},"end":{"line":378,"column":null}},"line":370}},"branchMap":{"0":{"loc":{"start":{"line":4,"column":17},"end":{"line":4,"column":null}},"type":"binary-expr","locations":[{"start":{"line":4,"column":17},"end":{"line":4,"column":50}},{"start":{"line":4,"column":50},"end":{"line":4,"column":null}}],"line":4},"1":{"loc":{"start":{"line":15,"column":2},"end":{"line":19,"column":null}},"type":"if","locations":[{"start":{"line":15,"column":2},"end":{"line":19,"column":null}},{"start":{},"end":{}}],"line":15},"2":{"loc":{"start":{"line":24,"column":2},"end":{"line":30,"column":null}},"type":"if","locations":[{"start":{"line":24,"column":2},"end":{"line":30,"column":null}},{"start":{},"end":{}}],"line":24},"3":{"loc":{"start":{"line":25,"column":4},"end":{"line":28,"column":null}},"type":"if","locations":[{"start":{"line":25,"column":4},"end":{"line":28,"column":null}},{"start":{},"end":{}}],"line":25},"4":{"loc":{"start":{"line":35,"column":42},"end":{"line":35,"column":null}},"type":"cond-expr","locations":[{"start":{"line":35,"column":54},"end":{"line":35,"column":59}},{"start":{"line":35,"column":59},"end":{"line":35,"column":null}}],"line":35},"5":{"loc":{"start":{"line":44,"column":2},"end":{"line":46,"column":null}},"type":"if","locations":[{"start":{"line":44,"column":2},"end":{"line":46,"column":null}},{"start":{},"end":{}}],"line":44},"6":{"loc":{"start":{"line":59,"column":4},"end":{"line":67,"column":null}},"type":"if","locations":[{"start":{"line":59,"column":4},"end":{"line":67,"column":null}},{"start":{},"end":{}}],"line":59},"7":{"loc":{"start":{"line":59,"column":8},"end":{"line":59,"column":57}},"type":"binary-expr","locations":[{"start":{"line":59,"column":8},"end":{"line":59,"column":26}},{"start":{"line":59,"column":26},"end":{"line":59,"column":57}}],"line":59},"8":{"loc":{"start":{"line":61,"column":6},"end":{"line":66,"column":null}},"type":"if","locations":[{"start":{"line":61,"column":6},"end":{"line":66,"column":null}},{"start":{},"end":{}}],"line":61},"9":{"loc":{"start":{"line":62,"column":8},"end":{"line":63,"column":null}},"type":"binary-expr","locations":[{"start":{"line":62,"column":8},"end":{"line":62,"column":null}},{"start":{"line":63,"column":8},"end":{"line":63,"column":null}}],"line":62},"10":{"loc":{"start":{"line":74,"column":18},"end":{"line":74,"column":null}},"type":"binary-expr","locations":[{"start":{"line":74,"column":18},"end":{"line":74,"column":51}},{"start":{"line":74,"column":51},"end":{"line":74,"column":68}},{"start":{"line":74,"column":68},"end":{"line":74,"column":null}}],"line":74},"11":{"loc":{"start":{"line":81,"column":4},"end":{"line":83,"column":null}},"type":"if","locations":[{"start":{"line":81,"column":4},"end":{"line":83,"column":null}},{"start":{},"end":{}}],"line":81},"12":{"loc":{"start":{"line":81,"column":8},"end":{"line":81,"column":62}},"type":"binary-expr","locations":[{"start":{"line":81,"column":8},"end":{"line":81,"column":35}},{"start":{"line":81,"column":35},"end":{"line":81,"column":62}}],"line":81},"13":{"loc":{"start":{"line":84,"column":4},"end":{"line":86,"column":null}},"type":"if","locations":[{"start":{"line":84,"column":4},"end":{"line":86,"column":null}},{"start":{},"end":{}}],"line":84},"14":{"loc":{"start":{"line":99,"column":4},"end":{"line":101,"column":null}},"type":"if","locations":[{"start":{"line":99,"column":4},"end":{"line":101,"column":null}},{"start":{},"end":{}}],"line":99},"15":{"loc":{"start":{"line":150,"column":4},"end":{"line":152,"column":null}},"type":"if","locations":[{"start":{"line":150,"column":4},"end":{"line":152,"column":null}},{"start":{},"end":{}}],"line":150},"16":{"loc":{"start":{"line":201,"column":2},"end":{"line":201,"column":null}},"type":"default-arg","locations":[{"start":{"line":201,"column":9},"end":{"line":201,"column":null}}],"line":201},"17":{"loc":{"start":{"line":202,"column":2},"end":{"line":202,"column":null}},"type":"default-arg","locations":[{"start":{"line":202,"column":9},"end":{"line":202,"column":null}}],"line":202},"18":{"loc":{"start":{"line":333,"column":4},"end":{"line":333,"column":null}},"type":"if","locations":[{"start":{"line":333,"column":4},"end":{"line":333,"column":null}},{"start":{},"end":{}}],"line":333},"19":{"loc":{"start":{"line":334,"column":4},"end":{"line":334,"column":null}},"type":"if","locations":[{"start":{"line":334,"column":4},"end":{"line":334,"column":null}},{"start":{},"end":{}}],"line":334},"20":{"loc":{"start":{"line":349,"column":4},"end":{"line":349,"column":null}},"type":"if","locations":[{"start":{"line":349,"column":4},"end":{"line":349,"column":null}},{"start":{},"end":{}}],"line":349},"21":{"loc":{"start":{"line":350,"column":4},"end":{"line":350,"column":null}},"type":"if","locations":[{"start":{"line":350,"column":4},"end":{"line":350,"column":null}},{"start":{},"end":{}}],"line":350}},"s":{"0":4,"1":4,"2":4,"3":4,"4":4,"5":15,"6":15,"7":5,"8":2,"9":4,"10":8,"11":8,"12":5,"13":3,"14":3,"15":5,"16":4,"17":15,"18":465,"19":465,"20":465,"21":4,"22":15,"23":15,"24":15,"25":1,"26":15,"27":15,"28":4,"29":1,"30":1,"31":7,"32":7,"33":2,"34":1,"35":7,"36":4,"37":10,"38":10,"39":4,"40":3,"41":3,"42":1,"43":0,"44":1,"45":1,"46":1,"47":1,"48":4,"49":0,"50":0,"51":0,"52":0,"53":0,"54":0,"55":4,"56":0,"57":0,"58":0,"59":0,"60":4,"61":0,"62":0,"63":0,"64":0,"65":4,"66":2,"67":2,"68":1,"69":1,"70":4,"71":0,"72":0,"73":0,"74":0,"75":0,"76":0,"77":4,"78":2,"79":2,"80":1,"81":1,"82":1,"83":1,"84":4,"85":15,"86":15,"87":1,"88":6,"89":4,"90":2,"91":2,"92":1,"93":1,"94":4,"95":1,"96":1,"97":1,"98":0,"99":4,"100":1,"101":1,"102":1,"103":0,"104":4,"105":1,"106":1,"107":1,"108":0,"109":4,"110":1,"111":1,"112":1,"113":0,"114":4,"115":0,"116":0,"117":0,"118":0,"119":4,"120":0,"121":0,"122":0,"123":0,"124":4,"125":0,"126":0,"127":0,"128":0,"129":4,"130":1,"131":1,"132":4,"133":1,"134":1,"135":1,"136":1,"137":1,"138":1,"139":1,"140":0,"141":4,"142":1,"143":1,"144":1,"145":0,"146":4,"147":1,"148":1,"149":1,"150":0,"151":4,"152":1,"153":1,"154":1,"155":0,"156":4,"157":2,"158":2,"159":2,"160":1,"161":2,"162":1,"163":2,"164":1,"165":1,"166":1,"167":4,"168":0,"169":0,"170":0,"171":0,"172":0,"173":0,"174":0,"175":0,"176":0,"177":0,"178":0,"179":0,"180":0,"181":0,"182":0,"183":0,"184":0,"185":4,"186":2,"187":2,"188":1,"189":1,"190":1},"f":{"0":15,"1":2,"2":8,"3":15,"4":465,"5":15,"6":1,"7":7,"8":10,"9":3,"10":0,"11":0,"12":0,"13":2,"14":0,"15":2,"16":15,"17":2,"18":1,"19":1,"20":1,"21":1,"22":0,"23":0,"24":0,"25":1,"26":1,"27":1,"28":1,"29":1,"30":2,"31":0,"32":2},"b":{"0":[4,4],"1":[5,10],"2":[5,3],"3":[3,2],"4":[450,15],"5":[1,14],"6":[2,5],"7":[7,2],"8":[1,1],"9":[2,1],"10":[10,9,0],"11":[0,1],"12":[1,0],"13":[1,0],"14":[0,0],"15":[0,0],"16":[1],"17":[1],"18":[1,1],"19":[1,1],"20":[0,0],"21":[0,0]},"meta":{"lastBranch":22,"lastFunction":33,"lastStatement":191,"seen":{"s:4:17:4:Infinity":0,"b:4:17:4:50:4:50:4:Infinity":0,"s:6:12:8:Infinity":1,"s:10:21:10:Infinity":2,"s:11:35:11:Infinity":3,"s:13:6:20:Infinity":4,"f:13:6:13:25":0,"s:14:2:14:Infinity":5,"b:15:2:19:Infinity:undefined:undefined:undefined:undefined":1,"s:15:2:19:Infinity":6,"s:16:4:18:Infinity":7,"f:16:27:16:44":1,"s:17:6:17:Infinity":8,"s:22:6:31:Infinity":9,"f:22:6:22:25":2,"s:23:2:23:Infinity":10,"b:24:2:30:Infinity:undefined:undefined:undefined:undefined":2,"s:24:2:30:Infinity":11,"b:25:4:28:Infinity:undefined:undefined:undefined:undefined":3,"s:25:4:28:Infinity":12,"s:26:6:26:Infinity":13,"s:27:6:27:Infinity":14,"s:29:4:29:Infinity":15,"s:33:6:38:Infinity":16,"f:33:6:33:32":3,"s:34:2:37:Infinity":17,"f:34:65:34:74":4,"s:35:14:35:38":18,"s:35:42:35:Infinity":19,"b:35:54:35:59:35:59:35:Infinity":4,"s:36:4:36:Infinity":20,"s:41:0:49:Infinity":21,"f:41:25:41:30":5,"s:42:2:42:Infinity":22,"s:43:16:43:Infinity":23,"b:44:2:46:Infinity:undefined:undefined:undefined:undefined":5,"s:44:2:46:Infinity":24,"s:45:4:45:Infinity":25,"s:47:2:47:Infinity":26,"s:48:2:48:Infinity":27,"s:52:0:70:Infinity":28,"f:52:26:52:Infinity":6,"s:54:4:54:Infinity":29,"s:55:4:55:Infinity":30,"f:56:2:56:Infinity":7,"s:58:4:58:Infinity":31,"b:59:4:67:Infinity:undefined:undefined:undefined:undefined":6,"s:59:4:67:Infinity":32,"b:59:8:59:26:59:26:59:57":7,"b:61:6:66:Infinity:undefined:undefined:undefined:undefined":8,"s:61:6:66:Infinity":33,"b:62:8:62:Infinity:63:8:63:Infinity":9,"s:65:8:65:Infinity":34,"s:68:4:68:Infinity":35,"s:73:6:76:Infinity":36,"f:73:6:73:33":8,"s:74:18:74:Infinity":37,"b:74:18:74:51:74:51:74:68:74:68:74:Infinity":10,"s:75:2:75:Infinity":38,"s:78:21:94:Infinity":39,"f:78:21:78:28":9,"s:79:2:93:Infinity":40,"s:80:21:80:Infinity":41,"b:81:4:83:Infinity:undefined:undefined:undefined:undefined":11,"s:81:4:83:Infinity":42,"b:81:8:81:35:81:35:81:62":12,"s:82:6:82:Infinity":43,"b:84:4:86:Infinity:undefined:undefined:undefined:undefined":13,"s:84:4:86:Infinity":44,"s:85:6:85:Infinity":45,"s:87:4:87:Infinity":46,"s:89:4:92:Infinity":47,"s:96:30:106:Infinity":48,"f:96:30:96:37":10,"s:97:2:105:Infinity":49,"s:98:21:98:Infinity":50,"b:99:4:101:Infinity:undefined:undefined:undefined:undefined":14,"s:99:4:101:Infinity":51,"s:100:6:100:Infinity":52,"s:102:4:102:Infinity":53,"s:104:4:104:Infinity":54,"s:108:24:115:Infinity":55,"f:108:24:108:95":11,"s:109:2:114:Infinity":56,"s:110:21:110:Infinity":57,"s:111:4:111:Infinity":58,"s:113:4:113:Infinity":59,"s:117:25:124:Infinity":60,"f:117:25:117:32":12,"s:118:2:123:Infinity":61,"s:119:21:119:Infinity":62,"s:120:4:120:Infinity":63,"s:122:4:122:Infinity":64,"s:126:24:142:Infinity":65,"f:126:24:126:Infinity":13,"s:132:2:141:Infinity":66,"s:133:21:133:Infinity":67,"s:135:4:135:Infinity":68,"s:137:4:140:Infinity":69,"s:144:34:157:Infinity":70,"f:144:34:144:Infinity":14,"s:148:2:156:Infinity":71,"s:149:21:149:Infinity":72,"b:150:4:152:Infinity:undefined:undefined:undefined:undefined":15,"s:150:4:152:Infinity":73,"s:151:6:151:Infinity":74,"s:153:4:153:Infinity":75,"s:155:4:155:Infinity":76,"s:159:22:168:Infinity":77,"f:159:22:159:62":15,"s:160:2:167:Infinity":78,"s:161:4:161:Infinity":79,"s:162:4:162:Infinity":80,"s:163:4:163:Infinity":81,"s:165:4:165:Infinity":82,"s:166:4:166:Infinity":83,"s:170:21:177:Infinity":84,"f:170:21:170:61":16,"s:171:2:176:Infinity":85,"s:172:21:172:Infinity":86,"s:173:4:173:Infinity":87,"s:175:4:175:Infinity":88,"s:179:27:186:Infinity":89,"f:179:27:179:72":17,"s:180:2:185:Infinity":90,"s:181:21:181:Infinity":91,"s:182:4:182:Infinity":92,"s:184:4:184:Infinity":93,"s:188:27:195:Infinity":94,"f:188:27:188:34":18,"s:189:2:194:Infinity":95,"s:190:21:190:Infinity":96,"s:191:4:191:Infinity":97,"s:193:4:193:Infinity":98,"s:197:28:212:Infinity":99,"f:197:28:197:Infinity":19,"b:201:9:201:Infinity":16,"b:202:9:202:Infinity":17,"s:204:2:211:Infinity":100,"s:205:21:207:Infinity":101,"s:208:4:208:Infinity":102,"s:210:4:210:Infinity":103,"s:214:30:228:Infinity":104,"f:214:30:214:Infinity":20,"s:219:2:227:Infinity":105,"s:220:21:223:Infinity":106,"s:224:4:224:Infinity":107,"s:226:4:226:Infinity":108,"s:230:30:237:Infinity":109,"f:230:30:230:37":21,"s:231:2:236:Infinity":110,"s:232:21:232:Infinity":111,"s:233:4:233:Infinity":112,"s:235:4:235:Infinity":113,"s:239:26:246:Infinity":114,"f:239:26:239:33":22,"s:240:2:245:Infinity":115,"s:241:21:241:Infinity":116,"s:242:4:242:Infinity":117,"s:244:4:244:Infinity":118,"s:248:27:255:Infinity":119,"f:248:27:248:34":23,"s:249:2:254:Infinity":120,"s:250:21:250:Infinity":121,"s:251:4:251:Infinity":122,"s:253:4:253:Infinity":123,"s:257:26:264:Infinity":124,"f:257:26:257:33":24,"s:258:2:263:Infinity":125,"s:259:21:259:Infinity":126,"s:260:4:260:Infinity":127,"s:262:4:262:Infinity":128,"s:266:33:269:Infinity":129,"f:266:33:266:59":25,"s:267:19:267:Infinity":130,"s:268:2:268:Infinity":131,"s:271:30:291:Infinity":132,"f:271:30:271:Infinity":26,"s:277:2:290:Infinity":133,"s:278:21:278:Infinity":134,"s:279:4:279:Infinity":135,"s:280:4:280:Infinity":136,"s:281:4:281:Infinity":137,"s:284:21:286:Infinity":138,"s:287:4:287:Infinity":139,"s:289:4:289:Infinity":140,"s:293:39:300:Infinity":141,"f:293:39:293:46":27,"s:294:2:299:Infinity":142,"s:295:4:295:Infinity":143,"s:296:4:296:Infinity":144,"s:298:4:298:Infinity":145,"s:302:34:312:Infinity":146,"f:302:34:302:Infinity":28,"s:306:2:311:Infinity":147,"s:307:4:307:Infinity":148,"s:308:4:308:Infinity":149,"s:310:4:310:Infinity":150,"s:314:29:325:Infinity":151,"f:314:29:314:Infinity":29,"s:319:2:324:Infinity":152,"s:320:4:320:Infinity":153,"s:321:4:321:Infinity":154,"s:323:4:323:Infinity":155,"s:327:28:341:Infinity":156,"f:327:28:327:Infinity":30,"s:331:2:340:Infinity":157,"s:332:24:332:Infinity":158,"b:333:4:333:Infinity:undefined:undefined:undefined:undefined":18,"s:333:4:333:Infinity":159,"s:333:16:333:Infinity":160,"b:334:4:334:Infinity:undefined:undefined:undefined:undefined":19,"s:334:4:334:Infinity":161,"s:334:16:334:Infinity":162,"s:335:21:335:Infinity":163,"s:336:4:336:Infinity":164,"s:338:4:338:Infinity":165,"s:339:4:339:Infinity":166,"s:343:34:368:Infinity":167,"f:343:34:343:Infinity":31,"s:347:2:367:Infinity":168,"s:348:24:348:Infinity":169,"b:349:4:349:Infinity:undefined:undefined:undefined:undefined":20,"s:349:4:349:Infinity":170,"s:349:16:349:Infinity":171,"b:350:4:350:Infinity:undefined:undefined:undefined:undefined":21,"s:350:4:350:Infinity":172,"s:350:16:350:Infinity":173,"s:351:21:354:Infinity":174,"s:356:17:356:Infinity":175,"s:357:16:357:Infinity":176,"s:358:14:358:Infinity":177,"s:359:4:359:Infinity":178,"s:360:4:360:Infinity":179,"s:361:4:361:Infinity":180,"s:362:4:362:Infinity":181,"s:363:4:363:Infinity":182,"s:364:4:364:Infinity":183,"s:366:4:366:Infinity":184,"s:370:34:378:Infinity":185,"f:370:34:370:60":32,"s:371:2:377:Infinity":186,"s:372:21:372:Infinity":187,"s:373:4:373:Infinity":188,"s:375:4:375:Infinity":189,"s:376:4:376:Infinity":190},"fnNames":{}}}
}
