{"/home/runner/work/EdTech/EdTech/frontend/src/components/AuthLayout.tsx": {"path":"/home/runner/work/EdTech/EdTech/frontend/src/components/AuthLayout.tsx","statementMap":{"0":{"start":{"line":17,"column":48},"end":{"line":17,"column":null}},"1":{"start":{"line":19,"column":23},"end":{"line":22,"column":null}},"2":{"start":{"line":24,"column":23},"end":{"line":27,"column":null}},"3":{"start":{"line":29,"column":2},"end":{"line":181,"column":null}}},"fnMap":{"0":{"name":"AuthLayout","decl":{"start":{"line":8,"column":24},"end":{"line":8,"column":35}},"loc":{"start":{"line":16,"column":3},"end":{"line":183,"column":null}},"line":16}},"branchMap":{"0":{"loc":{"start":{"line":33,"column":16},"end":{"line":33,"column":null}},"type":"cond-expr","locations":[{"start":{"line":33,"column":34},"end":{"line":33,"column":40}},{"start":{"line":33,"column":40},"end":{"line":33,"column":null}}],"line":33},"1":{"loc":{"start":{"line":34,"column":16},"end":{"line":36,"column":null}},"type":"cond-expr","locations":[{"start":{"line":35,"column":12},"end":{"line":35,"column":null}},{"start":{"line":36,"column":12},"end":{"line":36,"column":null}}],"line":34}},"s":{"0":89,"1":89,"2":89,"3":89},"f":{"0":89},"b":{"0":[0,89],"1":[0,89]},"meta":{"lastBranch":2,"lastFunction":1,"lastStatement":4,"seen":{"f:8:24:8:35":0,"s:17:48:17:Infinity":0,"s:19:23:22:Infinity":1,"s:24:23:27:Infinity":2,"s:29:2:181:Infinity":3,"b:33:34:33:40:33:40:33:Infinity":0,"b:35:12:35:Infinity:36:12:36:Infinity":1},"fnNames":{}}}
,"/home/runner/work/EdTech/EdTech/frontend/src/components/Footer.jsx": {"path":"/home/runner/work/EdTech/EdTech/frontend/src/components/Footer.jsx","statementMap":{"0":{"start":{"line":2,"column":2},"end":{"line":28,"column":null}}},"fnMap":{"0":{"name":"Footer","decl":{"start":{"line":1,"column":24},"end":{"line":1,"column":33}},"loc":{"start":{"line":1,"column":33},"end":{"line":30,"column":null}},"line":1}},"branchMap":{},"s":{"0":1},"f":{"0":1},"b":{},"meta":{"lastBranch":0,"lastFunction":1,"lastStatement":1,"seen":{"f:1:24:1:33":0,"s:2:2:28:Infinity":0},"fnNames":{}}}
,"/home/runner/work/EdTech/EdTech/frontend/src/components/GlobalLoader.css": {"path":"/home/runner/work/EdTech/EdTech/frontend/src/components/GlobalLoader.css","statementMap":{},"fnMap":{},"branchMap":{},"s":{},"f":{},"b":{},"meta":{"lastBranch":0,"lastFunction":0,"lastStatement":0,"seen":{},"fnNames":{}}}
,"/home/runner/work/EdTech/EdTech/frontend/src/components/GlobalLoader.tsx": {"path":"/home/runner/work/EdTech/EdTech/frontend/src/components/GlobalLoader.tsx","statementMap":{"0":{"start":{"line":8,"column":6},"end":{"line":43,"column":null}},"1":{"start":{"line":9,"column":20},"end":{"line":9,"column":null}},"2":{"start":{"line":11,"column":2},"end":{"line":22,"column":null}},"3":{"start":{"line":12,"column":10},"end":{"line":12,"column":null}},"4":{"start":{"line":12,"column":29},"end":{"line":12,"column":null}},"5":{"start":{"line":13,"column":10},"end":{"line":13,"column":null}},"6":{"start":{"line":13,"column":29},"end":{"line":13,"column":null}},"7":{"start":{"line":15,"column":4},"end":{"line":15,"column":null}},"8":{"start":{"line":16,"column":4},"end":{"line":16,"column":null}},"9":{"start":{"line":18,"column":4},"end":{"line":21,"column":null}},"10":{"start":{"line":19,"column":6},"end":{"line":19,"column":null}},"11":{"start":{"line":20,"column":6},"end":{"line":20,"column":null}},"12":{"start":{"line":24,"column":2},"end":{"line":24,"column":null}},"13":{"start":{"line":24,"column":32},"end":{"line":24,"column":null}},"14":{"start":{"line":26,"column":2},"end":{"line":41,"column":null}}},"fnMap":{"0":{"name":"(anonymous_0)","decl":{"start":{"line":8,"column":6},"end":{"line":8,"column":51}},"loc":{"start":{"line":8,"column":77},"end":{"line":43,"column":null}},"line":8},"1":{"name":"(anonymous_1)","decl":{"start":{"line":11,"column":2},"end":{"line":11,"column":18}},"loc":{"start":{"line":11,"column":18},"end":{"line":22,"column":5}},"line":11},"2":{"name":"(anonymous_2)","decl":{"start":{"line":12,"column":10},"end":{"line":12,"column":29}},"loc":{"start":{"line":12,"column":29},"end":{"line":12,"column":null}},"line":12},"3":{"name":"(anonymous_3)","decl":{"start":{"line":13,"column":10},"end":{"line":13,"column":29}},"loc":{"start":{"line":13,"column":29},"end":{"line":13,"column":null}},"line":13},"4":{"name":"(anonymous_4)","decl":{"start":{"line":18,"column":4},"end":{"line":18,"column":17}},"loc":{"start":{"line":18,"column":17},"end":{"line":21,"column":null}},"line":18}},"branchMap":{"0":{"loc":{"start":{"line":8,"column":53},"end":{"line":8,"column":77}},"type":"default-arg","locations":[{"start":{"line":8,"column":65},"end":{"line":8,"column":77}}],"line":8},"1":{"loc":{"start":{"line":24,"column":2},"end":{"line":24,"column":null}},"type":"if","locations":[{"start":{"line":24,"column":2},"end":{"line":24,"column":null}},{"start":{},"end":{}}],"line":24},"2":{"loc":{"start":{"line":24,"column":6},"end":{"line":24,"column":32}},"type":"binary-expr","locations":[{"start":{"line":24,"column":6},"end":{"line":24,"column":20}},{"start":{"line":24,"column":20},"end":{"line":24,"column":32}}],"line":24}},"s":{"0":2,"1":7,"2":7,"3":4,"4":2,"5":4,"6":1,"7":4,"8":4,"9":4,"10":4,"11":4,"12":7,"13":5,"14":2},"f":{"0":7,"1":4,"2":2,"3":1,"4":4},"b":{"0":[7],"1":[5,2],"2":[7,5]},"meta":{"lastBranch":3,"lastFunction":5,"lastStatement":15,"seen":{"s:8:6:43:Infinity":0,"f:8:6:8:51":0,"b:8:65:8:77":0,"s:9:20:9:Infinity":1,"s:11:2:22:Infinity":2,"f:11:2:11:18":1,"s:12:10:12:Infinity":3,"f:12:10:12:29":2,"s:12:29:12:Infinity":4,"s:13:10:13:Infinity":5,"f:13:10:13:29":3,"s:13:29:13:Infinity":6,"s:15:4:15:Infinity":7,"s:16:4:16:Infinity":8,"s:18:4:21:Infinity":9,"f:18:4:18:17":4,"s:19:6:19:Infinity":10,"s:20:6:20:Infinity":11,"b:24:2:24:Infinity:undefined:undefined:undefined:undefined":1,"s:24:2:24:Infinity":12,"b:24:6:24:20:24:20:24:32":2,"s:24:32:24:Infinity":13,"s:26:2:41:Infinity":14},"fnNames":{}}}
,"/home/runner/work/EdTech/EdTech/frontend/src/components/NetworkBackground.jsx": {"path":"/home/runner/work/EdTech/EdTech/frontend/src/components/NetworkBackground.jsx","statementMap":{"0":{"start":{"line":3,"column":6},"end":{"line":60,"column":null}},"1":{"start":{"line":4,"column":2},"end":{"line":58,"column":null}}},"fnMap":{"0":{"name":"(anonymous_0)","decl":{"start":{"line":3,"column":6},"end":{"line":3,"column":27}},"loc":{"start":{"line":3,"column":48},"end":{"line":60,"column":null}},"line":3}},"branchMap":{"0":{"loc":{"start":{"line":8,"column":36},"end":{"line":8,"column":64}},"type":"cond-expr","locations":[{"start":{"line":8,"column":51},"end":{"line":8,"column":58}},{"start":{"line":8,"column":58},"end":{"line":8,"column":64}}],"line":8}},"s":{"0":4,"1":88},"f":{"0":88},"b":{"0":[0,88]},"meta":{"lastBranch":1,"lastFunction":1,"lastStatement":2,"seen":{"s:3:6:60:Infinity":0,"f:3:6:3:27":0,"s:4:2:58:Infinity":1,"b:8:51:8:58:8:58:8:64":0},"fnNames":{}}}
,"/home/runner/work/EdTech/EdTech/frontend/src/components/networkBackground.module.css": {"path":"/home/runner/work/EdTech/EdTech/frontend/src/components/networkBackground.module.css","statementMap":{},"fnMap":{},"branchMap":{},"s":{},"f":{},"b":{},"meta":{"lastBranch":0,"lastFunction":0,"lastStatement":0,"seen":{},"fnNames":{}}}
,"/home/runner/work/EdTech/EdTech/frontend/src/components/themeToggle.module.css": {"path":"/home/runner/work/EdTech/EdTech/frontend/src/components/themeToggle.module.css","statementMap":{},"fnMap":{},"branchMap":{},"s":{},"f":{},"b":{},"meta":{"lastBranch":0,"lastFunction":0,"lastStatement":0,"seen":{},"fnNames":{}}}
,"/home/runner/work/EdTech/EdTech/frontend/src/components/themeToggle.tsx": {"path":"/home/runner/work/EdTech/EdTech/frontend/src/components/themeToggle.tsx","statementMap":{"0":{"start":{"line":5,"column":16},"end":{"line":5,"column":null}},"1":{"start":{"line":6,"column":2},"end":{"line":18,"column":null}}},"fnMap":{"0":{"name":"ThemeToggle","decl":{"start":{"line":4,"column":9},"end":{"line":4,"column":23}},"loc":{"start":{"line":4,"column":23},"end":{"line":20,"column":null}},"line":4}},"branchMap":{"0":{"loc":{"start":{"line":13,"column":7},"end":{"line":16,"column":null}},"type":"cond-expr","locations":[{"start":{"line":14,"column":8},"end":{"line":16,"column":9}},{"start":{"line":16,"column":8},"end":{"line":16,"column":null}}],"line":13}},"s":{"0":92,"1":92},"f":{"0":92},"b":{"0":[1,91]},"meta":{"lastBranch":1,"lastFunction":1,"lastStatement":2,"seen":{"f:4:9:4:23":0,"s:5:16:5:Infinity":0,"s:6:2:18:Infinity":1,"b:14:8:16:9:16:8:16:Infinity":0},"fnNames":{}}}
,"/home/runner/work/EdTech/EdTech/frontend/src/context/authContext.tsx": {"path":"/home/runner/work/EdTech/EdTech/frontend/src/context/authContext.tsx","statementMap":{"0":{"start":{"line":16,"column":6},"end":{"line":16,"column":null}},"1":{"start":{"line":19,"column":15},"end":{"line":19,"column":null}},"2":{"start":{"line":20,"column":26},"end":{"line":20,"column":null}},"3":{"start":{"line":21,"column":20},"end":{"line":21,"column":null}},"4":{"start":{"line":22,"column":20},"end":{"line":38,"column":null}},"5":{"start":{"line":23,"column":4},"end":{"line":37,"column":null}},"6":{"start":{"line":24,"column":24},"end":{"line":24,"column":null}},"7":{"start":{"line":25,"column":6},"end":{"line":31,"column":null}},"8":{"start":{"line":26,"column":8},"end":{"line":26,"column":null}},"9":{"start":{"line":27,"column":8},"end":{"line":27,"column":null}},"10":{"start":{"line":29,"column":8},"end":{"line":29,"column":null}},"11":{"start":{"line":30,"column":8},"end":{"line":30,"column":null}},"12":{"start":{"line":33,"column":6},"end":{"line":33,"column":null}},"13":{"start":{"line":34,"column":6},"end":{"line":34,"column":null}},"14":{"start":{"line":36,"column":6},"end":{"line":36,"column":null}},"15":{"start":{"line":40,"column":22},"end":{"line":53,"column":null}},"16":{"start":{"line":41,"column":4},"end":{"line":52,"column":null}},"17":{"start":{"line":42,"column":24},"end":{"line":42,"column":null}},"18":{"start":{"line":43,"column":6},"end":{"line":46,"column":null}},"19":{"start":{"line":44,"column":8},"end":{"line":44,"column":null}},"20":{"start":{"line":45,"column":8},"end":{"line":45,"column":null}},"21":{"start":{"line":47,"column":6},"end":{"line":47,"column":null}},"22":{"start":{"line":49,"column":6},"end":{"line":49,"column":null}},"23":{"start":{"line":50,"column":6},"end":{"line":50,"column":null}},"24":{"start":{"line":51,"column":6},"end":{"line":51,"column":null}},"25":{"start":{"line":54,"column":23},"end":{"line":58,"column":null}},"26":{"start":{"line":55,"column":4},"end":{"line":55,"column":null}},"27":{"start":{"line":56,"column":4},"end":{"line":56,"column":null}},"28":{"start":{"line":57,"column":4},"end":{"line":57,"column":null}},"29":{"start":{"line":59,"column":25},"end":{"line":66,"column":null}},"30":{"start":{"line":64,"column":22},"end":{"line":64,"column":null}},"31":{"start":{"line":65,"column":4},"end":{"line":65,"column":null}},"32":{"start":{"line":67,"column":2},"end":{"line":70,"column":null}},"33":{"start":{"line":69,"column":4},"end":{"line":69,"column":null}},"34":{"start":{"line":71,"column":2},"end":{"line":84,"column":null}},"35":{"start":{"line":89,"column":13},"end":{"line":95,"column":null}},"36":{"start":{"line":90,"column":8},"end":{"line":90,"column":null}},"37":{"start":{"line":91,"column":2},"end":{"line":93,"column":null}},"38":{"start":{"line":92,"column":4},"end":{"line":92,"column":null}},"39":{"start":{"line":94,"column":2},"end":{"line":94,"column":null}}},"fnMap":{"0":{"name":"AuthProvider","decl":{"start":{"line":18,"column":16},"end":{"line":18,"column":29}},"loc":{"start":{"line":18,"column":68},"end":{"line":86,"column":null}},"line":18},"1":{"name":"(anonymous_1)","decl":{"start":{"line":22,"column":20},"end":{"line":22,"column":32}},"loc":{"start":{"line":22,"column":32},"end":{"line":38,"column":null}},"line":22},"2":{"name":"(anonymous_2)","decl":{"start":{"line":40,"column":22},"end":{"line":40,"column":29}},"loc":{"start":{"line":40,"column":89},"end":{"line":53,"column":null}},"line":40},"3":{"name":"(anonymous_3)","decl":{"start":{"line":54,"column":23},"end":{"line":54,"column":50}},"loc":{"start":{"line":54,"column":50},"end":{"line":58,"column":null}},"line":54},"4":{"name":"(anonymous_4)","decl":{"start":{"line":59,"column":25},"end":{"line":59,"column":null}},"loc":{"start":{"line":63,"column":34},"end":{"line":66,"column":null}},"line":63},"5":{"name":"(anonymous_5)","decl":{"start":{"line":67,"column":2},"end":{"line":67,"column":18}},"loc":{"start":{"line":67,"column":18},"end":{"line":70,"column":5}},"line":67},"6":{"name":"(anonymous_6)","decl":{"start":{"line":89,"column":13},"end":{"line":89,"column":29}},"loc":{"start":{"line":89,"column":29},"end":{"line":95,"column":null}},"line":89}},"branchMap":{"0":{"loc":{"start":{"line":25,"column":6},"end":{"line":31,"column":null}},"type":"if","locations":[{"start":{"line":25,"column":6},"end":{"line":31,"column":null}},{"start":{"line":28,"column":13},"end":{"line":31,"column":null}}],"line":25},"1":{"loc":{"start":{"line":25,"column":10},"end":{"line":25,"column":48}},"type":"binary-expr","locations":[{"start":{"line":25,"column":10},"end":{"line":25,"column":31}},{"start":{"line":25,"column":31},"end":{"line":25,"column":48}}],"line":25},"2":{"loc":{"start":{"line":43,"column":6},"end":{"line":46,"column":null}},"type":"if","locations":[{"start":{"line":43,"column":6},"end":{"line":46,"column":null}},{"start":{},"end":{}}],"line":43},"3":{"loc":{"start":{"line":43,"column":10},"end":{"line":43,"column":56}},"type":"binary-expr","locations":[{"start":{"line":43,"column":10},"end":{"line":43,"column":39}},{"start":{"line":43,"column":39},"end":{"line":43,"column":56}}],"line":43},"4":{"loc":{"start":{"line":91,"column":2},"end":{"line":93,"column":null}},"type":"if","locations":[{"start":{"line":91,"column":2},"end":{"line":93,"column":null}},{"start":{},"end":{}}],"line":91}},"s":{"0":4,"1":25,"2":25,"3":25,"4":25,"5":18,"6":18,"7":8,"8":2,"9":2,"10":6,"11":6,"12":0,"13":0,"14":8,"15":25,"16":2,"17":2,"18":1,"19":1,"20":1,"21":1,"22":0,"23":0,"24":0,"25":25,"26":1,"27":1,"28":1,"29":25,"30":1,"31":1,"32":25,"33":18,"34":25,"35":4,"36":24,"37":24,"38":0,"39":24},"f":{"0":25,"1":18,"2":2,"3":1,"4":1,"5":18,"6":24},"b":{"0":[2,6],"1":[8,2],"2":[1,0],"3":[1,1],"4":[0,24]},"meta":{"lastBranch":5,"lastFunction":7,"lastStatement":40,"seen":{"s:16:6:16:Infinity":0,"f:18:16:18:29":0,"s:19:15:19:Infinity":1,"s:20:26:20:Infinity":2,"s:21:20:21:Infinity":3,"s:22:20:38:Infinity":4,"f:22:20:22:32":1,"s:23:4:37:Infinity":5,"s:24:24:24:Infinity":6,"b:25:6:31:Infinity:28:13:31:Infinity":0,"s:25:6:31:Infinity":7,"b:25:10:25:31:25:31:25:48":1,"s:26:8:26:Infinity":8,"s:27:8:27:Infinity":9,"s:29:8:29:Infinity":10,"s:30:8:30:Infinity":11,"s:33:6:33:Infinity":12,"s:34:6:34:Infinity":13,"s:36:6:36:Infinity":14,"s:40:22:53:Infinity":15,"f:40:22:40:29":2,"s:41:4:52:Infinity":16,"s:42:24:42:Infinity":17,"b:43:6:46:Infinity:undefined:undefined:undefined:undefined":2,"s:43:6:46:Infinity":18,"b:43:10:43:39:43:39:43:56":3,"s:44:8:44:Infinity":19,"s:45:8:45:Infinity":20,"s:47:6:47:Infinity":21,"s:49:6:49:Infinity":22,"s:50:6:50:Infinity":23,"s:51:6:51:Infinity":24,"s:54:23:58:Infinity":25,"f:54:23:54:50":3,"s:55:4:55:Infinity":26,"s:56:4:56:Infinity":27,"s:57:4:57:Infinity":28,"s:59:25:66:Infinity":29,"f:59:25:59:Infinity":4,"s:64:22:64:Infinity":30,"s:65:4:65:Infinity":31,"s:67:2:70:Infinity":32,"f:67:2:67:18":5,"s:69:4:69:Infinity":33,"s:71:2:84:Infinity":34,"s:89:13:95:Infinity":35,"f:89:13:89:29":6,"s:90:8:90:Infinity":36,"b:91:2:93:Infinity:undefined:undefined:undefined:undefined":4,"s:91:2:93:Infinity":37,"s:92:4:92:Infinity":38,"s:94:2:94:Infinity":39},"fnNames":{}}}
,"/home/runner/work/EdTech/EdTech/frontend/src/hooks/useEasterEggs.js": {"path":"/home/runner/work/EdTech/EdTech/frontend/src/hooks/useEasterEggs.js","statementMap":{"0":{"start":{"line":3,"column":20},"end":{"line":14,"column":null}},"1":{"start":{"line":17,"column":26},"end":{"line":17,"column":null}},"2":{"start":{"line":18,"column":30},"end":{"line":18,"column":null}},"3":{"start":{"line":19,"column":11},"end":{"line":19,"column":null}},"4":{"start":{"line":20,"column":11},"end":{"line":20,"column":null}},"5":{"start":{"line":22,"column":8},"end":{"line":22,"column":null}},"6":{"start":{"line":23,"column":8},"end":{"line":23,"column":null}},"7":{"start":{"line":26,"column":2},"end":{"line":49,"column":null}},"8":{"start":{"line":27,"column":10},"end":{"line":45,"column":null}},"9":{"start":{"line":28,"column":6},"end":{"line":44,"column":null}},"10":{"start":{"line":29,"column":24},"end":{"line":29,"column":null}},"11":{"start":{"line":32,"column":24},"end":{"line":34,"column":null}},"12":{"start":{"line":33,"column":26},"end":{"line":33,"column":null}},"13":{"start":{"line":36,"column":8},"end":{"line":41,"column":null}},"14":{"start":{"line":37,"column":10},"end":{"line":37,"column":null}},"15":{"start":{"line":39,"column":10},"end":{"line":39,"column":null}},"16":{"start":{"line":39,"column":27},"end":{"line":39,"column":54}},"17":{"start":{"line":40,"column":10},"end":{"line":40,"column":null}},"18":{"start":{"line":43,"column":8},"end":{"line":43,"column":null}},"19":{"start":{"line":47,"column":4},"end":{"line":47,"column":null}},"20":{"start":{"line":48,"column":4},"end":{"line":48,"column":null}},"21":{"start":{"line":48,"column":17},"end":{"line":48,"column":null}},"22":{"start":{"line":52,"column":8},"end":{"line":83,"column":null}},"23":{"start":{"line":53,"column":4},"end":{"line":53,"column":null}},"24":{"start":{"line":53,"column":29},"end":{"line":53,"column":null}},"25":{"start":{"line":55,"column":4},"end":{"line":82,"column":null}},"26":{"start":{"line":56,"column":25},"end":{"line":56,"column":null}},"27":{"start":{"line":59,"column":6},"end":{"line":59,"column":null}},"28":{"start":{"line":59,"column":35},"end":{"line":59,"column":null}},"29":{"start":{"line":61,"column":6},"end":{"line":81,"column":null}},"30":{"start":{"line":62,"column":8},"end":{"line":62,"column":null}},"31":{"start":{"line":63,"column":8},"end":{"line":63,"column":null}},"32":{"start":{"line":63,"column":42},"end":{"line":63,"column":null}},"33":{"start":{"line":64,"column":8},"end":{"line":67,"column":null}},"34":{"start":{"line":65,"column":10},"end":{"line":65,"column":null}},"35":{"start":{"line":66,"column":10},"end":{"line":66,"column":null}},"36":{"start":{"line":68,"column":8},"end":{"line":68,"column":null}},"37":{"start":{"line":72,"column":8},"end":{"line":79,"column":null}},"38":{"start":{"line":73,"column":10},"end":{"line":78,"column":null}},"39":{"start":{"line":74,"column":12},"end":{"line":76,"column":null}},"40":{"start":{"line":75,"column":14},"end":{"line":75,"column":null}},"41":{"start":{"line":77,"column":12},"end":{"line":77,"column":null}},"42":{"start":{"line":80,"column":8},"end":{"line":80,"column":null}},"43":{"start":{"line":86,"column":2},"end":{"line":105,"column":null}},"44":{"start":{"line":87,"column":4},"end":{"line":90,"column":null}},"45":{"start":{"line":91,"column":4},"end":{"line":94,"column":null}},"46":{"start":{"line":95,"column":4},"end":{"line":104,"column":null}},"47":{"start":{"line":107,"column":2},"end":{"line":111,"column":null}}},"fnMap":{"0":{"name":"useEasterEggs","decl":{"start":{"line":16,"column":24},"end":{"line":16,"column":40}},"loc":{"start":{"line":16,"column":40},"end":{"line":112,"column":null}},"line":16},"1":{"name":"(anonymous_1)","decl":{"start":{"line":26,"column":2},"end":{"line":26,"column":18}},"loc":{"start":{"line":26,"column":18},"end":{"line":49,"column":5}},"line":26},"2":{"name":"(anonymous_2)","decl":{"start":{"line":27,"column":10},"end":{"line":27,"column":27}},"loc":{"start":{"line":27,"column":33},"end":{"line":45,"column":null}},"line":27},"3":{"name":"(anonymous_3)","decl":{"start":{"line":28,"column":6},"end":{"line":28,"column":22}},"loc":{"start":{"line":28,"column":31},"end":{"line":44,"column":7}},"line":28},"4":{"name":"(anonymous_4)","decl":{"start":{"line":32,"column":32},"end":{"line":32,"column":null}},"loc":{"start":{"line":33,"column":26},"end":{"line":33,"column":null}},"line":33},"5":{"name":"(anonymous_5)","decl":{"start":{"line":39,"column":10},"end":{"line":39,"column":27}},"loc":{"start":{"line":39,"column":27},"end":{"line":39,"column":54}},"line":39},"6":{"name":"(anonymous_6)","decl":{"start":{"line":48,"column":4},"end":{"line":48,"column":17}},"loc":{"start":{"line":48,"column":17},"end":{"line":48,"column":null}},"line":48},"7":{"name":"(anonymous_7)","decl":{"start":{"line":52,"column":8},"end":{"line":52,"column":32}},"loc":{"start":{"line":52,"column":32},"end":{"line":83,"column":null}},"line":52},"8":{"name":"(anonymous_8)","decl":{"start":{"line":55,"column":4},"end":{"line":55,"column":19}},"loc":{"start":{"line":55,"column":28},"end":{"line":82,"column":5}},"line":55},"9":{"name":"(anonymous_9)","decl":{"start":{"line":64,"column":39},"end":{"line":64,"column":56}},"loc":{"start":{"line":64,"column":56},"end":{"line":67,"column":11}},"line":64},"10":{"name":"(anonymous_10)","decl":{"start":{"line":72,"column":34},"end":{"line":72,"column":51}},"loc":{"start":{"line":72,"column":51},"end":{"line":79,"column":11}},"line":72},"11":{"name":"(anonymous_11)","decl":{"start":{"line":73,"column":10},"end":{"line":73,"column":25}},"loc":{"start":{"line":73,"column":43},"end":{"line":78,"column":11}},"line":73},"12":{"name":"(anonymous_12)","decl":{"start":{"line":86,"column":2},"end":{"line":86,"column":18}},"loc":{"start":{"line":86,"column":18},"end":{"line":105,"column":5}},"line":86}},"branchMap":{"0":{"loc":{"start":{"line":36,"column":8},"end":{"line":41,"column":null}},"type":"if","locations":[{"start":{"line":36,"column":8},"end":{"line":41,"column":null}},{"start":{},"end":{}}],"line":36},"1":{"loc":{"start":{"line":36,"column":12},"end":{"line":36,"column":62}},"type":"binary-expr","locations":[{"start":{"line":36,"column":12},"end":{"line":36,"column":23}},{"start":{"line":36,"column":23},"end":{"line":36,"column":62}}],"line":36},"2":{"loc":{"start":{"line":53,"column":4},"end":{"line":53,"column":null}},"type":"if","locations":[{"start":{"line":53,"column":4},"end":{"line":53,"column":null}},{"start":{},"end":{}}],"line":53},"3":{"loc":{"start":{"line":59,"column":6},"end":{"line":59,"column":null}},"type":"if","locations":[{"start":{"line":59,"column":6},"end":{"line":59,"column":null}},{"start":{},"end":{}}],"line":59},"4":{"loc":{"start":{"line":61,"column":6},"end":{"line":81,"column":null}},"type":"if","locations":[{"start":{"line":61,"column":6},"end":{"line":81,"column":null}},{"start":{"line":69,"column":13},"end":{"line":81,"column":null}}],"line":61},"5":{"loc":{"start":{"line":63,"column":8},"end":{"line":63,"column":null}},"type":"if","locations":[{"start":{"line":63,"column":8},"end":{"line":63,"column":null}},{"start":{},"end":{}}],"line":63},"6":{"loc":{"start":{"line":74,"column":12},"end":{"line":76,"column":null}},"type":"if","locations":[{"start":{"line":74,"column":12},"end":{"line":76,"column":null}},{"start":{},"end":{}}],"line":74}},"s":{"0":5,"1":100,"2":100,"3":100,"4":100,"5":100,"6":100,"7":100,"8":24,"9":10,"10":10,"11":10,"12":55,"13":10,"14":1,"15":1,"16":1,"17":1,"18":9,"19":24,"20":24,"21":24,"22":100,"23":6,"24":0,"25":6,"26":6,"27":6,"28":4,"29":6,"30":1,"31":1,"32":0,"33":1,"34":1,"35":1,"36":1,"37":5,"38":1,"39":1,"40":1,"41":1,"42":5,"43":100,"44":24,"45":24,"46":24,"47":100},"f":{"0":100,"1":24,"2":10,"3":10,"4":55,"5":1,"6":24,"7":6,"8":6,"9":1,"10":1,"11":1,"12":24},"b":{"0":[1,9],"1":[10,10],"2":[0,6],"3":[4,2],"4":[1,5],"5":[0,1],"6":[1,0]},"meta":{"lastBranch":7,"lastFunction":13,"lastStatement":48,"seen":{"s:3:20:14:Infinity":0,"f:16:24:16:40":0,"s:17:26:17:Infinity":1,"s:18:30:18:Infinity":2,"s:19:11:19:Infinity":3,"s:20:11:20:Infinity":4,"s:22:8:22:Infinity":5,"s:23:8:23:Infinity":6,"s:26:2:49:Infinity":7,"f:26:2:26:18":1,"s:27:10:45:Infinity":8,"f:27:10:27:27":2,"s:28:6:44:Infinity":9,"f:28:6:28:22":3,"s:29:24:29:Infinity":10,"s:32:24:34:Infinity":11,"f:32:32:32:Infinity":4,"s:33:26:33:Infinity":12,"b:36:8:41:Infinity:undefined:undefined:undefined:undefined":0,"s:36:8:41:Infinity":13,"b:36:12:36:23:36:23:36:62":1,"s:37:10:37:Infinity":14,"s:39:10:39:Infinity":15,"f:39:10:39:27":5,"s:39:27:39:54":16,"s:40:10:40:Infinity":17,"s:43:8:43:Infinity":18,"s:47:4:47:Infinity":19,"s:48:4:48:Infinity":20,"f:48:4:48:17":6,"s:48:17:48:Infinity":21,"s:52:8:83:Infinity":22,"f:52:8:52:32":7,"b:53:4:53:Infinity:undefined:undefined:undefined:undefined":2,"s:53:4:53:Infinity":23,"s:53:29:53:Infinity":24,"s:55:4:82:Infinity":25,"f:55:4:55:19":8,"s:56:25:56:Infinity":26,"b:59:6:59:Infinity:undefined:undefined:undefined:undefined":3,"s:59:6:59:Infinity":27,"s:59:35:59:Infinity":28,"b:61:6:81:Infinity:69:13:81:Infinity":4,"s:61:6:81:Infinity":29,"s:62:8:62:Infinity":30,"b:63:8:63:Infinity:undefined:undefined:undefined:undefined":5,"s:63:8:63:Infinity":31,"s:63:42:63:Infinity":32,"s:64:8:67:Infinity":33,"f:64:39:64:56":9,"s:65:10:65:Infinity":34,"s:66:10:66:Infinity":35,"s:68:8:68:Infinity":36,"s:72:8:79:Infinity":37,"f:72:34:72:51":10,"s:73:10:78:Infinity":38,"f:73:10:73:25":11,"b:74:12:76:Infinity:undefined:undefined:undefined:undefined":6,"s:74:12:76:Infinity":39,"s:75:14:75:Infinity":40,"s:77:12:77:Infinity":41,"s:80:8:80:Infinity":42,"s:86:2:105:Infinity":43,"f:86:2:86:18":12,"s:87:4:90:Infinity":44,"s:91:4:94:Infinity":45,"s:95:4:104:Infinity":46,"s:107:2:111:Infinity":47},"fnNames":{}}}
,"/home/runner/work/EdTech/EdTech/frontend/src/hooks/useTheme.js": {"path":"/home/runner/work/EdTech/EdTech/frontend/src/hooks/useTheme.js","statementMap":{"0":{"start":{"line":2,"column":6},"end":{"line":23,"column":null}},"1":{"start":{"line":3,"column":15},"end":{"line":9,"column":null}},"2":{"start":{"line":4,"column":4},"end":{"line":8,"column":null}},"3":{"start":{"line":10,"column":2},"end":{"line":14,"column":null}},"4":{"start":{"line":11,"column":4},"end":{"line":11,"column":null}},"5":{"start":{"line":12,"column":4},"end":{"line":12,"column":null}},"6":{"start":{"line":13,"column":4},"end":{"line":13,"column":null}},"7":{"start":{"line":15,"column":8},"end":{"line":21,"column":null}},"8":{"start":{"line":16,"column":4},"end":{"line":20,"column":null}},"9":{"start":{"line":17,"column":6},"end":{"line":17,"column":null}},"10":{"start":{"line":19,"column":6},"end":{"line":19,"column":null}},"11":{"start":{"line":22,"column":2},"end":{"line":22,"column":null}}},"fnMap":{"0":{"name":"(anonymous_0)","decl":{"start":{"line":2,"column":6},"end":{"line":2,"column":23}},"loc":{"start":{"line":2,"column":23},"end":{"line":23,"column":null}},"line":2},"1":{"name":"(anonymous_1)","decl":{"start":{"line":3,"column":26},"end":{"line":3,"column":41}},"loc":{"start":{"line":3,"column":41},"end":{"line":9,"column":3}},"line":3},"2":{"name":"(anonymous_2)","decl":{"start":{"line":10,"column":2},"end":{"line":10,"column":18}},"loc":{"start":{"line":10,"column":18},"end":{"line":14,"column":5}},"line":10},"3":{"name":"(anonymous_3)","decl":{"start":{"line":15,"column":8},"end":{"line":15,"column":28}},"loc":{"start":{"line":15,"column":28},"end":{"line":21,"column":null}},"line":15}},"branchMap":{"0":{"loc":{"start":{"line":4,"column":11},"end":{"line":8,"column":null}},"type":"cond-expr","locations":[{"start":{"line":5,"column":8},"end":{"line":5,"column":null}},{"start":{"line":6,"column":8},"end":{"line":8,"column":null}}],"line":4},"1":{"loc":{"start":{"line":6,"column":8},"end":{"line":8,"column":null}},"type":"cond-expr","locations":[{"start":{"line":7,"column":10},"end":{"line":7,"column":null}},{"start":{"line":8,"column":10},"end":{"line":8,"column":null}}],"line":6},"2":{"loc":{"start":{"line":16,"column":4},"end":{"line":20,"column":null}},"type":"if","locations":[{"start":{"line":16,"column":4},"end":{"line":20,"column":null}},{"start":{"line":18,"column":11},"end":{"line":20,"column":null}}],"line":16}},"s":{"0":5,"1":95,"2":25,"3":95,"4":27,"5":27,"6":27,"7":95,"8":2,"9":1,"10":1,"11":95},"f":{"0":95,"1":25,"2":27,"3":2},"b":{"0":[19,6],"1":[1,5],"2":[1,1]},"meta":{"lastBranch":3,"lastFunction":4,"lastStatement":12,"seen":{"s:2:6:23:Infinity":0,"f:2:6:2:23":0,"s:3:15:9:Infinity":1,"f:3:26:3:41":1,"s:4:4:8:Infinity":2,"b:5:8:5:Infinity:6:8:8:Infinity":0,"b:7:10:7:Infinity:8:10:8:Infinity":1,"s:10:2:14:Infinity":3,"f:10:2:10:18":2,"s:11:4:11:Infinity":4,"s:12:4:12:Infinity":5,"s:13:4:13:Infinity":6,"s:15:8:21:Infinity":7,"f:15:8:15:28":3,"b:16:4:20:Infinity:18:11:20:Infinity":2,"s:16:4:20:Infinity":8,"s:17:6:17:Infinity":9,"s:19:6:19:Infinity":10,"s:22:2:22:Infinity":11},"fnNames":{}}}
,"/home/runner/work/EdTech/EdTech/frontend/src/pages/Recovery.tsx": {"path":"/home/runner/work/EdTech/EdTech/frontend/src/pages/Recovery.tsx","statementMap":{"0":{"start":{"line":9,"column":15},"end":{"line":9,"column":null}},"1":{"start":{"line":10,"column":16},"end":{"line":10,"column":null}},"2":{"start":{"line":11,"column":15},"end":{"line":11,"column":null}},"3":{"start":{"line":12,"column":16},"end":{"line":12,"column":null}},"4":{"start":{"line":13,"column":25},"end":{"line":13,"column":null}},"5":{"start":{"line":15,"column":23},"end":{"line":15,"column":null}},"6":{"start":{"line":16,"column":30},"end":{"line":16,"column":null}},"7":{"start":{"line":18,"column":15},"end":{"line":18,"column":null}},"8":{"start":{"line":19,"column":18},"end":{"line":19,"column":null}},"9":{"start":{"line":20,"column":18},"end":{"line":20,"column":null}},"10":{"start":{"line":21,"column":20},"end":{"line":21,"column":null}},"11":{"start":{"line":23,"column":8},"end":{"line":23,"column":null}},"12":{"start":{"line":24,"column":8},"end":{"line":27,"column":null}},"13":{"start":{"line":25,"column":4},"end":{"line":25,"column":null}},"14":{"start":{"line":26,"column":4},"end":{"line":26,"column":null}},"15":{"start":{"line":26,"column":21},"end":{"line":26,"column":42}},"16":{"start":{"line":29,"column":28},"end":{"line":50,"column":null}},"17":{"start":{"line":30,"column":4},"end":{"line":30,"column":null}},"18":{"start":{"line":30,"column":11},"end":{"line":30,"column":null}},"19":{"start":{"line":31,"column":4},"end":{"line":31,"column":null}},"20":{"start":{"line":32,"column":4},"end":{"line":32,"column":null}},"21":{"start":{"line":34,"column":4},"end":{"line":49,"column":null}},"22":{"start":{"line":35,"column":18},"end":{"line":35,"column":null}},"23":{"start":{"line":36,"column":6},"end":{"line":43,"column":null}},"24":{"start":{"line":37,"column":8},"end":{"line":37,"column":null}},"25":{"start":{"line":38,"column":8},"end":{"line":38,"column":null}},"26":{"start":{"line":39,"column":8},"end":{"line":39,"column":null}},"27":{"start":{"line":39,"column":25},"end":{"line":39,"column":41}},"28":{"start":{"line":41,"column":8},"end":{"line":41,"column":null}},"29":{"start":{"line":42,"column":8},"end":{"line":42,"column":null}},"30":{"start":{"line":45,"column":6},"end":{"line":45,"column":null}},"31":{"start":{"line":46,"column":6},"end":{"line":46,"column":null}},"32":{"start":{"line":48,"column":6},"end":{"line":48,"column":null}},"33":{"start":{"line":52,"column":27},"end":{"line":73,"column":null}},"34":{"start":{"line":53,"column":4},"end":{"line":53,"column":null}},"35":{"start":{"line":53,"column":11},"end":{"line":53,"column":null}},"36":{"start":{"line":54,"column":4},"end":{"line":54,"column":null}},"37":{"start":{"line":55,"column":4},"end":{"line":55,"column":null}},"38":{"start":{"line":57,"column":4},"end":{"line":72,"column":null}},"39":{"start":{"line":58,"column":18},"end":{"line":58,"column":null}},"40":{"start":{"line":59,"column":6},"end":{"line":66,"column":null}},"41":{"start":{"line":60,"column":8},"end":{"line":60,"column":null}},"42":{"start":{"line":61,"column":8},"end":{"line":61,"column":null}},"43":{"start":{"line":62,"column":8},"end":{"line":62,"column":null}},"44":{"start":{"line":62,"column":25},"end":{"line":62,"column":41}},"45":{"start":{"line":64,"column":8},"end":{"line":64,"column":null}},"46":{"start":{"line":65,"column":8},"end":{"line":65,"column":null}},"47":{"start":{"line":68,"column":6},"end":{"line":68,"column":null}},"48":{"start":{"line":69,"column":6},"end":{"line":69,"column":null}},"49":{"start":{"line":71,"column":6},"end":{"line":71,"column":null}},"50":{"start":{"line":75,"column":30},"end":{"line":101,"column":null}},"51":{"start":{"line":76,"column":4},"end":{"line":76,"column":null}},"52":{"start":{"line":76,"column":11},"end":{"line":76,"column":null}},"53":{"start":{"line":77,"column":4},"end":{"line":77,"column":null}},"54":{"start":{"line":79,"column":4},"end":{"line":83,"column":null}},"55":{"start":{"line":80,"column":6},"end":{"line":80,"column":null}},"56":{"start":{"line":81,"column":6},"end":{"line":81,"column":null}},"57":{"start":{"line":82,"column":6},"end":{"line":82,"column":null}},"58":{"start":{"line":85,"column":4},"end":{"line":85,"column":null}},"59":{"start":{"line":86,"column":4},"end":{"line":100,"column":null}},"60":{"start":{"line":87,"column":18},"end":{"line":87,"column":null}},"61":{"start":{"line":88,"column":6},"end":{"line":94,"column":null}},"62":{"start":{"line":89,"column":8},"end":{"line":89,"column":null}},"63":{"start":{"line":90,"column":8},"end":{"line":90,"column":null}},"64":{"start":{"line":90,"column":25},"end":{"line":90,"column":45}},"65":{"start":{"line":92,"column":8},"end":{"line":92,"column":null}},"66":{"start":{"line":93,"column":8},"end":{"line":93,"column":null}},"67":{"start":{"line":96,"column":6},"end":{"line":96,"column":null}},"68":{"start":{"line":97,"column":6},"end":{"line":97,"column":null}},"69":{"start":{"line":99,"column":6},"end":{"line":99,"column":null}},"70":{"start":{"line":105,"column":23},"end":{"line":108,"column":null}},"71":{"start":{"line":110,"column":24},"end":{"line":112,"column":null}},"72":{"start":{"line":115,"column":4},"end":{"line":115,"column":null}},"73":{"start":{"line":117,"column":4},"end":{"line":121,"column":null}},"74":{"start":{"line":123,"column":2},"end":{"line":338,"column":null}},"75":{"start":{"line":131,"column":12},"end":{"line":131,"column":null}},"76":{"start":{"line":132,"column":12},"end":{"line":132,"column":null}},"77":{"start":{"line":172,"column":35},"end":{"line":172,"column":null}},"78":{"start":{"line":187,"column":33},"end":{"line":187,"column":null}},"79":{"start":{"line":198,"column":35},"end":{"line":198,"column":null}},"80":{"start":{"line":218,"column":37},"end":{"line":218,"column":null}},"81":{"start":{"line":225,"column":35},"end":{"line":225,"column":null}},"82":{"start":{"line":269,"column":37},"end":{"line":269,"column":null}},"83":{"start":{"line":276,"column":35},"end":{"line":276,"column":null}}},"fnMap":{"0":{"name":"Recovery","decl":{"start":{"line":8,"column":9},"end":{"line":8,"column":20}},"loc":{"start":{"line":8,"column":20},"end":{"line":340,"column":null}},"line":8},"1":{"name":"(anonymous_1)","decl":{"start":{"line":24,"column":8},"end":{"line":24,"column":29}},"loc":{"start":{"line":24,"column":29},"end":{"line":27,"column":null}},"line":24},"2":{"name":"(anonymous_2)","decl":{"start":{"line":26,"column":4},"end":{"line":26,"column":21}},"loc":{"start":{"line":26,"column":21},"end":{"line":26,"column":42}},"line":26},"3":{"name":"(anonymous_3)","decl":{"start":{"line":29,"column":28},"end":{"line":29,"column":35}},"loc":{"start":{"line":29,"column":58},"end":{"line":50,"column":null}},"line":29},"4":{"name":"(anonymous_4)","decl":{"start":{"line":39,"column":8},"end":{"line":39,"column":25}},"loc":{"start":{"line":39,"column":25},"end":{"line":39,"column":41}},"line":39},"5":{"name":"(anonymous_5)","decl":{"start":{"line":52,"column":27},"end":{"line":52,"column":34}},"loc":{"start":{"line":52,"column":57},"end":{"line":73,"column":null}},"line":52},"6":{"name":"(anonymous_6)","decl":{"start":{"line":62,"column":8},"end":{"line":62,"column":25}},"loc":{"start":{"line":62,"column":25},"end":{"line":62,"column":41}},"line":62},"7":{"name":"(anonymous_7)","decl":{"start":{"line":75,"column":30},"end":{"line":75,"column":37}},"loc":{"start":{"line":75,"column":60},"end":{"line":101,"column":null}},"line":75},"8":{"name":"(anonymous_8)","decl":{"start":{"line":90,"column":8},"end":{"line":90,"column":25}},"loc":{"start":{"line":90,"column":25},"end":{"line":90,"column":45}},"line":90},"9":{"name":"(anonymous_9)","decl":{"start":{"line":130,"column":10},"end":{"line":130,"column":22}},"loc":{"start":{"line":130,"column":28},"end":{"line":133,"column":null}},"line":130},"10":{"name":"(anonymous_10)","decl":{"start":{"line":172,"column":18},"end":{"line":172,"column":29}},"loc":{"start":{"line":172,"column":35},"end":{"line":172,"column":null}},"line":172},"11":{"name":"(anonymous_11)","decl":{"start":{"line":187,"column":18},"end":{"line":187,"column":33}},"loc":{"start":{"line":187,"column":33},"end":{"line":187,"column":null}},"line":187},"12":{"name":"(anonymous_12)","decl":{"start":{"line":198,"column":18},"end":{"line":198,"column":29}},"loc":{"start":{"line":198,"column":35},"end":{"line":198,"column":null}},"line":198},"13":{"name":"(anonymous_13)","decl":{"start":{"line":218,"column":20},"end":{"line":218,"column":31}},"loc":{"start":{"line":218,"column":37},"end":{"line":218,"column":null}},"line":218},"14":{"name":"(anonymous_14)","decl":{"start":{"line":225,"column":20},"end":{"line":225,"column":35}},"loc":{"start":{"line":225,"column":35},"end":{"line":225,"column":null}},"line":225},"15":{"name":"(anonymous_15)","decl":{"start":{"line":269,"column":20},"end":{"line":269,"column":31}},"loc":{"start":{"line":269,"column":37},"end":{"line":269,"column":null}},"line":269},"16":{"name":"(anonymous_16)","decl":{"start":{"line":276,"column":20},"end":{"line":276,"column":35}},"loc":{"start":{"line":276,"column":35},"end":{"line":276,"column":null}},"line":276}},"branchMap":{"0":{"loc":{"start":{"line":30,"column":4},"end":{"line":30,"column":null}},"type":"if","locations":[{"start":{"line":30,"column":4},"end":{"line":30,"column":null}},{"start":{},"end":{}}],"line":30},"1":{"loc":{"start":{"line":36,"column":6},"end":{"line":43,"column":null}},"type":"if","locations":[{"start":{"line":36,"column":6},"end":{"line":43,"column":null}},{"start":{"line":40,"column":13},"end":{"line":43,"column":null}}],"line":36},"2":{"loc":{"start":{"line":41,"column":16},"end":{"line":41,"column":58}},"type":"binary-expr","locations":[{"start":{"line":41,"column":16},"end":{"line":41,"column":32}},{"start":{"line":41,"column":32},"end":{"line":41,"column":58}}],"line":41},"3":{"loc":{"start":{"line":53,"column":4},"end":{"line":53,"column":null}},"type":"if","locations":[{"start":{"line":53,"column":4},"end":{"line":53,"column":null}},{"start":{},"end":{}}],"line":53},"4":{"loc":{"start":{"line":59,"column":6},"end":{"line":66,"column":null}},"type":"if","locations":[{"start":{"line":59,"column":6},"end":{"line":66,"column":null}},{"start":{"line":63,"column":13},"end":{"line":66,"column":null}}],"line":59},"5":{"loc":{"start":{"line":64,"column":16},"end":{"line":64,"column":49}},"type":"binary-expr","locations":[{"start":{"line":64,"column":16},"end":{"line":64,"column":32}},{"start":{"line":64,"column":32},"end":{"line":64,"column":49}}],"line":64},"6":{"loc":{"start":{"line":76,"column":4},"end":{"line":76,"column":null}},"type":"if","locations":[{"start":{"line":76,"column":4},"end":{"line":76,"column":null}},{"start":{},"end":{}}],"line":76},"7":{"loc":{"start":{"line":79,"column":4},"end":{"line":83,"column":null}},"type":"if","locations":[{"start":{"line":79,"column":4},"end":{"line":83,"column":null}},{"start":{},"end":{}}],"line":79},"8":{"loc":{"start":{"line":88,"column":6},"end":{"line":94,"column":null}},"type":"if","locations":[{"start":{"line":88,"column":6},"end":{"line":94,"column":null}},{"start":{"line":91,"column":13},"end":{"line":94,"column":null}}],"line":88},"9":{"loc":{"start":{"line":92,"column":16},"end":{"line":92,"column":57}},"type":"binary-expr","locations":[{"start":{"line":92,"column":16},"end":{"line":92,"column":32}},{"start":{"line":92,"column":32},"end":{"line":92,"column":57}}],"line":92},"10":{"loc":{"start":{"line":115,"column":4},"end":{"line":115,"column":null}},"type":"cond-expr","locations":[{"start":{"line":115,"column":17},"end":{"line":115,"column":39}},{"start":{"line":115,"column":39},"end":{"line":115,"column":null}}],"line":115},"11":{"loc":{"start":{"line":115,"column":39},"end":{"line":115,"column":null}},"type":"cond-expr","locations":[{"start":{"line":115,"column":52},"end":{"line":115,"column":78}},{"start":{"line":115,"column":78},"end":{"line":115,"column":null}}],"line":115},"12":{"loc":{"start":{"line":117,"column":4},"end":{"line":121,"column":null}},"type":"cond-expr","locations":[{"start":{"line":118,"column":8},"end":{"line":118,"column":null}},{"start":{"line":119,"column":8},"end":{"line":121,"column":null}}],"line":117},"13":{"loc":{"start":{"line":119,"column":8},"end":{"line":121,"column":null}},"type":"cond-expr","locations":[{"start":{"line":120,"column":10},"end":{"line":120,"column":null}},{"start":{"line":121,"column":10},"end":{"line":121,"column":null}}],"line":119},"14":{"loc":{"start":{"line":128,"column":12},"end":{"line":128,"column":null}},"type":"cond-expr","locations":[{"start":{"line":128,"column":25},"end":{"line":128,"column":45}},{"start":{"line":128,"column":45},"end":{"line":128,"column":null}}],"line":128},"15":{"loc":{"start":{"line":128,"column":45},"end":{"line":128,"column":null}},"type":"cond-expr","locations":[{"start":{"line":128,"column":58},"end":{"line":128,"column":77}},{"start":{"line":128,"column":77},"end":{"line":128,"column":null}}],"line":128},"16":{"loc":{"start":{"line":135,"column":11},"end":{"line":142,"column":null}},"type":"binary-expr","locations":[{"start":{"line":135,"column":11},"end":{"line":135,"column":null}},{"start":{"line":136,"column":12},"end":{"line":142,"column":null}}],"line":135},"17":{"loc":{"start":{"line":144,"column":11},"end":{"line":159,"column":null}},"type":"binary-expr","locations":[{"start":{"line":144,"column":11},"end":{"line":144,"column":null}},{"start":{"line":145,"column":12},"end":{"line":159,"column":null}}],"line":144},"18":{"loc":{"start":{"line":162,"column":11},"end":{"line":177,"column":null}},"type":"binary-expr","locations":[{"start":{"line":162,"column":11},"end":{"line":162,"column":null}},{"start":{"line":163,"column":12},"end":{"line":177,"column":null}}],"line":162},"19":{"loc":{"start":{"line":180,"column":11},"end":{"line":204,"column":null}},"type":"binary-expr","locations":[{"start":{"line":180,"column":11},"end":{"line":180,"column":null}},{"start":{"line":181,"column":12},"end":{"line":204,"column":null}}],"line":180},"20":{"loc":{"start":{"line":207,"column":11},"end":{"line":311,"column":null}},"type":"binary-expr","locations":[{"start":{"line":207,"column":11},"end":{"line":207,"column":null}},{"start":{"line":208,"column":12},"end":{"line":311,"column":null}}],"line":207},"21":{"loc":{"start":{"line":216,"column":26},"end":{"line":216,"column":null}},"type":"cond-expr","locations":[{"start":{"line":216,"column":41},"end":{"line":216,"column":50}},{"start":{"line":216,"column":50},"end":{"line":216,"column":null}}],"line":216},"22":{"loc":{"start":{"line":228,"column":21},"end":{"line":255,"column":null}},"type":"cond-expr","locations":[{"start":{"line":229,"column":22},"end":{"line":243,"column":23}},{"start":{"line":243,"column":22},"end":{"line":255,"column":null}}],"line":228},"23":{"loc":{"start":{"line":267,"column":26},"end":{"line":267,"column":null}},"type":"cond-expr","locations":[{"start":{"line":267,"column":48},"end":{"line":267,"column":57}},{"start":{"line":267,"column":57},"end":{"line":267,"column":null}}],"line":267},"24":{"loc":{"start":{"line":279,"column":21},"end":{"line":306,"column":null}},"type":"cond-expr","locations":[{"start":{"line":280,"column":22},"end":{"line":294,"column":23}},{"start":{"line":294,"column":22},"end":{"line":306,"column":null}}],"line":279},"25":{"loc":{"start":{"line":316,"column":21},"end":{"line":316,"column":null}},"type":"cond-expr","locations":[{"start":{"line":316,"column":33},"end":{"line":316,"column":43}},{"start":{"line":316,"column":43},"end":{"line":316,"column":null}}],"line":316},"26":{"loc":{"start":{"line":323,"column":13},"end":{"line":323,"column":88}},"type":"cond-expr","locations":[{"start":{"line":323,"column":23},"end":{"line":323,"column":42}},{"start":{"line":323,"column":42},"end":{"line":323,"column":88}}],"line":323},"27":{"loc":{"start":{"line":323,"column":42},"end":{"line":323,"column":88}},"type":"cond-expr","locations":[{"start":{"line":323,"column":55},"end":{"line":323,"column":75}},{"start":{"line":323,"column":75},"end":{"line":323,"column":88}}],"line":323}},"s":{"0":60,"1":60,"2":60,"3":60,"4":60,"5":60,"6":60,"7":60,"8":60,"9":60,"10":60,"11":60,"12":60,"13":3,"14":3,"15":2,"16":60,"17":8,"18":8,"19":8,"20":8,"21":8,"22":8,"23":8,"24":7,"25":7,"26":7,"27":0,"28":1,"29":1,"30":0,"31":0,"32":8,"33":60,"34":5,"35":5,"36":5,"37":5,"38":5,"39":5,"40":5,"41":4,"42":4,"43":4,"44":0,"45":1,"46":1,"47":0,"48":0,"49":5,"50":60,"51":2,"52":2,"53":2,"54":2,"55":1,"56":1,"57":1,"58":1,"59":1,"60":1,"61":1,"62":1,"63":1,"64":0,"65":0,"66":0,"67":0,"68":0,"69":1,"70":60,"71":60,"72":60,"73":60,"74":60,"75":0,"76":0,"77":8,"78":1,"79":5,"80":2,"81":2,"82":2,"83":2},"f":{"0":60,"1":3,"2":2,"3":8,"4":0,"5":5,"6":0,"7":2,"8":0,"9":0,"10":8,"11":1,"12":5,"13":2,"14":2,"15":2,"16":2},"b":{"0":[8,0],"1":[7,1],"2":[1,0],"3":[5,0],"4":[4,1],"5":[1,0],"6":[2,0],"7":[1,1],"8":[1,0],"9":[0,0],"10":[27,33],"11":[18,15],"12":[27,33],"13":[18,15],"14":[27,33],"15":[18,15],"16":[60,3],"17":[60,6],"18":[60,27],"19":[60,18],"20":[60,15],"21":[1,14],"22":[1,14],"23":[1,14],"24":[1,14],"25":[3,57],"26":[14,46],"27":[14,32]},"meta":{"lastBranch":28,"lastFunction":17,"lastStatement":84,"seen":{"f:8:9:8:20":0,"s:9:15:9:Infinity":0,"s:10:16:10:Infinity":1,"s:11:15:11:Infinity":2,"s:12:16:12:Infinity":3,"s:13:25:13:Infinity":4,"s:15:23:15:Infinity":5,"s:16:30:16:Infinity":6,"s:18:15:18:Infinity":7,"s:19:18:19:Infinity":8,"s:20:18:20:Infinity":9,"s:21:20:21:Infinity":10,"s:23:8:23:Infinity":11,"s:24:8:27:Infinity":12,"f:24:8:24:29":1,"s:25:4:25:Infinity":13,"s:26:4:26:Infinity":14,"f:26:4:26:21":2,"s:26:21:26:42":15,"s:29:28:50:Infinity":16,"f:29:28:29:35":3,"b:30:4:30:Infinity:undefined:undefined:undefined:undefined":0,"s:30:4:30:Infinity":17,"s:30:11:30:Infinity":18,"s:31:4:31:Infinity":19,"s:32:4:32:Infinity":20,"s:34:4:49:Infinity":21,"s:35:18:35:Infinity":22,"b:36:6:43:Infinity:40:13:43:Infinity":1,"s:36:6:43:Infinity":23,"s:37:8:37:Infinity":24,"s:38:8:38:Infinity":25,"s:39:8:39:Infinity":26,"f:39:8:39:25":4,"s:39:25:39:41":27,"s:41:8:41:Infinity":28,"b:41:16:41:32:41:32:41:58":2,"s:42:8:42:Infinity":29,"s:45:6:45:Infinity":30,"s:46:6:46:Infinity":31,"s:48:6:48:Infinity":32,"s:52:27:73:Infinity":33,"f:52:27:52:34":5,"b:53:4:53:Infinity:undefined:undefined:undefined:undefined":3,"s:53:4:53:Infinity":34,"s:53:11:53:Infinity":35,"s:54:4:54:Infinity":36,"s:55:4:55:Infinity":37,"s:57:4:72:Infinity":38,"s:58:18:58:Infinity":39,"b:59:6:66:Infinity:63:13:66:Infinity":4,"s:59:6:66:Infinity":40,"s:60:8:60:Infinity":41,"s:61:8:61:Infinity":42,"s:62:8:62:Infinity":43,"f:62:8:62:25":6,"s:62:25:62:41":44,"s:64:8:64:Infinity":45,"b:64:16:64:32:64:32:64:49":5,"s:65:8:65:Infinity":46,"s:68:6:68:Infinity":47,"s:69:6:69:Infinity":48,"s:71:6:71:Infinity":49,"s:75:30:101:Infinity":50,"f:75:30:75:37":7,"b:76:4:76:Infinity:undefined:undefined:undefined:undefined":6,"s:76:4:76:Infinity":51,"s:76:11:76:Infinity":52,"s:77:4:77:Infinity":53,"b:79:4:83:Infinity:undefined:undefined:undefined:undefined":7,"s:79:4:83:Infinity":54,"s:80:6:80:Infinity":55,"s:81:6:81:Infinity":56,"s:82:6:82:Infinity":57,"s:85:4:85:Infinity":58,"s:86:4:100:Infinity":59,"s:87:18:87:Infinity":60,"b:88:6:94:Infinity:91:13:94:Infinity":8,"s:88:6:94:Infinity":61,"s:89:8:89:Infinity":62,"s:90:8:90:Infinity":63,"f:90:8:90:25":8,"s:90:25:90:45":64,"s:92:8:92:Infinity":65,"b:92:16:92:32:92:32:92:57":9,"s:93:8:93:Infinity":66,"s:96:6:96:Infinity":67,"s:97:6:97:Infinity":68,"s:99:6:99:Infinity":69,"s:105:23:108:Infinity":70,"s:110:24:112:Infinity":71,"s:115:4:115:Infinity":72,"b:115:17:115:39:115:39:115:Infinity":10,"b:115:52:115:78:115:78:115:Infinity":11,"s:117:4:121:Infinity":73,"b:118:8:118:Infinity:119:8:121:Infinity":12,"b:120:10:120:Infinity:121:10:121:Infinity":13,"s:123:2:338:Infinity":74,"b:128:25:128:45:128:45:128:Infinity":14,"b:128:58:128:77:128:77:128:Infinity":15,"f:130:10:130:22":9,"s:131:12:131:Infinity":75,"s:132:12:132:Infinity":76,"b:135:11:135:Infinity:136:12:142:Infinity":16,"b:144:11:144:Infinity:145:12:159:Infinity":17,"b:162:11:162:Infinity:163:12:177:Infinity":18,"f:172:18:172:29":10,"s:172:35:172:Infinity":77,"b:180:11:180:Infinity:181:12:204:Infinity":19,"f:187:18:187:33":11,"s:187:33:187:Infinity":78,"f:198:18:198:29":12,"s:198:35:198:Infinity":79,"b:207:11:207:Infinity:208:12:311:Infinity":20,"b:216:41:216:50:216:50:216:Infinity":21,"f:218:20:218:31":13,"s:218:37:218:Infinity":80,"f:225:20:225:35":14,"s:225:35:225:Infinity":81,"b:229:22:243:23:243:22:255:Infinity":22,"b:267:48:267:57:267:57:267:Infinity":23,"f:269:20:269:31":15,"s:269:37:269:Infinity":82,"f:276:20:276:35":16,"s:276:35:276:Infinity":83,"b:280:22:294:23:294:22:306:Infinity":24,"b:316:33:316:43:316:43:316:Infinity":25,"b:323:23:323:42:323:42:323:88":26,"b:323:55:323:75:323:75:323:88":27},"fnNames":{}}}
,"/home/runner/work/EdTech/EdTech/frontend/src/pages/auth.module.css": {"path":"/home/runner/work/EdTech/EdTech/frontend/src/pages/auth.module.css","statementMap":{},"fnMap":{},"branchMap":{},"s":{},"f":{},"b":{},"meta":{"lastBranch":0,"lastFunction":0,"lastStatement":0,"seen":{},"fnNames":{}}}
,"/home/runner/work/EdTech/EdTech/frontend/src/pages/login.tsx": {"path":"/home/runner/work/EdTech/EdTech/frontend/src/pages/login.tsx","statementMap":{"0":{"start":{"line":9,"column":16},"end":{"line":9,"column":null}},"1":{"start":{"line":10,"column":16},"end":{"line":10,"column":null}},"2":{"start":{"line":11,"column":15},"end":{"line":16,"column":null}},"3":{"start":{"line":12,"column":19},"end":{"line":12,"column":null}},"4":{"start":{"line":13,"column":4},"end":{"line":15,"column":null}},"5":{"start":{"line":17,"column":23},"end":{"line":17,"column":null}},"6":{"start":{"line":18,"column":8},"end":{"line":18,"column":null}},"7":{"start":{"line":19,"column":10},"end":{"line":19,"column":null}},"8":{"start":{"line":20,"column":20},"end":{"line":20,"column":null}},"9":{"start":{"line":22,"column":23},"end":{"line":35,"column":null}},"10":{"start":{"line":23,"column":4},"end":{"line":23,"column":null}},"11":{"start":{"line":24,"column":4},"end":{"line":24,"column":null}},"12":{"start":{"line":25,"column":4},"end":{"line":34,"column":null}},"13":{"start":{"line":26,"column":24},"end":{"line":26,"column":null}},"14":{"start":{"line":27,"column":6},"end":{"line":31,"column":null}},"15":{"start":{"line":28,"column":8},"end":{"line":28,"column":null}},"16":{"start":{"line":30,"column":8},"end":{"line":30,"column":null}},"17":{"start":{"line":33,"column":6},"end":{"line":33,"column":null}},"18":{"start":{"line":38,"column":23},"end":{"line":41,"column":null}},"19":{"start":{"line":43,"column":24},"end":{"line":45,"column":null}},"20":{"start":{"line":47,"column":2},"end":{"line":162,"column":null}},"21":{"start":{"line":52,"column":10},"end":{"line":52,"column":null}},"22":{"start":{"line":53,"column":10},"end":{"line":53,"column":null}},"23":{"start":{"line":54,"column":10},"end":{"line":54,"column":null}},"24":{"start":{"line":54,"column":27},"end":{"line":54,"column":48}},"25":{"start":{"line":77,"column":31},"end":{"line":77,"column":null}},"26":{"start":{"line":97,"column":31},"end":{"line":97,"column":null}},"27":{"start":{"line":105,"column":29},"end":{"line":105,"column":null}}},"fnMap":{"0":{"name":"Login","decl":{"start":{"line":8,"column":9},"end":{"line":8,"column":17}},"loc":{"start":{"line":8,"column":17},"end":{"line":164,"column":null}},"line":8},"1":{"name":"(anonymous_1)","decl":{"start":{"line":11,"column":26},"end":{"line":11,"column":41}},"loc":{"start":{"line":11,"column":41},"end":{"line":16,"column":3}},"line":11},"2":{"name":"(anonymous_2)","decl":{"start":{"line":22,"column":23},"end":{"line":22,"column":30}},"loc":{"start":{"line":22,"column":53},"end":{"line":35,"column":null}},"line":22},"3":{"name":"(anonymous_3)","decl":{"start":{"line":51,"column":8},"end":{"line":51,"column":20}},"loc":{"start":{"line":51,"column":26},"end":{"line":55,"column":null}},"line":51},"4":{"name":"(anonymous_4)","decl":{"start":{"line":54,"column":10},"end":{"line":54,"column":27}},"loc":{"start":{"line":54,"column":27},"end":{"line":54,"column":48}},"line":54},"5":{"name":"(anonymous_5)","decl":{"start":{"line":77,"column":14},"end":{"line":77,"column":25}},"loc":{"start":{"line":77,"column":31},"end":{"line":77,"column":null}},"line":77},"6":{"name":"(anonymous_6)","decl":{"start":{"line":97,"column":14},"end":{"line":97,"column":25}},"loc":{"start":{"line":97,"column":31},"end":{"line":97,"column":null}},"line":97},"7":{"name":"(anonymous_7)","decl":{"start":{"line":105,"column":14},"end":{"line":105,"column":29}},"loc":{"start":{"line":105,"column":29},"end":{"line":105,"column":null}},"line":105}},"branchMap":{"0":{"loc":{"start":{"line":13,"column":11},"end":{"line":15,"column":null}},"type":"cond-expr","locations":[{"start":{"line":14,"column":8},"end":{"line":14,"column":null}},{"start":{"line":15,"column":8},"end":{"line":15,"column":null}}],"line":13},"1":{"loc":{"start":{"line":27,"column":6},"end":{"line":31,"column":null}},"type":"if","locations":[{"start":{"line":27,"column":6},"end":{"line":31,"column":null}},{"start":{"line":29,"column":13},"end":{"line":31,"column":null}}],"line":27},"2":{"loc":{"start":{"line":57,"column":9},"end":{"line":65,"column":null}},"type":"binary-expr","locations":[{"start":{"line":57,"column":9},"end":{"line":57,"column":null}},{"start":{"line":58,"column":10},"end":{"line":65,"column":null}}],"line":57},"3":{"loc":{"start":{"line":95,"column":20},"end":{"line":95,"column":null}},"type":"cond-expr","locations":[{"start":{"line":95,"column":35},"end":{"line":95,"column":44}},{"start":{"line":95,"column":44},"end":{"line":95,"column":null}}],"line":95},"4":{"loc":{"start":{"line":108,"column":15},"end":{"line":135,"column":null}},"type":"cond-expr","locations":[{"start":{"line":109,"column":16},"end":{"line":123,"column":17}},{"start":{"line":123,"column":16},"end":{"line":135,"column":null}}],"line":108},"5":{"loc":{"start":{"line":143,"column":19},"end":{"line":143,"column":null}},"type":"cond-expr","locations":[{"start":{"line":143,"column":31},"end":{"line":143,"column":41}},{"start":{"line":143,"column":41},"end":{"line":143,"column":null}}],"line":143}},"s":{"0":12,"1":12,"2":12,"3":5,"4":5,"5":12,"6":12,"7":12,"8":12,"9":12,"10":1,"11":1,"12":1,"13":1,"14":0,"15":0,"16":0,"17":0,"18":12,"19":12,"20":12,"21":0,"22":0,"23":0,"24":0,"25":2,"26":2,"27":2},"f":{"0":12,"1":5,"2":1,"3":0,"4":0,"5":2,"6":2,"7":2},"b":{"0":[0,5],"1":[0,0],"2":[12,0],"3":[1,11],"4":[1,11],"5":[0,12]},"meta":{"lastBranch":6,"lastFunction":8,"lastStatement":28,"seen":{"f:8:9:8:17":0,"s:9:16:9:Infinity":0,"s:10:16:10:Infinity":1,"s:11:15:16:Infinity":2,"f:11:26:11:41":1,"s:12:19:12:Infinity":3,"s:13:4:15:Infinity":4,"b:14:8:14:Infinity:15:8:15:Infinity":0,"s:17:23:17:Infinity":5,"s:18:8:18:Infinity":6,"s:19:10:19:Infinity":7,"s:20:20:20:Infinity":8,"s:22:23:35:Infinity":9,"f:22:23:22:30":2,"s:23:4:23:Infinity":10,"s:24:4:24:Infinity":11,"s:25:4:34:Infinity":12,"s:26:24:26:Infinity":13,"b:27:6:31:Infinity:29:13:31:Infinity":1,"s:27:6:31:Infinity":14,"s:28:8:28:Infinity":15,"s:30:8:30:Infinity":16,"s:33:6:33:Infinity":17,"s:38:23:41:Infinity":18,"s:43:24:45:Infinity":19,"s:47:2:162:Infinity":20,"f:51:8:51:20":3,"s:52:10:52:Infinity":21,"s:53:10:53:Infinity":22,"s:54:10:54:Infinity":23,"f:54:10:54:27":4,"s:54:27:54:48":24,"b:57:9:57:Infinity:58:10:65:Infinity":2,"f:77:14:77:25":5,"s:77:31:77:Infinity":25,"b:95:35:95:44:95:44:95:Infinity":3,"f:97:14:97:25":6,"s:97:31:97:Infinity":26,"f:105:14:105:29":7,"s:105:29:105:Infinity":27,"b:109:16:123:17:123:16:135:Infinity":4,"b:143:31:143:41:143:41:143:Infinity":5},"fnNames":{}}}
,"/home/runner/work/EdTech/EdTech/frontend/src/pages/register.tsx": {"path":"/home/runner/work/EdTech/EdTech/frontend/src/pages/register.tsx","statementMap":{"0":{"start":{"line":9,"column":15},"end":{"line":9,"column":null}},"1":{"start":{"line":10,"column":16},"end":{"line":10,"column":null}},"2":{"start":{"line":11,"column":16},"end":{"line":11,"column":null}},"3":{"start":{"line":12,"column":25},"end":{"line":12,"column":null}},"4":{"start":{"line":13,"column":15},"end":{"line":13,"column":null}},"5":{"start":{"line":14,"column":23},"end":{"line":14,"column":null}},"6":{"start":{"line":15,"column":30},"end":{"line":15,"column":null}},"7":{"start":{"line":16,"column":20},"end":{"line":16,"column":null}},"8":{"start":{"line":18,"column":8},"end":{"line":18,"column":null}},"9":{"start":{"line":20,"column":23},"end":{"line":39,"column":null}},"10":{"start":{"line":21,"column":4},"end":{"line":21,"column":null}},"11":{"start":{"line":21,"column":11},"end":{"line":21,"column":null}},"12":{"start":{"line":22,"column":4},"end":{"line":22,"column":null}},"13":{"start":{"line":23,"column":4},"end":{"line":28,"column":null}},"14":{"start":{"line":24,"column":6},"end":{"line":24,"column":null}},"15":{"start":{"line":25,"column":6},"end":{"line":25,"column":null}},"16":{"start":{"line":26,"column":6},"end":{"line":26,"column":null}},"17":{"start":{"line":26,"column":23},"end":{"line":26,"column":44}},"18":{"start":{"line":27,"column":6},"end":{"line":27,"column":null}},"19":{"start":{"line":29,"column":4},"end":{"line":38,"column":null}},"20":{"start":{"line":30,"column":24},"end":{"line":30,"column":null}},"21":{"start":{"line":31,"column":6},"end":{"line":35,"column":null}},"22":{"start":{"line":32,"column":8},"end":{"line":32,"column":null}},"23":{"start":{"line":34,"column":8},"end":{"line":34,"column":null}},"24":{"start":{"line":37,"column":6},"end":{"line":37,"column":null}},"25":{"start":{"line":42,"column":23},"end":{"line":45,"column":null}},"26":{"start":{"line":47,"column":24},"end":{"line":49,"column":null}},"27":{"start":{"line":51,"column":2},"end":{"line":251,"column":null}},"28":{"start":{"line":59,"column":10},"end":{"line":59,"column":null}},"29":{"start":{"line":60,"column":10},"end":{"line":60,"column":null}},"30":{"start":{"line":61,"column":10},"end":{"line":61,"column":null}},"31":{"start":{"line":61,"column":27},"end":{"line":61,"column":48}},"32":{"start":{"line":84,"column":31},"end":{"line":84,"column":null}},"33":{"start":{"line":101,"column":31},"end":{"line":101,"column":null}},"34":{"start":{"line":119,"column":33},"end":{"line":119,"column":null}},"35":{"start":{"line":127,"column":31},"end":{"line":127,"column":null}},"36":{"start":{"line":172,"column":33},"end":{"line":172,"column":null}},"37":{"start":{"line":180,"column":31},"end":{"line":180,"column":null}}},"fnMap":{"0":{"name":"Register","decl":{"start":{"line":8,"column":9},"end":{"line":8,"column":20}},"loc":{"start":{"line":8,"column":20},"end":{"line":253,"column":null}},"line":8},"1":{"name":"(anonymous_1)","decl":{"start":{"line":20,"column":23},"end":{"line":20,"column":30}},"loc":{"start":{"line":20,"column":53},"end":{"line":39,"column":null}},"line":20},"2":{"name":"(anonymous_2)","decl":{"start":{"line":26,"column":6},"end":{"line":26,"column":23}},"loc":{"start":{"line":26,"column":23},"end":{"line":26,"column":44}},"line":26},"3":{"name":"(anonymous_3)","decl":{"start":{"line":58,"column":8},"end":{"line":58,"column":20}},"loc":{"start":{"line":58,"column":26},"end":{"line":62,"column":null}},"line":58},"4":{"name":"(anonymous_4)","decl":{"start":{"line":61,"column":10},"end":{"line":61,"column":27}},"loc":{"start":{"line":61,"column":27},"end":{"line":61,"column":48}},"line":61},"5":{"name":"(anonymous_5)","decl":{"start":{"line":84,"column":14},"end":{"line":84,"column":25}},"loc":{"start":{"line":84,"column":31},"end":{"line":84,"column":null}},"line":84},"6":{"name":"(anonymous_6)","decl":{"start":{"line":101,"column":14},"end":{"line":101,"column":25}},"loc":{"start":{"line":101,"column":31},"end":{"line":101,"column":null}},"line":101},"7":{"name":"(anonymous_7)","decl":{"start":{"line":119,"column":16},"end":{"line":119,"column":27}},"loc":{"start":{"line":119,"column":33},"end":{"line":119,"column":null}},"line":119},"8":{"name":"(anonymous_8)","decl":{"start":{"line":127,"column":16},"end":{"line":127,"column":31}},"loc":{"start":{"line":127,"column":31},"end":{"line":127,"column":null}},"line":127},"9":{"name":"(anonymous_9)","decl":{"start":{"line":172,"column":16},"end":{"line":172,"column":27}},"loc":{"start":{"line":172,"column":33},"end":{"line":172,"column":null}},"line":172},"10":{"name":"(anonymous_10)","decl":{"start":{"line":180,"column":16},"end":{"line":180,"column":31}},"loc":{"start":{"line":180,"column":31},"end":{"line":180,"column":null}},"line":180}},"branchMap":{"0":{"loc":{"start":{"line":21,"column":4},"end":{"line":21,"column":null}},"type":"if","locations":[{"start":{"line":21,"column":4},"end":{"line":21,"column":null}},{"start":{},"end":{}}],"line":21},"1":{"loc":{"start":{"line":23,"column":4},"end":{"line":28,"column":null}},"type":"if","locations":[{"start":{"line":23,"column":4},"end":{"line":28,"column":null}},{"start":{},"end":{}}],"line":23},"2":{"loc":{"start":{"line":31,"column":6},"end":{"line":35,"column":null}},"type":"if","locations":[{"start":{"line":31,"column":6},"end":{"line":35,"column":null}},{"start":{"line":33,"column":13},"end":{"line":35,"column":null}}],"line":31},"3":{"loc":{"start":{"line":64,"column":9},"end":{"line":72,"column":null}},"type":"binary-expr","locations":[{"start":{"line":64,"column":9},"end":{"line":64,"column":null}},{"start":{"line":65,"column":10},"end":{"line":72,"column":null}}],"line":64},"4":{"loc":{"start":{"line":117,"column":22},"end":{"line":117,"column":null}},"type":"cond-expr","locations":[{"start":{"line":117,"column":37},"end":{"line":117,"column":46}},{"start":{"line":117,"column":46},"end":{"line":117,"column":null}}],"line":117},"5":{"loc":{"start":{"line":130,"column":17},"end":{"line":157,"column":null}},"type":"cond-expr","locations":[{"start":{"line":131,"column":18},"end":{"line":145,"column":19}},{"start":{"line":145,"column":18},"end":{"line":157,"column":null}}],"line":130},"6":{"loc":{"start":{"line":170,"column":22},"end":{"line":170,"column":null}},"type":"cond-expr","locations":[{"start":{"line":170,"column":44},"end":{"line":170,"column":53}},{"start":{"line":170,"column":53},"end":{"line":170,"column":null}}],"line":170},"7":{"loc":{"start":{"line":183,"column":17},"end":{"line":210,"column":null}},"type":"cond-expr","locations":[{"start":{"line":184,"column":18},"end":{"line":198,"column":19}},{"start":{"line":198,"column":18},"end":{"line":210,"column":null}}],"line":183},"8":{"loc":{"start":{"line":232,"column":19},"end":{"line":232,"column":null}},"type":"cond-expr","locations":[{"start":{"line":232,"column":31},"end":{"line":232,"column":41}},{"start":{"line":232,"column":41},"end":{"line":232,"column":null}}],"line":232}},"s":{"0":16,"1":16,"2":16,"3":16,"4":16,"5":16,"6":16,"7":16,"8":16,"9":16,"10":1,"11":1,"12":1,"13":1,"14":1,"15":1,"16":1,"17":0,"18":1,"19":0,"20":0,"21":0,"22":0,"23":0,"24":0,"25":16,"26":16,"27":16,"28":0,"29":0,"30":0,"31":0,"32":2,"33":2,"34":2,"35":1,"36":2,"37":1},"f":{"0":16,"1":1,"2":0,"3":0,"4":0,"5":2,"6":2,"7":2,"8":1,"9":2,"10":1},"b":{"0":[1,0],"1":[1,0],"2":[0,0],"3":[16,1],"4":[2,14],"5":[2,14],"6":[1,15],"7":[1,15],"8":[1,15]},"meta":{"lastBranch":9,"lastFunction":11,"lastStatement":38,"seen":{"f:8:9:8:20":0,"s:9:15:9:Infinity":0,"s:10:16:10:Infinity":1,"s:11:16:11:Infinity":2,"s:12:25:12:Infinity":3,"s:13:15:13:Infinity":4,"s:14:23:14:Infinity":5,"s:15:30:15:Infinity":6,"s:16:20:16:Infinity":7,"s:18:8:18:Infinity":8,"s:20:23:39:Infinity":9,"f:20:23:20:30":1,"b:21:4:21:Infinity:undefined:undefined:undefined:undefined":0,"s:21:4:21:Infinity":10,"s:21:11:21:Infinity":11,"s:22:4:22:Infinity":12,"b:23:4:28:Infinity:undefined:undefined:undefined:undefined":1,"s:23:4:28:Infinity":13,"s:24:6:24:Infinity":14,"s:25:6:25:Infinity":15,"s:26:6:26:Infinity":16,"f:26:6:26:23":2,"s:26:23:26:44":17,"s:27:6:27:Infinity":18,"s:29:4:38:Infinity":19,"s:30:24:30:Infinity":20,"b:31:6:35:Infinity:33:13:35:Infinity":2,"s:31:6:35:Infinity":21,"s:32:8:32:Infinity":22,"s:34:8:34:Infinity":23,"s:37:6:37:Infinity":24,"s:42:23:45:Infinity":25,"s:47:24:49:Infinity":26,"s:51:2:251:Infinity":27,"f:58:8:58:20":3,"s:59:10:59:Infinity":28,"s:60:10:60:Infinity":29,"s:61:10:61:Infinity":30,"f:61:10:61:27":4,"s:61:27:61:48":31,"b:64:9:64:Infinity:65:10:72:Infinity":3,"f:84:14:84:25":5,"s:84:31:84:Infinity":32,"f:101:14:101:25":6,"s:101:31:101:Infinity":33,"b:117:37:117:46:117:46:117:Infinity":4,"f:119:16:119:27":7,"s:119:33:119:Infinity":34,"f:127:16:127:31":8,"s:127:31:127:Infinity":35,"b:131:18:145:19:145:18:157:Infinity":5,"b:170:44:170:53:170:53:170:Infinity":6,"f:172:16:172:27":9,"s:172:33:172:Infinity":36,"f:180:16:180:31":10,"s:180:31:180:Infinity":37,"b:184:18:198:19:198:18:210:Infinity":7,"b:232:31:232:41:232:41:232:Infinity":8},"fnNames":{}}}
,"/home/runner/work/EdTech/EdTech/frontend/src/services/api.ts": {"path":"/home/runner/work/EdTech/EdTech/frontend/src/services/api.ts","statementMap":{"0":{"start":{"line":4,"column":17},"end":{"line":4,"column":null}},"1":{"start":{"line":6,"column":12},"end":{"line":8,"column":null}},"2":{"start":{"line":10,"column":21},"end":{"line":10,"column":null}},"3":{"start":{"line":11,"column":35},"end":{"line":11,"column":null}},"4":{"start":{"line":13,"column":6},"end":{"line":20,"column":null}},"5":{"start":{"line":14,"column":2},"end":{"line":14,"column":null}},"6":{"start":{"line":15,"column":2},"end":{"line":19,"column":null}},"7":{"start":{"line":16,"column":4},"end":{"line":18,"column":null}},"8":{"start":{"line":17,"column":6},"end":{"line":17,"column":null}},"9":{"start":{"line":22,"column":6},"end":{"line":31,"column":null}},"10":{"start":{"line":23,"column":2},"end":{"line":23,"column":null}},"11":{"start":{"line":24,"column":2},"end":{"line":30,"column":null}},"12":{"start":{"line":25,"column":4},"end":{"line":28,"column":null}},"13":{"start":{"line":26,"column":6},"end":{"line":26,"column":null}},"14":{"start":{"line":27,"column":6},"end":{"line":27,"column":null}},"15":{"start":{"line":29,"column":4},"end":{"line":29,"column":null}},"16":{"start":{"line":34,"column":0},"end":{"line":41,"column":null}},"17":{"start":{"line":35,"column":2},"end":{"line":35,"column":null}},"18":{"start":{"line":36,"column":16},"end":{"line":36,"column":null}},"19":{"start":{"line":37,"column":2},"end":{"line":39,"column":null}},"20":{"start":{"line":38,"column":4},"end":{"line":38,"column":null}},"21":{"start":{"line":40,"column":2},"end":{"line":40,"column":null}},"22":{"start":{"line":44,"column":0},"end":{"line":62,"column":null}},"23":{"start":{"line":46,"column":4},"end":{"line":46,"column":null}},"24":{"start":{"line":47,"column":4},"end":{"line":47,"column":null}},"25":{"start":{"line":50,"column":4},"end":{"line":50,"column":null}},"26":{"start":{"line":51,"column":4},"end":{"line":59,"column":null}},"27":{"start":{"line":53,"column":6},"end":{"line":58,"column":null}},"28":{"start":{"line":57,"column":8},"end":{"line":57,"column":null}},"29":{"start":{"line":60,"column":4},"end":{"line":60,"column":null}},"30":{"start":{"line":65,"column":6},"end":{"line":68,"column":null}},"31":{"start":{"line":66,"column":18},"end":{"line":66,"column":null}},"32":{"start":{"line":67,"column":2},"end":{"line":67,"column":null}},"33":{"start":{"line":70,"column":21},"end":{"line":83,"column":null}},"34":{"start":{"line":71,"column":2},"end":{"line":82,"column":null}},"35":{"start":{"line":72,"column":21},"end":{"line":72,"column":null}},"36":{"start":{"line":73,"column":4},"end":{"line":75,"column":null}},"37":{"start":{"line":74,"column":6},"end":{"line":74,"column":null}},"38":{"start":{"line":76,"column":4},"end":{"line":76,"column":null}},"39":{"start":{"line":78,"column":4},"end":{"line":81,"column":null}},"40":{"start":{"line":85,"column":24},"end":{"line":102,"column":null}},"41":{"start":{"line":90,"column":2},"end":{"line":101,"column":null}},"42":{"start":{"line":91,"column":21},"end":{"line":91,"column":null}},"43":{"start":{"line":92,"column":4},"end":{"line":94,"column":null}},"44":{"start":{"line":93,"column":6},"end":{"line":93,"column":null}},"45":{"start":{"line":95,"column":4},"end":{"line":95,"column":null}},"46":{"start":{"line":97,"column":4},"end":{"line":100,"column":null}},"47":{"start":{"line":104,"column":22},"end":{"line":113,"column":null}},"48":{"start":{"line":105,"column":2},"end":{"line":112,"column":null}},"49":{"start":{"line":106,"column":4},"end":{"line":106,"column":null}},"50":{"start":{"line":107,"column":4},"end":{"line":107,"column":null}},"51":{"start":{"line":108,"column":4},"end":{"line":108,"column":null}},"52":{"start":{"line":110,"column":4},"end":{"line":110,"column":null}},"53":{"start":{"line":111,"column":4},"end":{"line":111,"column":null}},"54":{"start":{"line":115,"column":21},"end":{"line":122,"column":null}},"55":{"start":{"line":116,"column":2},"end":{"line":121,"column":null}},"56":{"start":{"line":117,"column":21},"end":{"line":117,"column":null}},"57":{"start":{"line":118,"column":4},"end":{"line":118,"column":null}},"58":{"start":{"line":120,"column":4},"end":{"line":120,"column":null}},"59":{"start":{"line":124,"column":27},"end":{"line":131,"column":null}},"60":{"start":{"line":125,"column":2},"end":{"line":130,"column":null}},"61":{"start":{"line":126,"column":21},"end":{"line":126,"column":null}},"62":{"start":{"line":127,"column":4},"end":{"line":127,"column":null}},"63":{"start":{"line":129,"column":4},"end":{"line":129,"column":null}},"64":{"start":{"line":133,"column":27},"end":{"line":140,"column":null}},"65":{"start":{"line":134,"column":2},"end":{"line":139,"column":null}},"66":{"start":{"line":135,"column":21},"end":{"line":135,"column":null}},"67":{"start":{"line":136,"column":4},"end":{"line":136,"column":null}},"68":{"start":{"line":138,"column":4},"end":{"line":138,"column":null}},"69":{"start":{"line":142,"column":28},"end":{"line":157,"column":null}},"70":{"start":{"line":149,"column":2},"end":{"line":156,"column":null}},"71":{"start":{"line":150,"column":21},"end":{"line":152,"column":null}},"72":{"start":{"line":153,"column":4},"end":{"line":153,"column":null}},"73":{"start":{"line":155,"column":4},"end":{"line":155,"column":null}},"74":{"start":{"line":159,"column":30},"end":{"line":173,"column":null}},"75":{"start":{"line":164,"column":2},"end":{"line":172,"column":null}},"76":{"start":{"line":165,"column":21},"end":{"line":168,"column":null}},"77":{"start":{"line":169,"column":4},"end":{"line":169,"column":null}},"78":{"start":{"line":171,"column":4},"end":{"line":171,"column":null}},"79":{"start":{"line":175,"column":30},"end":{"line":182,"column":null}},"80":{"start":{"line":176,"column":2},"end":{"line":181,"column":null}},"81":{"start":{"line":177,"column":21},"end":{"line":177,"column":null}},"82":{"start":{"line":178,"column":4},"end":{"line":178,"column":null}},"83":{"start":{"line":180,"column":4},"end":{"line":180,"column":null}},"84":{"start":{"line":184,"column":33},"end":{"line":187,"column":null}},"85":{"start":{"line":185,"column":19},"end":{"line":185,"column":null}},"86":{"start":{"line":186,"column":2},"end":{"line":186,"column":null}},"87":{"start":{"line":189,"column":30},"end":{"line":209,"column":null}},"88":{"start":{"line":195,"column":2},"end":{"line":208,"column":null}},"89":{"start":{"line":196,"column":21},"end":{"line":196,"column":null}},"90":{"start":{"line":197,"column":4},"end":{"line":197,"column":null}},"91":{"start":{"line":198,"column":4},"end":{"line":198,"column":null}},"92":{"start":{"line":199,"column":4},"end":{"line":199,"column":null}},"93":{"start":{"line":202,"column":21},"end":{"line":204,"column":null}},"94":{"start":{"line":205,"column":4},"end":{"line":205,"column":null}},"95":{"start":{"line":207,"column":4},"end":{"line":207,"column":null}},"96":{"start":{"line":211,"column":39},"end":{"line":218,"column":null}},"97":{"start":{"line":212,"column":2},"end":{"line":217,"column":null}},"98":{"start":{"line":213,"column":4},"end":{"line":213,"column":null}},"99":{"start":{"line":214,"column":4},"end":{"line":214,"column":null}},"100":{"start":{"line":216,"column":4},"end":{"line":216,"column":null}},"101":{"start":{"line":220,"column":34},"end":{"line":230,"column":null}},"102":{"start":{"line":224,"column":2},"end":{"line":229,"column":null}},"103":{"start":{"line":225,"column":4},"end":{"line":225,"column":null}},"104":{"start":{"line":226,"column":4},"end":{"line":226,"column":null}},"105":{"start":{"line":228,"column":4},"end":{"line":228,"column":null}},"106":{"start":{"line":232,"column":29},"end":{"line":243,"column":null}},"107":{"start":{"line":237,"column":2},"end":{"line":242,"column":null}},"108":{"start":{"line":238,"column":4},"end":{"line":238,"column":null}},"109":{"start":{"line":239,"column":4},"end":{"line":239,"column":null}},"110":{"start":{"line":241,"column":4},"end":{"line":241,"column":null}},"111":{"start":{"line":245,"column":28},"end":{"line":259,"column":null}},"112":{"start":{"line":249,"column":2},"end":{"line":258,"column":null}},"113":{"start":{"line":250,"column":24},"end":{"line":250,"column":null}},"114":{"start":{"line":251,"column":4},"end":{"line":251,"column":null}},"115":{"start":{"line":251,"column":16},"end":{"line":251,"column":null}},"116":{"start":{"line":252,"column":4},"end":{"line":252,"column":null}},"117":{"start":{"line":252,"column":16},"end":{"line":252,"column":null}},"118":{"start":{"line":253,"column":21},"end":{"line":253,"column":null}},"119":{"start":{"line":254,"column":4},"end":{"line":254,"column":null}},"120":{"start":{"line":256,"column":4},"end":{"line":256,"column":null}},"121":{"start":{"line":257,"column":4},"end":{"line":257,"column":null}},"122":{"start":{"line":261,"column":34},"end":{"line":269,"column":null}},"123":{"start":{"line":262,"column":2},"end":{"line":268,"column":null}},"124":{"start":{"line":263,"column":21},"end":{"line":263,"column":null}},"125":{"start":{"line":264,"column":4},"end":{"line":264,"column":null}},"126":{"start":{"line":266,"column":4},"end":{"line":266,"column":null}},"127":{"start":{"line":267,"column":4},"end":{"line":267,"column":null}}},"fnMap":{"0":{"name":"(anonymous_0)","decl":{"start":{"line":13,"column":6},"end":{"line":13,"column":25}},"loc":{"start":{"line":13,"column":25},"end":{"line":20,"column":null}},"line":13},"1":{"name":"(anonymous_1)","decl":{"start":{"line":16,"column":27},"end":{"line":16,"column":44}},"loc":{"start":{"line":16,"column":44},"end":{"line":18,"column":7}},"line":16},"2":{"name":"(anonymous_2)","decl":{"start":{"line":22,"column":6},"end":{"line":22,"column":25}},"loc":{"start":{"line":22,"column":25},"end":{"line":31,"column":null}},"line":22},"3":{"name":"(anonymous_3)","decl":{"start":{"line":34,"column":25},"end":{"line":34,"column":30}},"loc":{"start":{"line":34,"column":69},"end":{"line":41,"column":1}},"line":34},"4":{"name":"(anonymous_4)","decl":{"start":{"line":44,"column":26},"end":{"line":44,"column":null}},"loc":{"start":{"line":45,"column":16},"end":{"line":48,"column":null}},"line":45},"5":{"name":"(anonymous_5)","decl":{"start":{"line":48,"column":2},"end":{"line":48,"column":null}},"loc":{"start":{"line":49,"column":13},"end":{"line":61,"column":null}},"line":49},"6":{"name":"(anonymous_6)","decl":{"start":{"line":65,"column":6},"end":{"line":65,"column":33}},"loc":{"start":{"line":65,"column":88},"end":{"line":68,"column":null}},"line":65},"7":{"name":"(anonymous_7)","decl":{"start":{"line":70,"column":21},"end":{"line":70,"column":28}},"loc":{"start":{"line":70,"column":88},"end":{"line":83,"column":null}},"line":70},"8":{"name":"(anonymous_8)","decl":{"start":{"line":85,"column":24},"end":{"line":85,"column":null}},"loc":{"start":{"line":89,"column":32},"end":{"line":102,"column":null}},"line":89},"9":{"name":"(anonymous_9)","decl":{"start":{"line":104,"column":22},"end":{"line":104,"column":62}},"loc":{"start":{"line":104,"column":62},"end":{"line":113,"column":null}},"line":104},"10":{"name":"(anonymous_10)","decl":{"start":{"line":115,"column":21},"end":{"line":115,"column":61}},"loc":{"start":{"line":115,"column":61},"end":{"line":122,"column":null}},"line":115},"11":{"name":"(anonymous_11)","decl":{"start":{"line":124,"column":27},"end":{"line":124,"column":72}},"loc":{"start":{"line":124,"column":72},"end":{"line":131,"column":null}},"line":124},"12":{"name":"(anonymous_12)","decl":{"start":{"line":133,"column":27},"end":{"line":133,"column":34}},"loc":{"start":{"line":133,"column":83},"end":{"line":140,"column":null}},"line":133},"13":{"name":"(anonymous_13)","decl":{"start":{"line":142,"column":28},"end":{"line":142,"column":null}},"loc":{"start":{"line":148,"column":32},"end":{"line":157,"column":null}},"line":148},"14":{"name":"(anonymous_14)","decl":{"start":{"line":159,"column":30},"end":{"line":159,"column":null}},"loc":{"start":{"line":163,"column":32},"end":{"line":173,"column":null}},"line":163},"15":{"name":"(anonymous_15)","decl":{"start":{"line":175,"column":30},"end":{"line":175,"column":37}},"loc":{"start":{"line":175,"column":87},"end":{"line":182,"column":null}},"line":175},"16":{"name":"(anonymous_16)","decl":{"start":{"line":184,"column":33},"end":{"line":184,"column":59}},"loc":{"start":{"line":184,"column":59},"end":{"line":187,"column":null}},"line":184},"17":{"name":"(anonymous_17)","decl":{"start":{"line":189,"column":30},"end":{"line":189,"column":null}},"loc":{"start":{"line":194,"column":37},"end":{"line":209,"column":null}},"line":194},"18":{"name":"(anonymous_18)","decl":{"start":{"line":211,"column":39},"end":{"line":211,"column":46}},"loc":{"start":{"line":211,"column":91},"end":{"line":218,"column":null}},"line":211},"19":{"name":"(anonymous_19)","decl":{"start":{"line":220,"column":34},"end":{"line":220,"column":null}},"loc":{"start":{"line":223,"column":32},"end":{"line":230,"column":null}},"line":223},"20":{"name":"(anonymous_20)","decl":{"start":{"line":232,"column":29},"end":{"line":232,"column":null}},"loc":{"start":{"line":236,"column":32},"end":{"line":243,"column":null}},"line":236},"21":{"name":"(anonymous_21)","decl":{"start":{"line":245,"column":28},"end":{"line":245,"column":null}},"loc":{"start":{"line":248,"column":21},"end":{"line":259,"column":null}},"line":248},"22":{"name":"(anonymous_22)","decl":{"start":{"line":261,"column":34},"end":{"line":261,"column":60}},"loc":{"start":{"line":261,"column":60},"end":{"line":269,"column":null}},"line":261}},"branchMap":{"0":{"loc":{"start":{"line":4,"column":17},"end":{"line":4,"column":null}},"type":"binary-expr","locations":[{"start":{"line":4,"column":17},"end":{"line":4,"column":50}},{"start":{"line":4,"column":50},"end":{"line":4,"column":null}}],"line":4},"1":{"loc":{"start":{"line":15,"column":2},"end":{"line":19,"column":null}},"type":"if","locations":[{"start":{"line":15,"column":2},"end":{"line":19,"column":null}},{"start":{},"end":{}}],"line":15},"2":{"loc":{"start":{"line":24,"column":2},"end":{"line":30,"column":null}},"type":"if","locations":[{"start":{"line":24,"column":2},"end":{"line":30,"column":null}},{"start":{},"end":{}}],"line":24},"3":{"loc":{"start":{"line":25,"column":4},"end":{"line":28,"column":null}},"type":"if","locations":[{"start":{"line":25,"column":4},"end":{"line":28,"column":null}},{"start":{},"end":{}}],"line":25},"4":{"loc":{"start":{"line":37,"column":2},"end":{"line":39,"column":null}},"type":"if","locations":[{"start":{"line":37,"column":2},"end":{"line":39,"column":null}},{"start":{},"end":{}}],"line":37},"5":{"loc":{"start":{"line":51,"column":4},"end":{"line":59,"column":null}},"type":"if","locations":[{"start":{"line":51,"column":4},"end":{"line":59,"column":null}},{"start":{},"end":{}}],"line":51},"6":{"loc":{"start":{"line":51,"column":8},"end":{"line":51,"column":57}},"type":"binary-expr","locations":[{"start":{"line":51,"column":8},"end":{"line":51,"column":26}},{"start":{"line":51,"column":26},"end":{"line":51,"column":57}}],"line":51},"7":{"loc":{"start":{"line":53,"column":6},"end":{"line":58,"column":null}},"type":"if","locations":[{"start":{"line":53,"column":6},"end":{"line":58,"column":null}},{"start":{},"end":{}}],"line":53},"8":{"loc":{"start":{"line":54,"column":8},"end":{"line":55,"column":null}},"type":"binary-expr","locations":[{"start":{"line":54,"column":8},"end":{"line":54,"column":null}},{"start":{"line":55,"column":8},"end":{"line":55,"column":null}}],"line":54},"9":{"loc":{"start":{"line":66,"column":18},"end":{"line":66,"column":null}},"type":"binary-expr","locations":[{"start":{"line":66,"column":18},"end":{"line":66,"column":51}},{"start":{"line":66,"column":51},"end":{"line":66,"column":68}},{"start":{"line":66,"column":68},"end":{"line":66,"column":null}}],"line":66},"10":{"loc":{"start":{"line":73,"column":4},"end":{"line":75,"column":null}},"type":"if","locations":[{"start":{"line":73,"column":4},"end":{"line":75,"column":null}},{"start":{},"end":{}}],"line":73},"11":{"loc":{"start":{"line":92,"column":4},"end":{"line":94,"column":null}},"type":"if","locations":[{"start":{"line":92,"column":4},"end":{"line":94,"column":null}},{"start":{},"end":{}}],"line":92},"12":{"loc":{"start":{"line":146,"column":2},"end":{"line":146,"column":null}},"type":"default-arg","locations":[{"start":{"line":146,"column":9},"end":{"line":146,"column":null}}],"line":146},"13":{"loc":{"start":{"line":147,"column":2},"end":{"line":147,"column":null}},"type":"default-arg","locations":[{"start":{"line":147,"column":9},"end":{"line":147,"column":null}}],"line":147},"14":{"loc":{"start":{"line":251,"column":4},"end":{"line":251,"column":null}},"type":"if","locations":[{"start":{"line":251,"column":4},"end":{"line":251,"column":null}},{"start":{},"end":{}}],"line":251},"15":{"loc":{"start":{"line":252,"column":4},"end":{"line":252,"column":null}},"type":"if","locations":[{"start":{"line":252,"column":4},"end":{"line":252,"column":null}},{"start":{},"end":{}}],"line":252}},"s":{"0":4,"1":4,"2":4,"3":4,"4":4,"5":15,"6":15,"7":4,"8":2,"9":4,"10":6,"11":6,"12":3,"13":1,"14":1,"15":3,"16":4,"17":15,"18":15,"19":15,"20":1,"21":15,"22":4,"23":1,"24":1,"25":5,"26":5,"27":2,"28":1,"29":5,"30":4,"31":8,"32":8,"33":4,"34":3,"35":3,"36":1,"37":1,"38":1,"39":1,"40":4,"41":2,"42":2,"43":1,"44":1,"45":1,"46":1,"47":4,"48":2,"49":2,"50":1,"51":1,"52":1,"53":1,"54":4,"55":15,"56":15,"57":1,"58":4,"59":4,"60":2,"61":2,"62":1,"63":1,"64":4,"65":1,"66":1,"67":1,"68":0,"69":4,"70":1,"71":1,"72":1,"73":0,"74":4,"75":1,"76":1,"77":1,"78":0,"79":4,"80":1,"81":1,"82":1,"83":0,"84":4,"85":1,"86":1,"87":4,"88":1,"89":1,"90":1,"91":1,"92":1,"93":1,"94":1,"95":0,"96":4,"97":1,"98":1,"99":1,"100":0,"101":4,"102":1,"103":1,"104":1,"105":0,"106":4,"107":1,"108":1,"109":1,"110":0,"111":4,"112":2,"113":2,"114":2,"115":1,"116":2,"117":1,"118":2,"119":1,"120":1,"121":1,"122":4,"123":2,"124":2,"125":1,"126":1,"127":1},"f":{"0":15,"1":2,"2":6,"3":15,"4":1,"5":5,"6":8,"7":3,"8":2,"9":2,"10":15,"11":2,"12":1,"13":1,"14":1,"15":1,"16":1,"17":1,"18":1,"19":1,"20":1,"21":2,"22":2},"b":{"0":[4,4],"1":[4,11],"2":[3,3],"3":[1,2],"4":[1,14],"5":[2,3],"6":[5,2],"7":[1,1],"8":[2,1],"9":[8,7,0],"10":[1,0],"11":[1,0],"12":[1],"13":[1],"14":[1,1],"15":[1,1]},"meta":{"lastBranch":16,"lastFunction":23,"lastStatement":128,"seen":{"s:4:17:4:Infinity":0,"b:4:17:4:50:4:50:4:Infinity":0,"s:6:12:8:Infinity":1,"s:10:21:10:Infinity":2,"s:11:35:11:Infinity":3,"s:13:6:20:Infinity":4,"f:13:6:13:25":0,"s:14:2:14:Infinity":5,"b:15:2:19:Infinity:undefined:undefined:undefined:undefined":1,"s:15:2:19:Infinity":6,"s:16:4:18:Infinity":7,"f:16:27:16:44":1,"s:17:6:17:Infinity":8,"s:22:6:31:Infinity":9,"f:22:6:22:25":2,"s:23:2:23:Infinity":10,"b:24:2:30:Infinity:undefined:undefined:undefined:undefined":2,"s:24:2:30:Infinity":11,"b:25:4:28:Infinity:undefined:undefined:undefined:undefined":3,"s:25:4:28:Infinity":12,"s:26:6:26:Infinity":13,"s:27:6:27:Infinity":14,"s:29:4:29:Infinity":15,"s:34:0:41:Infinity":16,"f:34:25:34:30":3,"s:35:2:35:Infinity":17,"s:36:16:36:Infinity":18,"b:37:2:39:Infinity:undefined:undefined:undefined:undefined":4,"s:37:2:39:Infinity":19,"s:38:4:38:Infinity":20,"s:40:2:40:Infinity":21,"s:44:0:62:Infinity":22,"f:44:26:44:Infinity":4,"s:46:4:46:Infinity":23,"s:47:4:47:Infinity":24,"f:48:2:48:Infinity":5,"s:50:4:50:Infinity":25,"b:51:4:59:Infinity:undefined:undefined:undefined:undefined":5,"s:51:4:59:Infinity":26,"b:51:8:51:26:51:26:51:57":6,"b:53:6:58:Infinity:undefined:undefined:undefined:undefined":7,"s:53:6:58:Infinity":27,"b:54:8:54:Infinity:55:8:55:Infinity":8,"s:57:8:57:Infinity":28,"s:60:4:60:Infinity":29,"s:65:6:68:Infinity":30,"f:65:6:65:33":6,"s:66:18:66:Infinity":31,"b:66:18:66:51:66:51:66:68:66:68:66:Infinity":9,"s:67:2:67:Infinity":32,"s:70:21:83:Infinity":33,"f:70:21:70:28":7,"s:71:2:82:Infinity":34,"s:72:21:72:Infinity":35,"b:73:4:75:Infinity:undefined:undefined:undefined:undefined":10,"s:73:4:75:Infinity":36,"s:74:6:74:Infinity":37,"s:76:4:76:Infinity":38,"s:78:4:81:Infinity":39,"s:85:24:102:Infinity":40,"f:85:24:85:Infinity":8,"s:90:2:101:Infinity":41,"s:91:21:91:Infinity":42,"b:92:4:94:Infinity:undefined:undefined:undefined:undefined":11,"s:92:4:94:Infinity":43,"s:93:6:93:Infinity":44,"s:95:4:95:Infinity":45,"s:97:4:100:Infinity":46,"s:104:22:113:Infinity":47,"f:104:22:104:62":9,"s:105:2:112:Infinity":48,"s:106:4:106:Infinity":49,"s:107:4:107:Infinity":50,"s:108:4:108:Infinity":51,"s:110:4:110:Infinity":52,"s:111:4:111:Infinity":53,"s:115:21:122:Infinity":54,"f:115:21:115:61":10,"s:116:2:121:Infinity":55,"s:117:21:117:Infinity":56,"s:118:4:118:Infinity":57,"s:120:4:120:Infinity":58,"s:124:27:131:Infinity":59,"f:124:27:124:72":11,"s:125:2:130:Infinity":60,"s:126:21:126:Infinity":61,"s:127:4:127:Infinity":62,"s:129:4:129:Infinity":63,"s:133:27:140:Infinity":64,"f:133:27:133:34":12,"s:134:2:139:Infinity":65,"s:135:21:135:Infinity":66,"s:136:4:136:Infinity":67,"s:138:4:138:Infinity":68,"s:142:28:157:Infinity":69,"f:142:28:142:Infinity":13,"b:146:9:146:Infinity":12,"b:147:9:147:Infinity":13,"s:149:2:156:Infinity":70,"s:150:21:152:Infinity":71,"s:153:4:153:Infinity":72,"s:155:4:155:Infinity":73,"s:159:30:173:Infinity":74,"f:159:30:159:Infinity":14,"s:164:2:172:Infinity":75,"s:165:21:168:Infinity":76,"s:169:4:169:Infinity":77,"s:171:4:171:Infinity":78,"s:175:30:182:Infinity":79,"f:175:30:175:37":15,"s:176:2:181:Infinity":80,"s:177:21:177:Infinity":81,"s:178:4:178:Infinity":82,"s:180:4:180:Infinity":83,"s:184:33:187:Infinity":84,"f:184:33:184:59":16,"s:185:19:185:Infinity":85,"s:186:2:186:Infinity":86,"s:189:30:209:Infinity":87,"f:189:30:189:Infinity":17,"s:195:2:208:Infinity":88,"s:196:21:196:Infinity":89,"s:197:4:197:Infinity":90,"s:198:4:198:Infinity":91,"s:199:4:199:Infinity":92,"s:202:21:204:Infinity":93,"s:205:4:205:Infinity":94,"s:207:4:207:Infinity":95,"s:211:39:218:Infinity":96,"f:211:39:211:46":18,"s:212:2:217:Infinity":97,"s:213:4:213:Infinity":98,"s:214:4:214:Infinity":99,"s:216:4:216:Infinity":100,"s:220:34:230:Infinity":101,"f:220:34:220:Infinity":19,"s:224:2:229:Infinity":102,"s:225:4:225:Infinity":103,"s:226:4:226:Infinity":104,"s:228:4:228:Infinity":105,"s:232:29:243:Infinity":106,"f:232:29:232:Infinity":20,"s:237:2:242:Infinity":107,"s:238:4:238:Infinity":108,"s:239:4:239:Infinity":109,"s:241:4:241:Infinity":110,"s:245:28:259:Infinity":111,"f:245:28:245:Infinity":21,"s:249:2:258:Infinity":112,"s:250:24:250:Infinity":113,"b:251:4:251:Infinity:undefined:undefined:undefined:undefined":14,"s:251:4:251:Infinity":114,"s:251:16:251:Infinity":115,"b:252:4:252:Infinity:undefined:undefined:undefined:undefined":15,"s:252:4:252:Infinity":116,"s:252:16:252:Infinity":117,"s:253:21:253:Infinity":118,"s:254:4:254:Infinity":119,"s:256:4:256:Infinity":120,"s:257:4:257:Infinity":121,"s:261:34:269:Infinity":122,"f:261:34:261:60":22,"s:262:2:268:Infinity":123,"s:263:21:263:Infinity":124,"s:264:4:264:Infinity":125,"s:266:4:266:Infinity":126,"s:267:4:267:Infinity":127},"fnNames":{}}}
}
